<?xml version="1.0" encoding="UTF-8"?>
<coverage generated="1758475745737" clover="3.2.0">
  <project timestamp="1758475745737" name="All files">
    <metrics statements="1869" coveredstatements="269" conditionals="1143" coveredconditionals="19" methods="187" coveredmethods="10" elements="3199" coveredelements="298" complexity="0" loc="1869" ncloc="1869" packages="1" files="1" classes="1"/>
    <file name="polytree.bundle.js" path="/home/runner/work/polytree/polytree/polytree.bundle.js">
      <metrics statements="1869" coveredstatements="269" conditionals="1143" coveredconditionals="19" methods="187" coveredmethods="10"/>
      <line num="4" count="1" type="stmt"/>
      <line num="14" count="1" type="stmt"/>
      <line num="17" count="1" type="stmt"/>
      <line num="20" count="1" type="stmt"/>
      <line num="23" count="1" type="stmt"/>
      <line num="31" count="1" type="stmt"/>
      <line num="34" count="1" type="stmt"/>
      <line num="37" count="1" type="stmt"/>
      <line num="40" count="1" type="stmt"/>
      <line num="48" count="1" type="stmt"/>
      <line num="51" count="1" type="stmt"/>
      <line num="54" count="1" type="stmt"/>
      <line num="57" count="1" type="stmt"/>
      <line num="60" count="1" type="stmt"/>
      <line num="63" count="1" type="stmt"/>
      <line num="66" count="1" type="stmt"/>
      <line num="69" count="1" type="stmt"/>
      <line num="77" count="1" type="stmt"/>
      <line num="80" count="1" type="stmt"/>
      <line num="83" count="1" type="stmt"/>
      <line num="86" count="1" type="stmt"/>
      <line num="89" count="1" type="stmt"/>
      <line num="92" count="1" type="stmt"/>
      <line num="95" count="1" type="stmt"/>
      <line num="103" count="1" type="stmt"/>
      <line num="106" count="1" type="stmt"/>
      <line num="109" count="1" type="stmt"/>
      <line num="112" count="1" type="stmt"/>
      <line num="115" count="1" type="stmt"/>
      <line num="123" count="1" type="stmt"/>
      <line num="126" count="1" type="stmt"/>
      <line num="129" count="1" type="stmt"/>
      <line num="132" count="1" type="stmt"/>
      <line num="135" count="1" type="stmt"/>
      <line num="136" count="0" type="stmt"/>
      <line num="140" count="1" type="stmt"/>
      <line num="143" count="1" type="stmt"/>
      <line num="151" count="1" type="stmt"/>
      <line num="154" count="1" type="stmt"/>
      <line num="157" count="1" type="stmt"/>
      <line num="160" count="1" type="stmt"/>
      <line num="163" count="1" type="stmt"/>
      <line num="171" count="1" type="stmt"/>
      <line num="174" count="1" type="stmt"/>
      <line num="177" count="1" type="stmt"/>
      <line num="180" count="1" type="stmt"/>
      <line num="183" count="1" type="stmt"/>
      <line num="186" count="1" type="stmt"/>
      <line num="188" count="1" type="stmt"/>
      <line num="191" count="1" type="stmt"/>
      <line num="193" count="1" type="stmt"/>
      <line num="201" count="1" type="stmt"/>
      <line num="209" count="1" type="stmt"/>
      <line num="212" count="1" type="stmt"/>
      <line num="215" count="1" type="stmt"/>
      <line num="218" count="1" type="stmt"/>
      <line num="221" count="1" type="stmt"/>
      <line num="223" count="1" type="stmt"/>
      <line num="225" count="1" type="stmt"/>
      <line num="227" count="1" type="stmt"/>
      <line num="235" count="1" type="cond" truecount="3" falsecount="1"/>
      <line num="237" count="1" type="stmt"/>
      <line num="238" count="1" type="stmt"/>
      <line num="239" count="1" type="stmt"/>
      <line num="240" count="1" type="stmt"/>
      <line num="242" count="1" type="stmt"/>
      <line num="243" count="1" type="stmt"/>
      <line num="244" count="1" type="stmt"/>
      <line num="245" count="1" type="stmt"/>
      <line num="247" count="1" type="stmt"/>
      <line num="248" count="1" type="stmt"/>
      <line num="249" count="1" type="stmt"/>
      <line num="250" count="1" type="stmt"/>
      <line num="251" count="1" type="stmt"/>
      <line num="252" count="1" type="stmt"/>
      <line num="253" count="1" type="stmt"/>
      <line num="254" count="1" type="stmt"/>
      <line num="256" count="1" type="stmt"/>
      <line num="257" count="1" type="stmt"/>
      <line num="258" count="1" type="stmt"/>
      <line num="259" count="1" type="stmt"/>
      <line num="260" count="1" type="stmt"/>
      <line num="261" count="1" type="stmt"/>
      <line num="262" count="1" type="stmt"/>
      <line num="264" count="1" type="stmt"/>
      <line num="265" count="1" type="stmt"/>
      <line num="266" count="1" type="stmt"/>
      <line num="267" count="1" type="stmt"/>
      <line num="268" count="1" type="stmt"/>
      <line num="270" count="1" type="stmt"/>
      <line num="271" count="1" type="stmt"/>
      <line num="272" count="1" type="stmt"/>
      <line num="273" count="1" type="stmt"/>
      <line num="274" count="1" type="stmt"/>
      <line num="275" count="1" type="stmt"/>
      <line num="277" count="1" type="stmt"/>
      <line num="278" count="1" type="stmt"/>
      <line num="279" count="1" type="stmt"/>
      <line num="280" count="1" type="stmt"/>
      <line num="281" count="1" type="stmt"/>
      <line num="283" count="1" type="stmt"/>
      <line num="284" count="1" type="stmt"/>
      <line num="285" count="1" type="stmt"/>
      <line num="286" count="1" type="stmt"/>
      <line num="287" count="1" type="stmt"/>
      <line num="288" count="1" type="stmt"/>
      <line num="289" count="1" type="stmt"/>
      <line num="290" count="1" type="stmt"/>
      <line num="291" count="1" type="stmt"/>
      <line num="293" count="1" type="stmt"/>
      <line num="295" count="1" type="stmt"/>
      <line num="296" count="1" type="stmt"/>
      <line num="297" count="1" type="stmt"/>
      <line num="298" count="1" type="stmt"/>
      <line num="299" count="1" type="stmt"/>
      <line num="300" count="1" type="stmt"/>
      <line num="301" count="1" type="stmt"/>
      <line num="302" count="1" type="stmt"/>
      <line num="313" count="1" type="stmt"/>
      <line num="314" count="4" type="stmt"/>
      <line num="318" count="5" type="stmt"/>
      <line num="319" count="5" type="stmt"/>
      <line num="328" count="1" type="stmt"/>
      <line num="329" count="3" type="stmt"/>
      <line num="333" count="1003" type="stmt"/>
      <line num="334" count="1003" type="stmt"/>
      <line num="335" count="1003" type="stmt"/>
      <line num="347" count="1" type="stmt"/>
      <line num="348" count="534" type="stmt"/>
      <line num="356" count="1" type="cond" truecount="1" falsecount="0"/>
      <line num="357" count="4" type="stmt"/>
      <line num="358" count="3" type="stmt"/>
      <line num="359" count="3" type="stmt"/>
      <line num="360" count="3" type="stmt"/>
      <line num="368" count="1" type="stmt"/>
      <line num="369" count="5" type="stmt"/>
      <line num="385" count="1" type="cond" truecount="0" falsecount="1"/>
      <line num="387" count="0" type="stmt"/>
      <line num="391" count="0" type="stmt"/>
      <line num="392" count="0" type="stmt"/>
      <line num="394" count="0" type="cond" truecount="0" falsecount="4"/>
      <line num="395" count="0" type="stmt"/>
      <line num="396" count="0" type="cond" truecount="0" falsecount="4"/>
      <line num="397" count="0" type="stmt"/>
      <line num="398" count="0" type="stmt"/>
      <line num="401" count="0" type="cond" truecount="0" falsecount="4"/>
      <line num="403" count="0" type="cond" truecount="0" falsecount="2"/>
      <line num="404" count="0" type="stmt"/>
      <line num="405" count="0" type="stmt"/>
      <line num="407" count="0" type="stmt"/>
      <line num="408" count="0" type="stmt"/>
      <line num="409" count="0" type="stmt"/>
      <line num="411" count="0" type="stmt"/>
      <line num="412" count="0" type="stmt"/>
      <line num="413" count="0" type="stmt"/>
      <line num="415" count="0" type="stmt"/>
      <line num="416" count="0" type="stmt"/>
      <line num="418" count="0" type="cond" truecount="0" falsecount="4"/>
      <line num="419" count="0" type="stmt"/>
      <line num="420" count="0" type="stmt"/>
      <line num="421" count="0" type="stmt"/>
      <line num="422" count="0" type="stmt"/>
      <line num="423" count="0" type="stmt"/>
      <line num="425" count="0" type="cond" truecount="0" falsecount="2"/>
      <line num="426" count="0" type="stmt"/>
      <line num="429" count="0" type="cond" truecount="0" falsecount="2"/>
      <line num="430" count="0" type="cond" truecount="0" falsecount="2"/>
      <line num="433" count="0" type="cond" truecount="0" falsecount="2"/>
      <line num="434" count="0" type="stmt"/>
      <line num="435" count="0" type="stmt"/>
      <line num="436" count="0" type="stmt"/>
      <line num="437" count="0" type="stmt"/>
      <line num="441" count="0" type="cond" truecount="0" falsecount="2"/>
      <line num="442" count="0" type="cond" truecount="0" falsecount="2"/>
      <line num="443" count="0" type="stmt"/>
      <line num="444" count="0" type="cond" truecount="0" falsecount="4"/>
      <line num="445" count="0" type="stmt"/>
      <line num="451" count="0" type="stmt"/>
      <line num="458" count="0" type="cond" truecount="0" falsecount="2"/>
      <line num="459" count="0" type="cond" truecount="0" falsecount="2"/>
      <line num="460" count="0" type="stmt"/>
      <line num="461" count="0" type="cond" truecount="0" falsecount="4"/>
      <line num="462" count="0" type="stmt"/>
      <line num="468" count="0" type="stmt"/>
      <line num="476" count="0" type="cond" truecount="0" falsecount="2"/>
      <line num="477" count="0" type="stmt"/>
      <line num="479" count="0" type="stmt"/>
      <line num="486" count="1" type="stmt"/>
      <line num="488" count="0" type="stmt"/>
      <line num="490" count="0" type="cond" truecount="0" falsecount="2"/>
      <line num="491" count="0" type="stmt"/>
      <line num="492" count="0" type="cond" truecount="0" falsecount="4"/>
      <line num="493" count="0" type="stmt"/>
      <line num="494" count="0" type="stmt"/>
      <line num="495" count="0" type="stmt"/>
      <line num="496" count="0" type="stmt"/>
      <line num="497" count="0" type="stmt"/>
      <line num="501" count="0" type="cond" truecount="0" falsecount="2"/>
      <line num="502" count="0" type="stmt"/>
      <line num="504" count="0" type="stmt"/>
      <line num="507" count="0" type="stmt"/>
      <line num="518" count="1" type="stmt"/>
      <line num="520" count="0" type="stmt"/>
      <line num="522" count="0" type="stmt"/>
      <line num="523" count="0" type="stmt"/>
      <line num="524" count="0" type="stmt"/>
      <line num="525" count="0" type="stmt"/>
      <line num="526" count="0" type="stmt"/>
      <line num="527" count="0" type="stmt"/>
      <line num="528" count="0" type="stmt"/>
      <line num="530" count="0" type="stmt"/>
      <line num="531" count="0" type="stmt"/>
      <line num="532" count="0" type="stmt"/>
      <line num="535" count="0" type="stmt"/>
      <line num="536" count="0" type="stmt"/>
      <line num="546" count="1" type="stmt"/>
      <line num="548" count="0" type="stmt"/>
      <line num="549" count="0" type="stmt"/>
      <line num="550" count="0" type="stmt"/>
      <line num="552" count="0" type="cond" truecount="0" falsecount="2"/>
      <line num="553" count="0" type="cond" truecount="0" falsecount="2"/>
      <line num="555" count="0" type="cond" truecount="0" falsecount="4"/>
      <line num="556" count="0" type="stmt"/>
      <line num="557" count="0" type="stmt"/>
      <line num="558" count="0" type="cond" truecount="0" falsecount="2"/>
      <line num="559" count="0" type="stmt"/>
      <line num="560" count="0" type="stmt"/>
      <line num="565" count="0" type="stmt"/>
      <line num="567" count="0" type="stmt"/>
      <line num="574" count="1" type="stmt"/>
      <line num="576" count="3" type="stmt"/>
      <line num="577" count="3" type="stmt"/>
      <line num="578" count="3" type="stmt"/>
      <line num="579" count="3" type="cond" truecount="2" falsecount="2"/>
      <line num="580" count="3" type="stmt"/>
      <line num="582" count="3" type="stmt"/>
      <line num="583" count="3" type="stmt"/>
      <line num="584" count="3" type="stmt"/>
      <line num="586" count="3" type="stmt"/>
      <line num="587" count="3" type="stmt"/>
      <line num="588" count="3" type="stmt"/>
      <line num="590" count="3" type="stmt"/>
      <line num="591" count="3" type="stmt"/>
      <line num="592" count="3" type="stmt"/>
      <line num="594" count="3" type="stmt"/>
      <line num="606" count="1" type="cond" truecount="1" falsecount="0"/>
      <line num="609" count="5" type="stmt"/>
      <line num="610" count="5" type="stmt"/>
      <line num="612" count="5" type="stmt"/>
      <line num="613" count="5" type="stmt"/>
      <line num="615" count="5" type="cond" truecount="4" falsecount="0"/>
      <line num="616" count="1" type="stmt"/>
      <line num="618" count="4" type="stmt"/>
      <line num="619" count="4" type="stmt"/>
      <line num="620" count="4" type="stmt"/>
      <line num="622" count="4" type="cond" truecount="4" falsecount="0"/>
      <line num="623" count="1" type="stmt"/>
      <line num="625" count="3" type="stmt"/>
      <line num="626" count="3" type="stmt"/>
      <line num="628" count="3" type="cond" truecount="3" falsecount="1"/>
      <line num="629" count="0" type="stmt"/>
      <line num="632" count="3" type="stmt"/>
      <line num="634" count="3" type="cond" truecount="1" falsecount="1"/>
      <line num="635" count="3" type="stmt"/>
      <line num="637" count="0" type="stmt"/>
      <line num="648" count="1" type="cond" truecount="0" falsecount="1"/>
      <line num="650" count="0" type="stmt"/>
      <line num="651" count="0" type="stmt"/>
      <line num="653" count="0" type="cond" truecount="0" falsecount="2"/>
      <line num="654" count="0" type="cond" truecount="0" falsecount="2"/>
      <line num="655" count="0" type="stmt"/>
      <line num="657" count="0" type="stmt"/>
      <line num="660" count="0" type="stmt"/>
      <line num="662" count="0" type="cond" truecount="0" falsecount="2"/>
      <line num="663" count="0" type="stmt"/>
      <line num="666" count="0" type="cond" truecount="0" falsecount="2"/>
      <line num="667" count="0" type="stmt"/>
      <line num="668" count="0" type="stmt"/>
      <line num="676" count="1" type="stmt"/>
      <line num="677" count="0" type="cond" truecount="0" falsecount="2"/>
      <line num="678" count="0" type="stmt"/>
      <line num="679" count="0" type="stmt"/>
      <line num="688" count="1" type="stmt"/>
      <line num="690" count="1" type="stmt"/>
      <line num="692" count="1" type="stmt"/>
      <line num="694" count="1" type="stmt"/>
      <line num="696" count="1" type="stmt"/>
      <line num="698" count="1" type="stmt"/>
      <line num="700" count="1" type="stmt"/>
      <line num="702" count="1" type="stmt"/>
      <line num="704" count="1" type="stmt"/>
      <line num="706" count="1" type="stmt"/>
      <line num="708" count="1" type="stmt"/>
      <line num="713" count="1" type="cond" truecount="0" falsecount="3"/>
      <line num="716" count="0" type="cond" truecount="0" falsecount="2"/>
      <line num="717" count="0" type="stmt"/>
      <line num="719" count="0" type="stmt"/>
      <line num="720" count="0" type="stmt"/>
      <line num="721" count="0" type="stmt"/>
      <line num="723" count="0" type="stmt"/>
      <line num="726" count="0" type="stmt"/>
      <line num="727" count="0" type="stmt"/>
      <line num="731" count="0" type="stmt"/>
      <line num="735" count="1" type="stmt"/>
      <line num="737" count="0" type="cond" truecount="0" falsecount="2"/>
      <line num="738" count="0" type="stmt"/>
      <line num="740" count="0" type="stmt"/>
      <line num="741" count="0" type="stmt"/>
      <line num="742" count="0" type="stmt"/>
      <line num="743" count="0" type="stmt"/>
      <line num="744" count="0" type="stmt"/>
      <line num="745" count="0" type="cond" truecount="0" falsecount="2"/>
      <line num="746" count="0" type="stmt"/>
      <line num="748" count="0" type="stmt"/>
      <line num="749" count="0" type="cond" truecount="0" falsecount="2"/>
      <line num="750" count="0" type="stmt"/>
      <line num="751" count="0" type="stmt"/>
      <line num="753" count="0" type="cond" truecount="0" falsecount="2"/>
      <line num="754" count="0" type="stmt"/>
      <line num="755" count="0" type="stmt"/>
      <line num="757" count="0" type="stmt"/>
      <line num="759" count="0" type="stmt"/>
      <line num="760" count="0" type="stmt"/>
      <line num="761" count="0" type="cond" truecount="0" falsecount="2"/>
      <line num="762" count="0" type="cond" truecount="0" falsecount="2"/>
      <line num="763" count="0" type="stmt"/>
      <line num="764" count="0" type="cond" truecount="0" falsecount="2"/>
      <line num="765" count="0" type="stmt"/>
      <line num="769" count="0" type="cond" truecount="0" falsecount="2"/>
      <line num="770" count="0" type="stmt"/>
      <line num="771" count="0" type="stmt"/>
      <line num="772" count="0" type="stmt"/>
      <line num="773" count="0" type="stmt"/>
      <line num="775" count="0" type="stmt"/>
      <line num="776" count="0" type="cond" truecount="0" falsecount="3"/>
      <line num="778" count="0" type="stmt"/>
      <line num="779" count="0" type="stmt"/>
      <line num="781" count="0" type="stmt"/>
      <line num="782" count="0" type="stmt"/>
      <line num="784" count="0" type="stmt"/>
      <line num="786" count="0" type="stmt"/>
      <line num="788" count="0" type="cond" truecount="0" falsecount="4"/>
      <line num="789" count="0" type="stmt"/>
      <line num="790" count="0" type="cond" truecount="0" falsecount="2"/>
      <line num="791" count="0" type="stmt"/>
      <line num="793" count="0" type="cond" truecount="0" falsecount="2"/>
      <line num="797" count="0" type="cond" truecount="0" falsecount="4"/>
      <line num="798" count="0" type="stmt"/>
      <line num="803" count="0" type="stmt"/>
      <line num="805" count="0" type="cond" truecount="0" falsecount="2"/>
      <line num="806" count="0" type="stmt"/>
      <line num="809" count="0" type="stmt"/>
      <line num="813" count="0" type="stmt"/>
      <line num="814" count="0" type="stmt"/>
      <line num="818" count="0" type="stmt"/>
      <line num="819" count="0" type="stmt"/>
      <line num="820" count="0" type="stmt"/>
      <line num="821" count="0" type="stmt"/>
      <line num="822" count="0" type="cond" truecount="0" falsecount="2"/>
      <line num="823" count="0" type="stmt"/>
      <line num="825" count="0" type="cond" truecount="0" falsecount="2"/>
      <line num="826" count="0" type="stmt"/>
      <line num="827" count="0" type="cond" truecount="0" falsecount="2"/>
      <line num="828" count="0" type="stmt"/>
      <line num="829" count="0" type="stmt"/>
      <line num="832" count="0" type="cond" truecount="0" falsecount="2"/>
      <line num="833" count="0" type="stmt"/>
      <line num="834" count="0" type="cond" truecount="0" falsecount="2"/>
      <line num="835" count="0" type="stmt"/>
      <line num="836" count="0" type="stmt"/>
      <line num="839" count="0" type="cond" truecount="0" falsecount="3"/>
      <line num="841" count="0" type="stmt"/>
      <line num="842" count="0" type="stmt"/>
      <line num="844" count="0" type="stmt"/>
      <line num="845" count="0" type="stmt"/>
      <line num="847" count="0" type="stmt"/>
      <line num="849" count="0" type="cond" truecount="0" falsecount="2"/>
      <line num="850" count="0" type="stmt"/>
      <line num="852" count="0" type="cond" truecount="0" falsecount="4"/>
      <line num="853" count="0" type="stmt"/>
      <line num="854" count="0" type="stmt"/>
      <line num="855" count="0" type="cond" truecount="0" falsecount="2"/>
      <line num="856" count="0" type="stmt"/>
      <line num="861" count="0" type="stmt"/>
      <line num="864" count="0" type="cond" truecount="0" falsecount="4"/>
      <line num="865" count="0" type="stmt"/>
      <line num="870" count="0" type="stmt"/>
      <line num="875" count="1" type="cond" truecount="0" falsecount="1"/>
      <line num="877" count="0" type="cond" truecount="0" falsecount="2"/>
      <line num="878" count="0" type="stmt"/>
      <line num="880" count="0" type="stmt"/>
      <line num="881" count="0" type="stmt"/>
      <line num="882" count="0" type="cond" truecount="0" falsecount="2"/>
      <line num="883" count="0" type="stmt"/>
      <line num="884" count="0" type="cond" truecount="0" falsecount="2"/>
      <line num="885" count="0" type="stmt"/>
      <line num="890" count="0" type="stmt"/>
      <line num="891" count="0" type="stmt"/>
      <line num="892" count="0" type="cond" truecount="0" falsecount="2"/>
      <line num="893" count="0" type="stmt"/>
      <line num="894" count="0" type="cond" truecount="0" falsecount="2"/>
      <line num="895" count="0" type="stmt"/>
      <line num="900" count="0" type="stmt"/>
      <line num="901" count="0" type="stmt"/>
      <line num="902" count="0" type="cond" truecount="0" falsecount="2"/>
      <line num="903" count="0" type="stmt"/>
      <line num="904" count="0" type="cond" truecount="0" falsecount="2"/>
      <line num="905" count="0" type="stmt"/>
      <line num="910" count="0" type="stmt"/>
      <line num="911" count="0" type="stmt"/>
      <line num="915" count="0" type="stmt"/>
      <line num="916" count="0" type="stmt"/>
      <line num="920" count="0" type="stmt"/>
      <line num="921" count="0" type="cond" truecount="0" falsecount="2"/>
      <line num="922" count="0" type="stmt"/>
      <line num="923" count="0" type="cond" truecount="0" falsecount="2"/>
      <line num="924" count="0" type="stmt"/>
      <line num="929" count="0" type="cond" truecount="0" falsecount="2"/>
      <line num="930" count="0" type="stmt"/>
      <line num="931" count="0" type="cond" truecount="0" falsecount="2"/>
      <line num="932" count="0" type="stmt"/>
      <line num="937" count="0" type="cond" truecount="0" falsecount="2"/>
      <line num="938" count="0" type="stmt"/>
      <line num="939" count="0" type="cond" truecount="0" falsecount="2"/>
      <line num="940" count="0" type="stmt"/>
      <line num="946" count="0" type="stmt"/>
      <line num="952" count="1" type="stmt"/>
      <line num="961" count="0" type="stmt"/>
      <line num="962" count="0" type="stmt"/>
      <line num="963" count="0" type="stmt"/>
      <line num="966" count="0" type="stmt"/>
      <line num="967" count="0" type="stmt"/>
      <line num="968" count="0" type="stmt"/>
      <line num="971" count="0" type="stmt"/>
      <line num="972" count="0" type="stmt"/>
      <line num="975" count="0" type="stmt"/>
      <line num="976" count="0" type="stmt"/>
      <line num="981" count="0" type="stmt"/>
      <line num="986" count="0" type="stmt"/>
      <line num="987" count="0" type="stmt"/>
      <line num="988" count="0" type="cond" truecount="0" falsecount="2"/>
      <line num="989" count="0" type="stmt"/>
      <line num="990" count="0" type="cond" truecount="0" falsecount="2"/>
      <line num="991" count="0" type="cond" truecount="0" falsecount="2"/>
      <line num="993" count="0" type="stmt"/>
      <line num="995" count="0" type="stmt"/>
      <line num="999" count="0" type="stmt"/>
      <line num="1003" count="0" type="cond" truecount="0" falsecount="2"/>
      <line num="1004" count="0" type="stmt"/>
      <line num="1006" count="0" type="cond" truecount="0" falsecount="2"/>
      <line num="1007" count="0" type="stmt"/>
      <line num="1008" count="0" type="cond" truecount="0" falsecount="4"/>
      <line num="1009" count="0" type="stmt"/>
      <line num="1010" count="0" type="stmt"/>
      <line num="1019" count="0" type="stmt"/>
      <line num="1024" count="0" type="cond" truecount="0" falsecount="2"/>
      <line num="1025" count="0" type="stmt"/>
      <line num="1027" count="0" type="stmt"/>
      <line num="1028" count="0" type="cond" truecount="0" falsecount="2"/>
      <line num="1029" count="0" type="stmt"/>
      <line num="1031" count="0" type="stmt"/>
      <line num="1032" count="0" type="cond" truecount="0" falsecount="2"/>
      <line num="1033" count="0" type="stmt"/>
      <line num="1035" count="0" type="cond" truecount="0" falsecount="2"/>
      <line num="1036" count="0" type="stmt"/>
      <line num="1038" count="0" type="cond" truecount="0" falsecount="2"/>
      <line num="1039" count="0" type="stmt"/>
      <line num="1041" count="0" type="cond" truecount="0" falsecount="2"/>
      <line num="1042" count="0" type="cond" truecount="0" falsecount="2"/>
      <line num="1043" count="0" type="cond" truecount="0" falsecount="2"/>
      <line num="1044" count="0" type="cond" truecount="0" falsecount="4"/>
      <line num="1045" count="0" type="stmt"/>
      <line num="1046" count="0" type="stmt"/>
      <line num="1049" count="0" type="stmt"/>
      <line num="1056" count="0" type="stmt"/>
      <line num="1061" count="0" type="stmt"/>
      <line num="1066" count="0" type="stmt"/>
      <line num="1073" count="0" type="cond" truecount="0" falsecount="2"/>
      <line num="1074" count="0" type="stmt"/>
      <line num="1076" count="0" type="cond" truecount="0" falsecount="2"/>
      <line num="1077" count="0" type="stmt"/>
      <line num="1079" count="0" type="stmt"/>
      <line num="1086" count="0" type="cond" truecount="0" falsecount="2"/>
      <line num="1087" count="0" type="stmt"/>
      <line num="1089" count="0" type="stmt"/>
      <line num="1090" count="0" type="cond" truecount="0" falsecount="2"/>
      <line num="1091" count="0" type="stmt"/>
      <line num="1101" count="0" type="cond" truecount="0" falsecount="2"/>
      <line num="1102" count="0" type="stmt"/>
      <line num="1104" count="0" type="stmt"/>
      <line num="1105" count="0" type="cond" truecount="0" falsecount="4"/>
      <line num="1106" count="0" type="stmt"/>
      <line num="1109" count="0" type="stmt"/>
      <line num="1110" count="0" type="stmt"/>
      <line num="1111" count="0" type="stmt"/>
      <line num="1112" count="0" type="stmt"/>
      <line num="1113" count="0" type="stmt"/>
      <line num="1118" count="0" type="cond" truecount="0" falsecount="2"/>
      <line num="1119" count="0" type="stmt"/>
      <line num="1121" count="0" type="stmt"/>
      <line num="1122" count="0" type="stmt"/>
      <line num="1123" count="0" type="stmt"/>
      <line num="1124" count="0" type="stmt"/>
      <line num="1125" count="0" type="stmt"/>
      <line num="1126" count="0" type="stmt"/>
      <line num="1127" count="0" type="stmt"/>
      <line num="1128" count="0" type="stmt"/>
      <line num="1129" count="0" type="stmt"/>
      <line num="1138" count="0" type="stmt"/>
      <line num="1139" count="0" type="cond" truecount="0" falsecount="2"/>
      <line num="1140" count="0" type="stmt"/>
      <line num="1142" count="0" type="stmt"/>
      <line num="1144" count="0" type="stmt"/>
      <line num="1145" count="0" type="stmt"/>
      <line num="1146" count="0" type="stmt"/>
      <line num="1147" count="0" type="stmt"/>
      <line num="1148" count="0" type="stmt"/>
      <line num="1149" count="0" type="stmt"/>
      <line num="1150" count="0" type="stmt"/>
      <line num="1151" count="0" type="stmt"/>
      <line num="1152" count="0" type="stmt"/>
      <line num="1157" count="0" type="stmt"/>
      <line num="1158" count="0" type="stmt"/>
      <line num="1159" count="0" type="stmt"/>
      <line num="1160" count="0" type="cond" truecount="0" falsecount="4"/>
      <line num="1161" count="0" type="cond" truecount="0" falsecount="2"/>
      <line num="1162" count="0" type="stmt"/>
      <line num="1163" count="0" type="stmt"/>
      <line num="1166" count="0" type="cond" truecount="0" falsecount="2"/>
      <line num="1167" count="0" type="stmt"/>
      <line num="1171" count="0" type="cond" truecount="0" falsecount="4"/>
      <line num="1172" count="0" type="stmt"/>
      <line num="1173" count="0" type="stmt"/>
      <line num="1175" count="0" type="cond" truecount="0" falsecount="4"/>
      <line num="1176" count="0" type="stmt"/>
      <line num="1178" count="0" type="stmt"/>
      <line num="1180" count="0" type="stmt"/>
      <line num="1184" count="0" type="stmt"/>
      <line num="1185" count="0" type="stmt"/>
      <line num="1186" count="0" type="stmt"/>
      <line num="1187" count="0" type="stmt"/>
      <line num="1193" count="0" type="cond" truecount="0" falsecount="2"/>
      <line num="1194" count="0" type="stmt"/>
      <line num="1195" count="0" type="cond" truecount="0" falsecount="4"/>
      <line num="1196" count="0" type="stmt"/>
      <line num="1197" count="0" type="stmt"/>
      <line num="1198" count="0" type="stmt"/>
      <line num="1200" count="0" type="stmt"/>
      <line num="1202" count="0" type="stmt"/>
      <line num="1203" count="0" type="cond" truecount="0" falsecount="4"/>
      <line num="1204" count="0" type="stmt"/>
      <line num="1206" count="0" type="stmt"/>
      <line num="1211" count="0" type="cond" truecount="0" falsecount="4"/>
      <line num="1212" count="0" type="stmt"/>
      <line num="1213" count="0" type="stmt"/>
      <line num="1214" count="0" type="stmt"/>
      <line num="1215" count="0" type="stmt"/>
      <line num="1224" count="0" type="cond" truecount="0" falsecount="2"/>
      <line num="1225" count="0" type="cond" truecount="0" falsecount="2"/>
      <line num="1226" count="0" type="stmt"/>
      <line num="1227" count="0" type="cond" truecount="0" falsecount="2"/>
      <line num="1228" count="0" type="cond" truecount="0" falsecount="4"/>
      <line num="1229" count="0" type="stmt"/>
      <line num="1232" count="0" type="cond" truecount="0" falsecount="4"/>
      <line num="1233" count="0" type="stmt"/>
      <line num="1234" count="0" type="cond" truecount="0" falsecount="5"/>
      <line num="1235" count="0" type="stmt"/>
      <line num="1237" count="0" type="cond" truecount="0" falsecount="2"/>
      <line num="1238" count="0" type="stmt"/>
      <line num="1243" count="0" type="cond" truecount="0" falsecount="4"/>
      <line num="1244" count="0" type="stmt"/>
      <line num="1246" count="0" type="stmt"/>
      <line num="1252" count="0" type="cond" truecount="0" falsecount="2"/>
      <line num="1253" count="0" type="cond" truecount="0" falsecount="4"/>
      <line num="1254" count="0" type="cond" truecount="0" falsecount="4"/>
      <line num="1255" count="0" type="cond" truecount="0" falsecount="2"/>
      <line num="1256" count="0" type="stmt"/>
      <line num="1261" count="0" type="cond" truecount="0" falsecount="2"/>
      <line num="1262" count="0" type="stmt"/>
      <line num="1264" count="0" type="cond" truecount="0" falsecount="4"/>
      <line num="1265" count="0" type="cond" truecount="0" falsecount="2"/>
      <line num="1266" count="0" type="stmt"/>
      <line num="1269" count="0" type="stmt"/>
      <line num="1276" count="0" type="cond" truecount="0" falsecount="2"/>
      <line num="1277" count="0" type="stmt"/>
      <line num="1279" count="0" type="stmt"/>
      <line num="1280" count="0" type="stmt"/>
      <line num="1281" count="0" type="cond" truecount="0" falsecount="4"/>
      <line num="1282" count="0" type="stmt"/>
      <line num="1283" count="0" type="cond" truecount="0" falsecount="2"/>
      <line num="1284" count="0" type="stmt"/>
      <line num="1285" count="0" type="cond" truecount="0" falsecount="2"/>
      <line num="1286" count="0" type="stmt"/>
      <line num="1287" count="0" type="stmt"/>
      <line num="1288" count="0" type="cond" truecount="0" falsecount="4"/>
      <line num="1289" count="0" type="stmt"/>
      <line num="1291" count="0" type="stmt"/>
      <line num="1299" count="0" type="stmt"/>
      <line num="1300" count="0" type="cond" truecount="0" falsecount="2"/>
      <line num="1301" count="0" type="stmt"/>
      <line num="1302" count="0" type="cond" truecount="0" falsecount="2"/>
      <line num="1303" count="0" type="stmt"/>
      <line num="1305" count="0" type="cond" truecount="0" falsecount="2"/>
      <line num="1306" count="0" type="stmt"/>
      <line num="1315" count="0" type="cond" truecount="0" falsecount="2"/>
      <line num="1316" count="0" type="stmt"/>
      <line num="1321" count="0" type="stmt"/>
      <line num="1323" count="0" type="cond" truecount="0" falsecount="2"/>
      <line num="1324" count="0" type="stmt"/>
      <line num="1325" count="0" type="cond" truecount="0" falsecount="4"/>
      <line num="1326" count="0" type="cond" truecount="0" falsecount="4"/>
      <line num="1327" count="0" type="stmt"/>
      <line num="1329" count="0" type="stmt"/>
      <line num="1332" count="0" type="stmt"/>
      <line num="1335" count="0" type="stmt"/>
      <line num="1340" count="0" type="stmt"/>
      <line num="1342" count="0" type="cond" truecount="0" falsecount="2"/>
      <line num="1343" count="0" type="stmt"/>
      <line num="1344" count="0" type="cond" truecount="0" falsecount="4"/>
      <line num="1345" count="0" type="cond" truecount="0" falsecount="2"/>
      <line num="1346" count="0" type="cond" truecount="0" falsecount="2"/>
      <line num="1347" count="0" type="stmt"/>
      <line num="1349" count="0" type="stmt"/>
      <line num="1352" count="0" type="stmt"/>
      <line num="1355" count="0" type="stmt"/>
      <line num="1358" count="0" type="stmt"/>
      <line num="1363" count="0" type="stmt"/>
      <line num="1364" count="0" type="cond" truecount="0" falsecount="2"/>
      <line num="1365" count="0" type="stmt"/>
      <line num="1366" count="0" type="stmt"/>
      <line num="1377" count="0" type="cond" truecount="0" falsecount="2"/>
      <line num="1378" count="0" type="stmt"/>
      <line num="1380" count="0" type="cond" truecount="0" falsecount="2"/>
      <line num="1381" count="0" type="stmt"/>
      <line num="1382" count="0" type="cond" truecount="0" falsecount="2"/>
      <line num="1383" count="0" type="cond" truecount="0" falsecount="2"/>
      <line num="1384" count="0" type="stmt"/>
      <line num="1386" count="0" type="stmt"/>
      <line num="1388" count="0" type="stmt"/>
      <line num="1391" count="0" type="stmt"/>
      <line num="1392" count="0" type="cond" truecount="0" falsecount="4"/>
      <line num="1393" count="0" type="stmt"/>
      <line num="1395" count="0" type="stmt"/>
      <line num="1403" count="0" type="stmt"/>
      <line num="1405" count="0" type="cond" truecount="0" falsecount="2"/>
      <line num="1406" count="0" type="stmt"/>
      <line num="1407" count="0" type="cond" truecount="0" falsecount="2"/>
      <line num="1409" count="0" type="stmt"/>
      <line num="1411" count="0" type="stmt"/>
      <line num="1412" count="0" type="cond" truecount="0" falsecount="4"/>
      <line num="1413" count="0" type="cond" truecount="0" falsecount="2"/>
      <line num="1414" count="0" type="stmt"/>
      <line num="1415" count="0" type="cond" truecount="0" falsecount="6"/>
      <line num="1416" count="0" type="stmt"/>
      <line num="1417" count="0" type="stmt"/>
      <line num="1418" count="0" type="stmt"/>
      <line num="1419" count="0" type="stmt"/>
      <line num="1420" count="0" type="stmt"/>
      <line num="1422" count="0" type="stmt"/>
      <line num="1423" count="0" type="stmt"/>
      <line num="1425" count="0" type="stmt"/>
      <line num="1426" count="0" type="cond" truecount="0" falsecount="4"/>
      <line num="1427" count="0" type="cond" truecount="0" falsecount="2"/>
      <line num="1428" count="0" type="stmt"/>
      <line num="1429" count="0" type="stmt"/>
      <line num="1431" count="0" type="stmt"/>
      <line num="1434" count="0" type="cond" truecount="0" falsecount="2"/>
      <line num="1435" count="0" type="stmt"/>
      <line num="1436" count="0" type="cond" truecount="0" falsecount="2"/>
      <line num="1437" count="0" type="stmt"/>
      <line num="1438" count="0" type="stmt"/>
      <line num="1441" count="0" type="cond" truecount="0" falsecount="2"/>
      <line num="1442" count="0" type="stmt"/>
      <line num="1447" count="0" type="cond" truecount="0" falsecount="2"/>
      <line num="1448" count="0" type="stmt"/>
      <line num="1449" count="0" type="stmt"/>
      <line num="1453" count="0" type="cond" truecount="0" falsecount="2"/>
      <line num="1454" count="0" type="stmt"/>
      <line num="1455" count="0" type="cond" truecount="0" falsecount="2"/>
      <line num="1456" count="0" type="stmt"/>
      <line num="1457" count="0" type="stmt"/>
      <line num="1459" count="0" type="cond" truecount="0" falsecount="2"/>
      <line num="1460" count="0" type="stmt"/>
      <line num="1470" count="0" type="cond" truecount="0" falsecount="2"/>
      <line num="1471" count="0" type="stmt"/>
      <line num="1473" count="0" type="stmt"/>
      <line num="1475" count="0" type="cond" truecount="0" falsecount="2"/>
      <line num="1476" count="0" type="stmt"/>
      <line num="1477" count="0" type="stmt"/>
      <line num="1479" count="0" type="cond" truecount="0" falsecount="2"/>
      <line num="1480" count="0" type="cond" truecount="0" falsecount="2"/>
      <line num="1481" count="0" type="stmt"/>
      <line num="1482" count="0" type="cond" truecount="0" falsecount="2"/>
      <line num="1483" count="0" type="stmt"/>
      <line num="1484" count="0" type="stmt"/>
      <line num="1486" count="0" type="cond" truecount="0" falsecount="2"/>
      <line num="1487" count="0" type="stmt"/>
      <line num="1498" count="0" type="cond" truecount="0" falsecount="2"/>
      <line num="1499" count="0" type="stmt"/>
      <line num="1501" count="0" type="stmt"/>
      <line num="1506" count="0" type="stmt"/>
      <line num="1507" count="0" type="cond" truecount="0" falsecount="2"/>
      <line num="1508" count="0" type="stmt"/>
      <line num="1509" count="0" type="stmt"/>
      <line num="1517" count="0" type="stmt"/>
      <line num="1518" count="0" type="cond" truecount="0" falsecount="2"/>
      <line num="1519" count="0" type="stmt"/>
      <line num="1520" count="0" type="stmt"/>
      <line num="1530" count="0" type="cond" truecount="0" falsecount="2"/>
      <line num="1531" count="0" type="stmt"/>
      <line num="1532" count="0" type="cond" truecount="0" falsecount="3"/>
      <line num="1534" count="0" type="stmt"/>
      <line num="1535" count="0" type="stmt"/>
      <line num="1536" count="0" type="cond" truecount="0" falsecount="2"/>
      <line num="1537" count="0" type="stmt"/>
      <line num="1539" count="0" type="cond" truecount="0" falsecount="2"/>
      <line num="1540" count="0" type="stmt"/>
      <line num="1542" count="0" type="stmt"/>
      <line num="1543" count="0" type="cond" truecount="0" falsecount="2"/>
      <line num="1544" count="0" type="cond" truecount="0" falsecount="4"/>
      <line num="1545" count="0" type="stmt"/>
      <line num="1546" count="0" type="stmt"/>
      <line num="1547" count="0" type="cond" truecount="0" falsecount="2"/>
      <line num="1548" count="0" type="cond" truecount="0" falsecount="4"/>
      <line num="1549" count="0" type="stmt"/>
      <line num="1550" count="0" type="stmt"/>
      <line num="1551" count="0" type="stmt"/>
      <line num="1552" count="0" type="stmt"/>
      <line num="1554" count="0" type="stmt"/>
      <line num="1555" count="0" type="stmt"/>
      <line num="1557" count="0" type="stmt"/>
      <line num="1559" count="0" type="cond" truecount="0" falsecount="2"/>
      <line num="1560" count="0" type="stmt"/>
      <line num="1561" count="0" type="stmt"/>
      <line num="1562" count="0" type="stmt"/>
      <line num="1563" count="0" type="stmt"/>
      <line num="1564" count="0" type="stmt"/>
      <line num="1566" count="0" type="cond" truecount="0" falsecount="4"/>
      <line num="1567" count="0" type="stmt"/>
      <line num="1568" count="0" type="stmt"/>
      <line num="1574" count="0" type="stmt"/>
      <line num="1576" count="0" type="stmt"/>
      <line num="1577" count="0" type="cond" truecount="0" falsecount="2"/>
      <line num="1579" count="0" type="stmt"/>
      <line num="1580" count="0" type="stmt"/>
      <line num="1581" count="0" type="stmt"/>
      <line num="1582" count="0" type="cond" truecount="0" falsecount="2"/>
      <line num="1583" count="0" type="stmt"/>
      <line num="1585" count="0" type="stmt"/>
      <line num="1586" count="0" type="cond" truecount="0" falsecount="2"/>
      <line num="1587" count="0" type="cond" truecount="0" falsecount="2"/>
      <line num="1588" count="0" type="stmt"/>
      <line num="1590" count="0" type="stmt"/>
      <line num="1591" count="0" type="cond" truecount="0" falsecount="4"/>
      <line num="1592" count="0" type="stmt"/>
      <line num="1593" count="0" type="stmt"/>
      <line num="1594" count="0" type="stmt"/>
      <line num="1595" count="0" type="cond" truecount="0" falsecount="2"/>
      <line num="1596" count="0" type="cond" truecount="0" falsecount="2"/>
      <line num="1597" count="0" type="stmt"/>
      <line num="1600" count="0" type="cond" truecount="0" falsecount="4"/>
      <line num="1601" count="0" type="cond" truecount="0" falsecount="4"/>
      <line num="1602" count="0" type="stmt"/>
      <line num="1603" count="0" type="stmt"/>
      <line num="1604" count="0" type="cond" truecount="0" falsecount="2"/>
      <line num="1605" count="0" type="cond" truecount="0" falsecount="2"/>
      <line num="1606" count="0" type="stmt"/>
      <line num="1607" count="0" type="stmt"/>
      <line num="1613" count="0" type="stmt"/>
      <line num="1614" count="0" type="stmt"/>
      <line num="1615" count="0" type="stmt"/>
      <line num="1616" count="0" type="stmt"/>
      <line num="1617" count="0" type="cond" truecount="0" falsecount="2"/>
      <line num="1618" count="0" type="cond" truecount="0" falsecount="2"/>
      <line num="1619" count="0" type="stmt"/>
      <line num="1622" count="0" type="cond" truecount="0" falsecount="4"/>
      <line num="1623" count="0" type="cond" truecount="0" falsecount="4"/>
      <line num="1624" count="0" type="stmt"/>
      <line num="1625" count="0" type="stmt"/>
      <line num="1626" count="0" type="stmt"/>
      <line num="1627" count="0" type="stmt"/>
      <line num="1628" count="0" type="cond" truecount="0" falsecount="2"/>
      <line num="1629" count="0" type="cond" truecount="0" falsecount="2"/>
      <line num="1630" count="0" type="stmt"/>
      <line num="1631" count="0" type="stmt"/>
      <line num="1639" count="0" type="cond" truecount="0" falsecount="2"/>
      <line num="1640" count="0" type="stmt"/>
      <line num="1642" count="0" type="stmt"/>
      <line num="1644" count="0" type="stmt"/>
      <line num="1647" count="0" type="stmt"/>
      <line num="1648" count="0" type="cond" truecount="0" falsecount="4"/>
      <line num="1649" count="0" type="stmt"/>
      <line num="1651" count="0" type="stmt"/>
      <line num="1657" count="0" type="cond" truecount="0" falsecount="2"/>
      <line num="1658" count="0" type="stmt"/>
      <line num="1659" count="0" type="stmt"/>
      <line num="1661" count="0" type="cond" truecount="0" falsecount="2"/>
      <line num="1662" count="0" type="stmt"/>
      <line num="1664" count="0" type="cond" truecount="0" falsecount="2"/>
      <line num="1665" count="0" type="cond" truecount="0" falsecount="2"/>
      <line num="1666" count="0" type="cond" truecount="0" falsecount="4"/>
      <line num="1667" count="0" type="cond" truecount="0" falsecount="2"/>
      <line num="1668" count="0" type="stmt"/>
      <line num="1672" count="0" type="cond" truecount="0" falsecount="4"/>
      <line num="1673" count="0" type="stmt"/>
      <line num="1675" count="0" type="cond" truecount="0" falsecount="2"/>
      <line num="1676" count="0" type="stmt"/>
      <line num="1685" count="0" type="cond" truecount="0" falsecount="2"/>
      <line num="1686" count="0" type="stmt"/>
      <line num="1687" count="0" type="stmt"/>
      <line num="1689" count="0" type="stmt"/>
      <line num="1691" count="0" type="stmt"/>
      <line num="1692" count="0" type="cond" truecount="0" falsecount="4"/>
      <line num="1693" count="0" type="stmt"/>
      <line num="1695" count="0" type="stmt"/>
      <line num="1700" count="0" type="stmt"/>
      <line num="1701" count="0" type="cond" truecount="0" falsecount="2"/>
      <line num="1702" count="0" type="stmt"/>
      <line num="1703" count="0" type="stmt"/>
      <line num="1711" count="0" type="stmt"/>
      <line num="1713" count="0" type="cond" truecount="0" falsecount="2"/>
      <line num="1714" count="0" type="stmt"/>
      <line num="1715" count="0" type="cond" truecount="0" falsecount="4"/>
      <line num="1716" count="0" type="cond" truecount="0" falsecount="2"/>
      <line num="1717" count="0" type="stmt"/>
      <line num="1719" count="0" type="stmt"/>
      <line num="1722" count="0" type="stmt"/>
      <line num="1730" count="0" type="cond" truecount="0" falsecount="4"/>
      <line num="1731" count="0" type="stmt"/>
      <line num="1732" count="0" type="stmt"/>
      <line num="1734" count="0" type="stmt"/>
      <line num="1736" count="0" type="cond" truecount="0" falsecount="4"/>
      <line num="1737" count="0" type="stmt"/>
      <line num="1738" count="0" type="stmt"/>
      <line num="1740" count="0" type="stmt"/>
      <line num="1742" count="0" type="cond" truecount="0" falsecount="2"/>
      <line num="1743" count="0" type="stmt"/>
      <line num="1745" count="0" type="cond" truecount="0" falsecount="2"/>
      <line num="1746" count="0" type="cond" truecount="0" falsecount="4"/>
      <line num="1747" count="0" type="stmt"/>
      <line num="1749" count="0" type="stmt"/>
      <line num="1751" count="0" type="stmt"/>
      <line num="1752" count="0" type="stmt"/>
      <line num="1753" count="0" type="stmt"/>
      <line num="1754" count="0" type="stmt"/>
      <line num="1755" count="0" type="stmt"/>
      <line num="1760" count="0" type="stmt"/>
      <line num="1766" count="1" type="stmt"/>
      <line num="1769" count="1" type="stmt"/>
      <line num="1771" count="1" type="stmt"/>
      <line num="1773" count="1" type="stmt"/>
      <line num="1775" count="1" type="stmt"/>
      <line num="1777" count="1" type="stmt"/>
      <line num="1779" count="1" type="stmt"/>
      <line num="1782" count="1" type="stmt"/>
      <line num="1784" count="1" type="stmt"/>
      <line num="1786" count="1" type="stmt"/>
      <line num="1797" count="1" type="stmt"/>
      <line num="1799" count="0" type="stmt"/>
      <line num="1800" count="0" type="stmt"/>
      <line num="1801" count="0" type="stmt"/>
      <line num="1802" count="0" type="stmt"/>
      <line num="1803" count="0" type="stmt"/>
      <line num="1804" count="0" type="stmt"/>
      <line num="1805" count="0" type="stmt"/>
      <line num="1806" count="0" type="stmt"/>
      <line num="1807" count="0" type="stmt"/>
      <line num="1808" count="0" type="stmt"/>
      <line num="1809" count="0" type="stmt"/>
      <line num="1810" count="0" type="stmt"/>
      <line num="1812" count="0" type="cond" truecount="0" falsecount="2"/>
      <line num="1813" count="0" type="cond" truecount="0" falsecount="2"/>
      <line num="1814" count="0" type="stmt"/>
      <line num="1818" count="0" type="cond" truecount="0" falsecount="2"/>
      <line num="1819" count="0" type="cond" truecount="0" falsecount="2"/>
      <line num="1820" count="0" type="cond" truecount="0" falsecount="2"/>
      <line num="1822" count="0" type="cond" truecount="0" falsecount="2"/>
      <line num="1823" count="0" type="cond" truecount="0" falsecount="2"/>
      <line num="1828" count="0" type="cond" truecount="0" falsecount="4"/>
      <line num="1830" count="0" type="cond" truecount="0" falsecount="2"/>
      <line num="1832" count="0" type="stmt"/>
      <line num="1833" count="0" type="stmt"/>
      <line num="1834" count="0" type="stmt"/>
      <line num="1836" count="0" type="stmt"/>
      <line num="1837" count="0" type="stmt"/>
      <line num="1838" count="0" type="stmt"/>
      <line num="1840" count="0" type="cond" truecount="0" falsecount="2"/>
      <line num="1841" count="0" type="stmt"/>
      <line num="1842" count="0" type="stmt"/>
      <line num="1843" count="0" type="stmt"/>
      <line num="1846" count="0" type="cond" truecount="0" falsecount="2"/>
      <line num="1847" count="0" type="stmt"/>
      <line num="1848" count="0" type="stmt"/>
      <line num="1849" count="0" type="stmt"/>
      <line num="1853" count="0" type="stmt"/>
      <line num="1854" count="0" type="stmt"/>
      <line num="1855" count="0" type="stmt"/>
      <line num="1856" count="0" type="cond" truecount="0" falsecount="2"/>
      <line num="1857" count="0" type="cond" truecount="0" falsecount="2"/>
      <line num="1859" count="0" type="cond" truecount="0" falsecount="2"/>
      <line num="1860" count="0" type="stmt"/>
      <line num="1861" count="0" type="stmt"/>
      <line num="1863" count="0" type="cond" truecount="0" falsecount="4"/>
      <line num="1864" count="0" type="cond" truecount="0" falsecount="2"/>
      <line num="1865" count="0" type="stmt"/>
      <line num="1866" count="0" type="stmt"/>
      <line num="1867" count="0" type="stmt"/>
      <line num="1870" count="0" type="cond" truecount="0" falsecount="2"/>
      <line num="1871" count="0" type="stmt"/>
      <line num="1872" count="0" type="stmt"/>
      <line num="1874" count="0" type="stmt"/>
      <line num="1876" count="0" type="stmt"/>
      <line num="1886" count="1" type="stmt"/>
      <line num="1888" count="0" type="stmt"/>
      <line num="1889" count="0" type="stmt"/>
      <line num="1902" count="1" type="cond" truecount="0" falsecount="2"/>
      <line num="1904" count="0" type="cond" truecount="0" falsecount="2"/>
      <line num="1906" count="0" type="stmt"/>
      <line num="1909" count="0" type="cond" truecount="0" falsecount="2"/>
      <line num="1910" count="0" type="stmt"/>
      <line num="1913" count="0" type="stmt"/>
      <line num="1914" count="0" type="stmt"/>
      <line num="1915" count="0" type="stmt"/>
      <line num="1916" count="0" type="stmt"/>
      <line num="1917" count="0" type="stmt"/>
      <line num="1918" count="0" type="stmt"/>
      <line num="1919" count="0" type="stmt"/>
      <line num="1920" count="0" type="stmt"/>
      <line num="1922" count="0" type="cond" truecount="0" falsecount="2"/>
      <line num="1923" count="0" type="stmt"/>
      <line num="1925" count="0" type="stmt"/>
      <line num="1926" count="0" type="stmt"/>
      <line num="1927" count="0" type="stmt"/>
      <line num="1929" count="0" type="stmt"/>
      <line num="1930" count="0" type="stmt"/>
      <line num="1931" count="0" type="stmt"/>
      <line num="1932" count="0" type="stmt"/>
      <line num="1934" count="0" type="stmt"/>
      <line num="1935" count="0" type="stmt"/>
      <line num="1936" count="0" type="stmt"/>
      <line num="1937" count="0" type="stmt"/>
      <line num="1939" count="0" type="cond" truecount="0" falsecount="2"/>
      <line num="1944" count="0" type="cond" truecount="0" falsecount="2"/>
      <line num="1949" count="0" type="stmt"/>
      <line num="1952" count="0" type="cond" truecount="0" falsecount="5"/>
      <line num="1953" count="0" type="stmt"/>
      <line num="1955" count="0" type="stmt"/>
      <line num="1956" count="0" type="stmt"/>
      <line num="1957" count="0" type="cond" truecount="0" falsecount="4"/>
      <line num="1958" count="0" type="stmt"/>
      <line num="1959" count="0" type="stmt"/>
      <line num="1962" count="0" type="cond" truecount="0" falsecount="2"/>
      <line num="1963" count="0" type="stmt"/>
      <line num="1967" count="0" type="stmt"/>
      <line num="1968" count="0" type="stmt"/>
      <line num="1969" count="0" type="stmt"/>
      <line num="1973" count="0" type="cond" truecount="0" falsecount="4"/>
      <line num="1974" count="0" type="cond" truecount="0" falsecount="2"/>
      <line num="1975" count="0" type="stmt"/>
      <line num="1977" count="0" type="stmt"/>
      <line num="1981" count="0" type="cond" truecount="0" falsecount="2"/>
      <line num="1983" count="0" type="cond" truecount="0" falsecount="2"/>
      <line num="1984" count="0" type="stmt"/>
      <line num="1986" count="0" type="stmt"/>
      <line num="2014" count="1" type="stmt"/>
      <line num="2056" count="1" type="cond" truecount="0" falsecount="1"/>
      <line num="2059" count="0" type="cond" truecount="0" falsecount="4"/>
      <line num="2061" count="0" type="stmt"/>
      <line num="2062" count="0" type="stmt"/>
      <line num="2063" count="0" type="cond" truecount="0" falsecount="2"/>
      <line num="2064" count="0" type="stmt"/>
      <line num="2067" count="0" type="stmt"/>
      <line num="2068" count="0" type="stmt"/>
      <line num="2070" count="0" type="cond" truecount="0" falsecount="4"/>
      <line num="2071" count="0" type="stmt"/>
      <line num="2072" count="0" type="stmt"/>
      <line num="2074" count="0" type="stmt"/>
      <line num="2075" count="0" type="stmt"/>
      <line num="2077" count="0" type="cond" truecount="0" falsecount="2"/>
      <line num="2078" count="0" type="stmt"/>
      <line num="2080" count="0" type="cond" truecount="0" falsecount="2"/>
      <line num="2081" count="0" type="stmt"/>
      <line num="2085" count="0" type="stmt"/>
      <line num="2086" count="0" type="stmt"/>
      <line num="2087" count="0" type="stmt"/>
      <line num="2088" count="0" type="stmt"/>
      <line num="2102" count="1" type="cond" truecount="0" falsecount="1"/>
      <line num="2105" count="0" type="stmt"/>
      <line num="2106" count="0" type="stmt"/>
      <line num="2108" count="0" type="cond" truecount="0" falsecount="2"/>
      <line num="2110" count="0" type="stmt"/>
      <line num="2111" count="0" type="stmt"/>
      <line num="2113" count="0" type="cond" truecount="0" falsecount="2"/>
      <line num="2114" count="0" type="stmt"/>
      <line num="2115" count="0" type="stmt"/>
      <line num="2117" count="0" type="cond" truecount="0" falsecount="2"/>
      <line num="2118" count="0" type="stmt"/>
      <line num="2119" count="0" type="stmt"/>
      <line num="2124" count="0" type="stmt"/>
      <line num="2125" count="0" type="stmt"/>
      <line num="2128" count="0" type="stmt"/>
      <line num="2129" count="0" type="stmt"/>
      <line num="2131" count="0" type="stmt"/>
      <line num="2133" count="0" type="stmt"/>
      <line num="2134" count="0" type="stmt"/>
      <line num="2136" count="0" type="stmt"/>
      <line num="2137" count="0" type="stmt"/>
      <line num="2139" count="0" type="stmt"/>
      <line num="2140" count="0" type="stmt"/>
      <line num="2142" count="0" type="cond" truecount="0" falsecount="4"/>
      <line num="2143" count="0" type="stmt"/>
      <line num="2145" count="0" type="cond" truecount="0" falsecount="4"/>
      <line num="2146" count="0" type="stmt"/>
      <line num="2150" count="0" type="stmt"/>
      <line num="2151" count="0" type="stmt"/>
      <line num="2156" count="0" type="stmt"/>
      <line num="2157" count="0" type="stmt"/>
      <line num="2159" count="0" type="stmt"/>
      <line num="2161" count="0" type="cond" truecount="0" falsecount="2"/>
      <line num="2162" count="0" type="stmt"/>
      <line num="2190" count="1" type="stmt"/>
      <line num="2242" count="1" type="cond" truecount="0" falsecount="1"/>
      <line num="2245" count="0" type="cond" truecount="0" falsecount="4"/>
      <line num="2247" count="0" type="stmt"/>
      <line num="2248" count="0" type="stmt"/>
      <line num="2249" count="0" type="cond" truecount="0" falsecount="2"/>
      <line num="2250" count="0" type="stmt"/>
      <line num="2253" count="0" type="stmt"/>
      <line num="2254" count="0" type="stmt"/>
      <line num="2256" count="0" type="cond" truecount="0" falsecount="4"/>
      <line num="2257" count="0" type="stmt"/>
      <line num="2258" count="0" type="stmt"/>
      <line num="2260" count="0" type="stmt"/>
      <line num="2261" count="0" type="stmt"/>
      <line num="2263" count="0" type="cond" truecount="0" falsecount="2"/>
      <line num="2264" count="0" type="stmt"/>
      <line num="2266" count="0" type="cond" truecount="0" falsecount="2"/>
      <line num="2267" count="0" type="stmt"/>
      <line num="2271" count="0" type="stmt"/>
      <line num="2272" count="0" type="stmt"/>
      <line num="2273" count="0" type="stmt"/>
      <line num="2274" count="0" type="stmt"/>
      <line num="2288" count="1" type="cond" truecount="0" falsecount="1"/>
      <line num="2291" count="0" type="stmt"/>
      <line num="2292" count="0" type="stmt"/>
      <line num="2294" count="0" type="cond" truecount="0" falsecount="2"/>
      <line num="2296" count="0" type="stmt"/>
      <line num="2297" count="0" type="stmt"/>
      <line num="2299" count="0" type="cond" truecount="0" falsecount="2"/>
      <line num="2300" count="0" type="stmt"/>
      <line num="2301" count="0" type="stmt"/>
      <line num="2303" count="0" type="cond" truecount="0" falsecount="2"/>
      <line num="2304" count="0" type="stmt"/>
      <line num="2305" count="0" type="stmt"/>
      <line num="2310" count="0" type="stmt"/>
      <line num="2311" count="0" type="stmt"/>
      <line num="2314" count="0" type="stmt"/>
      <line num="2315" count="0" type="stmt"/>
      <line num="2317" count="0" type="stmt"/>
      <line num="2319" count="0" type="stmt"/>
      <line num="2320" count="0" type="stmt"/>
      <line num="2322" count="0" type="stmt"/>
      <line num="2323" count="0" type="stmt"/>
      <line num="2326" count="0" type="stmt"/>
      <line num="2327" count="0" type="stmt"/>
      <line num="2329" count="0" type="stmt"/>
      <line num="2330" count="0" type="stmt"/>
      <line num="2332" count="0" type="cond" truecount="0" falsecount="4"/>
      <line num="2333" count="0" type="stmt"/>
      <line num="2335" count="0" type="cond" truecount="0" falsecount="4"/>
      <line num="2336" count="0" type="stmt"/>
      <line num="2340" count="0" type="stmt"/>
      <line num="2345" count="0" type="stmt"/>
      <line num="2346" count="0" type="stmt"/>
      <line num="2348" count="0" type="stmt"/>
      <line num="2350" count="0" type="cond" truecount="0" falsecount="2"/>
      <line num="2351" count="0" type="stmt"/>
      <line num="2380" count="1" type="stmt"/>
      <line num="2442" count="1" type="cond" truecount="0" falsecount="1"/>
      <line num="2445" count="0" type="cond" truecount="0" falsecount="4"/>
      <line num="2447" count="0" type="stmt"/>
      <line num="2448" count="0" type="stmt"/>
      <line num="2449" count="0" type="cond" truecount="0" falsecount="2"/>
      <line num="2450" count="0" type="stmt"/>
      <line num="2453" count="0" type="stmt"/>
      <line num="2454" count="0" type="stmt"/>
      <line num="2456" count="0" type="cond" truecount="0" falsecount="4"/>
      <line num="2457" count="0" type="stmt"/>
      <line num="2458" count="0" type="stmt"/>
      <line num="2460" count="0" type="stmt"/>
      <line num="2461" count="0" type="stmt"/>
      <line num="2463" count="0" type="cond" truecount="0" falsecount="2"/>
      <line num="2464" count="0" type="stmt"/>
      <line num="2466" count="0" type="cond" truecount="0" falsecount="2"/>
      <line num="2467" count="0" type="stmt"/>
      <line num="2471" count="0" type="stmt"/>
      <line num="2472" count="0" type="stmt"/>
      <line num="2473" count="0" type="stmt"/>
      <line num="2474" count="0" type="stmt"/>
      <line num="2488" count="1" type="cond" truecount="0" falsecount="1"/>
      <line num="2491" count="0" type="stmt"/>
      <line num="2492" count="0" type="stmt"/>
      <line num="2494" count="0" type="cond" truecount="0" falsecount="2"/>
      <line num="2496" count="0" type="stmt"/>
      <line num="2497" count="0" type="stmt"/>
      <line num="2499" count="0" type="cond" truecount="0" falsecount="2"/>
      <line num="2500" count="0" type="stmt"/>
      <line num="2501" count="0" type="stmt"/>
      <line num="2503" count="0" type="cond" truecount="0" falsecount="2"/>
      <line num="2504" count="0" type="stmt"/>
      <line num="2505" count="0" type="stmt"/>
      <line num="2510" count="0" type="stmt"/>
      <line num="2511" count="0" type="stmt"/>
      <line num="2514" count="0" type="stmt"/>
      <line num="2515" count="0" type="stmt"/>
      <line num="2517" count="0" type="stmt"/>
      <line num="2519" count="0" type="stmt"/>
      <line num="2520" count="0" type="stmt"/>
      <line num="2522" count="0" type="stmt"/>
      <line num="2523" count="0" type="stmt"/>
      <line num="2526" count="0" type="stmt"/>
      <line num="2527" count="0" type="stmt"/>
      <line num="2529" count="0" type="stmt"/>
      <line num="2530" count="0" type="stmt"/>
      <line num="2532" count="0" type="cond" truecount="0" falsecount="4"/>
      <line num="2533" count="0" type="stmt"/>
      <line num="2535" count="0" type="cond" truecount="0" falsecount="4"/>
      <line num="2536" count="0" type="stmt"/>
      <line num="2544" count="0" type="stmt"/>
      <line num="2545" count="0" type="stmt"/>
      <line num="2547" count="0" type="stmt"/>
      <line num="2549" count="0" type="cond" truecount="0" falsecount="2"/>
      <line num="2550" count="0" type="stmt"/>
      <line num="2557" count="1" type="stmt"/>
      <line num="2560" count="0" type="stmt"/>
      <line num="2562" count="0" type="stmt"/>
      <line num="2563" count="0" type="stmt"/>
      <line num="2564" count="0" type="stmt"/>
      <line num="2565" count="0" type="stmt"/>
      <line num="2567" count="0" type="stmt"/>
      <line num="2568" count="0" type="stmt"/>
      <line num="2573" count="0" type="stmt"/>
      <line num="2575" count="0" type="stmt"/>
      <line num="2576" count="0" type="stmt"/>
      <line num="2577" count="0" type="stmt"/>
      <line num="2578" count="0" type="stmt"/>
      <line num="2580" count="0" type="stmt"/>
      <line num="2581" count="0" type="stmt"/>
      <line num="2586" count="0" type="stmt"/>
      <line num="2588" count="0" type="stmt"/>
      <line num="2589" count="0" type="stmt"/>
      <line num="2590" count="0" type="stmt"/>
      <line num="2591" count="0" type="stmt"/>
      <line num="2593" count="0" type="stmt"/>
      <line num="2594" count="0" type="stmt"/>
      <line num="2599" count="0" type="stmt"/>
      <line num="2601" count="0" type="stmt"/>
      <line num="2602" count="0" type="cond" truecount="0" falsecount="2"/>
      <line num="2603" count="0" type="stmt"/>
      <line num="2604" count="0" type="stmt"/>
      <line num="2605" count="0" type="stmt"/>
      <line num="2606" count="0" type="cond" truecount="0" falsecount="2"/>
      <line num="2607" count="0" type="stmt"/>
      <line num="2608" count="0" type="stmt"/>
      <line num="2609" count="0" type="stmt"/>
      <line num="2610" count="0" type="stmt"/>
      <line num="2611" count="0" type="stmt"/>
      <line num="2613" count="0" type="stmt"/>
      <line num="2614" count="0" type="stmt"/>
      <line num="2615" count="0" type="stmt"/>
      <line num="2616" count="0" type="stmt"/>
      <line num="2617" count="0" type="stmt"/>
      <line num="2619" count="0" type="stmt"/>
      <line num="2620" count="0" type="stmt"/>
      <line num="2621" count="0" type="stmt"/>
      <line num="2623" count="0" type="stmt"/>
      <line num="2624" count="0" type="cond" truecount="0" falsecount="4"/>
      <line num="2625" count="0" type="cond" truecount="0" falsecount="2"/>
      <line num="2626" count="0" type="stmt"/>
      <line num="2627" count="0" type="cond" truecount="0" falsecount="2"/>
      <line num="2628" count="0" type="cond" truecount="0" falsecount="2"/>
      <line num="2630" count="0" type="stmt"/>
      <line num="2631" count="0" type="cond" truecount="0" falsecount="2"/>
      <line num="2632" count="0" type="stmt"/>
      <line num="2635" count="0" type="stmt"/>
      <line num="2636" count="0" type="stmt"/>
      <line num="2638" count="0" type="stmt"/>
      <line num="2639" count="0" type="stmt"/>
      <line num="2640" count="0" type="stmt"/>
      <line num="2641" count="0" type="stmt"/>
      <line num="2642" count="0" type="stmt"/>
      <line num="2643" count="0" type="cond" truecount="0" falsecount="2"/>
      <line num="2644" count="0" type="stmt"/>
      <line num="2645" count="0" type="stmt"/>
      <line num="2646" count="0" type="stmt"/>
      <line num="2648" count="0" type="stmt"/>
      <line num="2649" count="0" type="stmt"/>
      <line num="2651" count="0" type="cond" truecount="0" falsecount="2"/>
      <line num="2652" count="0" type="stmt"/>
      <line num="2653" count="0" type="stmt"/>
      <line num="2654" count="0" type="stmt"/>
      <line num="2657" count="0" type="stmt"/>
      <line num="2659" count="0" type="stmt"/>
      <line num="2660" count="0" type="stmt"/>
      <line num="2661" count="0" type="cond" truecount="0" falsecount="2"/>
      <line num="2662" count="0" type="stmt"/>
      <line num="2665" count="0" type="cond" truecount="0" falsecount="2"/>
      <line num="2666" count="0" type="stmt"/>
      <line num="2668" count="0" type="cond" truecount="0" falsecount="2"/>
      <line num="2669" count="0" type="cond" truecount="0" falsecount="2"/>
      <line num="2670" count="0" type="stmt"/>
      <line num="2671" count="0" type="cond" truecount="0" falsecount="2"/>
      <line num="2672" count="0" type="cond" truecount="0" falsecount="2"/>
      <line num="2673" count="0" type="stmt"/>
      <line num="2675" count="0" type="stmt"/>
      <line num="2678" count="0" type="stmt"/>
      <line num="2679" count="0" type="cond" truecount="0" falsecount="2"/>
      <line num="2680" count="0" type="stmt"/>
      <line num="2681" count="0" type="stmt"/>
      <line num="2683" count="0" type="stmt"/>
      <line num="2686" count="0" type="stmt"/>
      <line num="2689" count="0" type="stmt"/>
      <line num="2693" count="0" type="stmt"/>
      <line num="2697" count="0" type="stmt"/>
      <line num="2698" count="0" type="stmt"/>
      <line num="2703" count="0" type="stmt"/>
      <line num="2705" count="0" type="stmt"/>
      <line num="2706" count="0" type="cond" truecount="0" falsecount="2"/>
      <line num="2707" count="0" type="stmt"/>
      <line num="2708" count="0" type="stmt"/>
      <line num="2709" count="0" type="stmt"/>
      <line num="2710" count="0" type="cond" truecount="0" falsecount="2"/>
      <line num="2711" count="0" type="stmt"/>
      <line num="2712" count="0" type="stmt"/>
      <line num="2713" count="0" type="stmt"/>
      <line num="2714" count="0" type="stmt"/>
      <line num="2715" count="0" type="stmt"/>
      <line num="2717" count="0" type="stmt"/>
      <line num="2718" count="0" type="stmt"/>
      <line num="2719" count="0" type="stmt"/>
      <line num="2720" count="0" type="stmt"/>
      <line num="2721" count="0" type="stmt"/>
      <line num="2723" count="0" type="stmt"/>
      <line num="2724" count="0" type="stmt"/>
      <line num="2725" count="0" type="stmt"/>
      <line num="2727" count="0" type="stmt"/>
      <line num="2728" count="0" type="cond" truecount="0" falsecount="4"/>
      <line num="2729" count="0" type="cond" truecount="0" falsecount="2"/>
      <line num="2730" count="0" type="stmt"/>
      <line num="2731" count="0" type="cond" truecount="0" falsecount="2"/>
      <line num="2732" count="0" type="cond" truecount="0" falsecount="2"/>
      <line num="2734" count="0" type="stmt"/>
      <line num="2735" count="0" type="cond" truecount="0" falsecount="2"/>
      <line num="2736" count="0" type="stmt"/>
      <line num="2739" count="0" type="stmt"/>
      <line num="2740" count="0" type="stmt"/>
      <line num="2742" count="0" type="stmt"/>
      <line num="2743" count="0" type="stmt"/>
      <line num="2744" count="0" type="stmt"/>
      <line num="2745" count="0" type="stmt"/>
      <line num="2746" count="0" type="stmt"/>
      <line num="2747" count="0" type="cond" truecount="0" falsecount="2"/>
      <line num="2748" count="0" type="stmt"/>
      <line num="2749" count="0" type="stmt"/>
      <line num="2750" count="0" type="stmt"/>
      <line num="2752" count="0" type="stmt"/>
      <line num="2753" count="0" type="stmt"/>
      <line num="2755" count="0" type="cond" truecount="0" falsecount="2"/>
      <line num="2756" count="0" type="stmt"/>
      <line num="2757" count="0" type="stmt"/>
      <line num="2758" count="0" type="stmt"/>
      <line num="2761" count="0" type="stmt"/>
      <line num="2763" count="0" type="stmt"/>
      <line num="2764" count="0" type="stmt"/>
      <line num="2765" count="0" type="cond" truecount="0" falsecount="2"/>
      <line num="2766" count="0" type="stmt"/>
      <line num="2769" count="0" type="cond" truecount="0" falsecount="2"/>
      <line num="2770" count="0" type="stmt"/>
      <line num="2772" count="0" type="cond" truecount="0" falsecount="2"/>
      <line num="2773" count="0" type="cond" truecount="0" falsecount="2"/>
      <line num="2774" count="0" type="stmt"/>
      <line num="2775" count="0" type="cond" truecount="0" falsecount="2"/>
      <line num="2776" count="0" type="cond" truecount="0" falsecount="2"/>
      <line num="2777" count="0" type="stmt"/>
      <line num="2779" count="0" type="stmt"/>
      <line num="2782" count="0" type="stmt"/>
      <line num="2783" count="0" type="cond" truecount="0" falsecount="2"/>
      <line num="2784" count="0" type="stmt"/>
      <line num="2785" count="0" type="stmt"/>
      <line num="2787" count="0" type="stmt"/>
      <line num="2790" count="0" type="stmt"/>
      <line num="2793" count="0" type="stmt"/>
      <line num="2797" count="0" type="stmt"/>
      <line num="2801" count="0" type="stmt"/>
      <line num="2802" count="0" type="stmt"/>
      <line num="2807" count="0" type="stmt"/>
      <line num="2809" count="0" type="stmt"/>
      <line num="2810" count="0" type="cond" truecount="0" falsecount="2"/>
      <line num="2811" count="0" type="stmt"/>
      <line num="2812" count="0" type="stmt"/>
      <line num="2813" count="0" type="stmt"/>
      <line num="2814" count="0" type="cond" truecount="0" falsecount="2"/>
      <line num="2815" count="0" type="stmt"/>
      <line num="2816" count="0" type="stmt"/>
      <line num="2817" count="0" type="stmt"/>
      <line num="2818" count="0" type="stmt"/>
      <line num="2819" count="0" type="stmt"/>
      <line num="2821" count="0" type="stmt"/>
      <line num="2822" count="0" type="stmt"/>
      <line num="2823" count="0" type="stmt"/>
      <line num="2824" count="0" type="stmt"/>
      <line num="2825" count="0" type="stmt"/>
      <line num="2827" count="0" type="stmt"/>
      <line num="2828" count="0" type="stmt"/>
      <line num="2829" count="0" type="stmt"/>
      <line num="2831" count="0" type="stmt"/>
      <line num="2832" count="0" type="cond" truecount="0" falsecount="4"/>
      <line num="2833" count="0" type="cond" truecount="0" falsecount="2"/>
      <line num="2834" count="0" type="stmt"/>
      <line num="2835" count="0" type="cond" truecount="0" falsecount="2"/>
      <line num="2836" count="0" type="cond" truecount="0" falsecount="2"/>
      <line num="2838" count="0" type="stmt"/>
      <line num="2839" count="0" type="cond" truecount="0" falsecount="2"/>
      <line num="2840" count="0" type="stmt"/>
      <line num="2843" count="0" type="stmt"/>
      <line num="2844" count="0" type="stmt"/>
      <line num="2846" count="0" type="stmt"/>
      <line num="2847" count="0" type="stmt"/>
      <line num="2848" count="0" type="stmt"/>
      <line num="2849" count="0" type="stmt"/>
      <line num="2850" count="0" type="stmt"/>
      <line num="2851" count="0" type="cond" truecount="0" falsecount="2"/>
      <line num="2852" count="0" type="stmt"/>
      <line num="2853" count="0" type="stmt"/>
      <line num="2854" count="0" type="stmt"/>
      <line num="2856" count="0" type="stmt"/>
      <line num="2857" count="0" type="stmt"/>
      <line num="2859" count="0" type="cond" truecount="0" falsecount="2"/>
      <line num="2860" count="0" type="stmt"/>
      <line num="2861" count="0" type="stmt"/>
      <line num="2862" count="0" type="stmt"/>
      <line num="2865" count="0" type="stmt"/>
      <line num="2867" count="0" type="stmt"/>
      <line num="2868" count="0" type="stmt"/>
      <line num="2869" count="0" type="cond" truecount="0" falsecount="2"/>
      <line num="2870" count="0" type="stmt"/>
      <line num="2873" count="0" type="cond" truecount="0" falsecount="2"/>
      <line num="2874" count="0" type="stmt"/>
      <line num="2876" count="0" type="cond" truecount="0" falsecount="2"/>
      <line num="2877" count="0" type="cond" truecount="0" falsecount="2"/>
      <line num="2878" count="0" type="stmt"/>
      <line num="2879" count="0" type="cond" truecount="0" falsecount="2"/>
      <line num="2880" count="0" type="cond" truecount="0" falsecount="2"/>
      <line num="2881" count="0" type="stmt"/>
      <line num="2883" count="0" type="stmt"/>
      <line num="2886" count="0" type="stmt"/>
      <line num="2887" count="0" type="cond" truecount="0" falsecount="2"/>
      <line num="2888" count="0" type="stmt"/>
      <line num="2889" count="0" type="stmt"/>
      <line num="2891" count="0" type="stmt"/>
      <line num="2894" count="0" type="stmt"/>
      <line num="2897" count="0" type="stmt"/>
      <line num="2901" count="0" type="stmt"/>
      <line num="2905" count="0" type="stmt"/>
      <line num="2906" count="0" type="stmt"/>
      <line num="2913" count="0" type="stmt"/>
      <line num="2922" count="1" type="stmt"/>
      <line num="2930" count="0" type="stmt"/>
      <line num="2931" count="0" type="stmt"/>
      <line num="2937" count="0" type="stmt"/>
      <line num="2942" count="0" type="stmt"/>
      <line num="2943" count="0" type="stmt"/>
      <line num="2955" count="0" type="cond" truecount="0" falsecount="2"/>
      <line num="2963" count="0" type="stmt"/>
      <line num="2964" count="0" type="stmt"/>
      <line num="2980" count="0" type="stmt"/>
      <line num="2981" count="0" type="stmt"/>
      <line num="2990" count="1" type="stmt"/>
      <line num="2998" count="0" type="stmt"/>
      <line num="2999" count="0" type="stmt"/>
      <line num="3000" count="0" type="stmt"/>
      <line num="3002" count="0" type="stmt"/>
      <line num="3005" count="0" type="stmt"/>
      <line num="3006" count="0" type="stmt"/>
      <line num="3008" count="0" type="stmt"/>
      <line num="3009" count="0" type="stmt"/>
      <line num="3010" count="0" type="stmt"/>
      <line num="3011" count="0" type="stmt"/>
      <line num="3014" count="0" type="stmt"/>
      <line num="3015" count="0" type="stmt"/>
      <line num="3016" count="0" type="stmt"/>
      <line num="3017" count="0" type="stmt"/>
      <line num="3028" count="0" type="cond" truecount="0" falsecount="2"/>
      <line num="3029" count="0" type="stmt"/>
      <line num="3031" count="0" type="stmt"/>
      <line num="3043" count="0" type="cond" truecount="0" falsecount="2"/>
      <line num="3044" count="0" type="stmt"/>
      <line num="3045" count="0" type="stmt"/>
      <line num="3046" count="0" type="stmt"/>
      <line num="3048" count="0" type="stmt"/>
      <line num="3049" count="0" type="stmt"/>
      <line num="3050" count="0" type="stmt"/>
      <line num="3051" count="0" type="cond" truecount="0" falsecount="2"/>
      <line num="3052" count="0" type="stmt"/>
      <line num="3060" count="0" type="stmt"/>
      <line num="3061" count="0" type="stmt"/>
      <line num="3063" count="0" type="stmt"/>
      <line num="3064" count="0" type="stmt"/>
      <line num="3065" count="0" type="stmt"/>
      <line num="3066" count="0" type="stmt"/>
      <line num="3076" count="0" type="stmt"/>
      <line num="3077" count="0" type="stmt"/>
      <line num="3078" count="0" type="stmt"/>
      <line num="3079" count="0" type="stmt"/>
      <line num="3080" count="0" type="stmt"/>
      <line num="3081" count="0" type="stmt"/>
      <line num="3082" count="0" type="cond" truecount="0" falsecount="2"/>
      <line num="3083" count="0" type="stmt"/>
      <line num="3092" count="0" type="cond" truecount="0" falsecount="2"/>
      <line num="3093" count="0" type="stmt"/>
      <line num="3095" count="0" type="stmt"/>
      <line num="3096" count="0" type="cond" truecount="0" falsecount="2"/>
      <line num="3097" count="0" type="stmt"/>
      <line num="3108" count="0" type="cond" truecount="0" falsecount="5"/>
      <line num="3109" count="0" type="stmt"/>
      <line num="3111" count="0" type="stmt"/>
      <line num="3112" count="0" type="stmt"/>
      <line num="3113" count="0" type="stmt"/>
      <line num="3114" count="0" type="cond" truecount="0" falsecount="2"/>
      <line num="3115" count="0" type="stmt"/>
      <line num="3118" count="0" type="stmt"/>
      <line num="3125" count="0" type="stmt"/>
      <line num="3130" count="0" type="stmt"/>
      <line num="3141" count="0" type="stmt"/>
      <line num="3142" count="0" type="stmt"/>
      <line num="3144" count="0" type="stmt"/>
      <line num="3145" count="0" type="stmt"/>
      <line num="3146" count="0" type="stmt"/>
      <line num="3147" count="0" type="stmt"/>
      <line num="3148" count="0" type="stmt"/>
      <line num="3149" count="0" type="stmt"/>
      <line num="3150" count="0" type="stmt"/>
      <line num="3151" count="0" type="stmt"/>
      <line num="3152" count="0" type="cond" truecount="0" falsecount="2"/>
      <line num="3153" count="0" type="stmt"/>
      <line num="3155" count="0" type="stmt"/>
      <line num="3163" count="0" type="stmt"/>
      <line num="3164" count="0" type="stmt"/>
      <line num="3166" count="0" type="stmt"/>
      <line num="3167" count="0" type="cond" truecount="0" falsecount="2"/>
      <line num="3168" count="0" type="stmt"/>
      <line num="3169" count="0" type="stmt"/>
      <line num="3171" count="0" type="stmt"/>
      <line num="3172" count="0" type="stmt"/>
      <line num="3173" count="0" type="stmt"/>
      <line num="3310" count="1" type="stmt"/>
      <line num="3311" count="0" type="cond" truecount="0" falsecount="2"/>
      <line num="3312" count="0" type="stmt"/>
      <line num="3314" count="0" type="cond" truecount="0" falsecount="2"/>
      <line num="3315" count="0" type="stmt"/>
      <line num="3317" count="0" type="cond" truecount="0" falsecount="2"/>
      <line num="3318" count="0" type="stmt"/>
      <line num="3320" count="0" type="stmt"/>
      <line num="3323" count="1" type="stmt"/>
      <line num="3325" count="0" type="stmt"/>
      <line num="3326" count="0" type="cond" truecount="0" falsecount="2"/>
      <line num="3327" count="0" type="stmt"/>
      <line num="3329" count="0" type="stmt"/>
      <line num="3330" count="0" type="cond" truecount="0" falsecount="2"/>
      <line num="3331" count="0" type="stmt"/>
      <line num="3333" count="0" type="stmt"/>
      <line num="3338" count="1" type="cond" truecount="0" falsecount="1"/>
      <line num="3339" count="0" type="cond" truecount="0" falsecount="2"/>
      <line num="3343" count="1" type="cond" truecount="0" falsecount="1"/>
      <line num="3345" count="0" type="cond" truecount="0" falsecount="2"/>
      <line num="3346" count="0" type="cond" truecount="0" falsecount="2"/>
      <line num="3348" count="0" type="cond" truecount="0" falsecount="2"/>
      <line num="3349" count="0" type="stmt"/>
[...]
      <line num="3382" count="0" type="stmt"/>
      <line num="3384" count="0" type="cond" truecount="0" falsecount="2"/>
      <line num="3385" count="0" type="stmt"/>
      <line num="3387" count="0" type="cond" truecount="0" falsecount="2"/>
      <line num="3388" count="0" type="stmt"/>
      <line num="3391" count="0" type="cond" truecount="0" falsecount="3"/>
      <line num="3395" count="1" type="cond" truecount="0" falsecount="1"/>
      <line num="3402" count="0" type="stmt"/>
      <line num="3403" count="0" type="stmt"/>
      <line num="3404" count="0" type="stmt"/>
      <line num="3406" count="0" type="stmt"/>
      <line num="3407" count="0" type="stmt"/>
      <line num="3408" count="0" type="stmt"/>
      <line num="3410" count="0" type="stmt"/>
      <line num="3411" count="0" type="stmt"/>
      <line num="3412" count="0" type="stmt"/>
      <line num="3413" count="0" type="stmt"/>
      <line num="3414" count="0" type="stmt"/>
      <line num="3415" count="0" type="stmt"/>
      <line num="3416" count="0" type="stmt"/>
      <line num="3417" count="0" type="stmt"/>
      <line num="3418" count="0" type="stmt"/>
      <line num="3419" count="0" type="cond" truecount="0" falsecount="4"/>
      <line num="3420" count="0" type="stmt"/>
      <line num="3424" count="0" type="stmt"/>
      <line num="3425" count="0" type="stmt"/>
      <line num="3426" count="0" type="stmt"/>
      <line num="3427" count="0" type="stmt"/>
      <line num="3428" count="0" type="stmt"/>
      <line num="3429" count="0" type="stmt"/>
      <line num="3430" count="0" type="stmt"/>
      <line num="3431" count="0" type="stmt"/>
      <line num="3432" count="0" type="stmt"/>
      <line num="3433" count="0" type="cond" truecount="0" falsecount="4"/>
      <line num="3434" count="0" type="stmt"/>
      <line num="3439" count="0" type="stmt"/>
      <line num="3440" count="0" type="stmt"/>
      <line num="3444" count="0" type="cond" truecount="0" falsecount="2"/>
      <line num="3446" count="0" type="cond" truecount="0" falsecount="2"/>
      <line num="3449" count="0" type="stmt"/>
      <line num="3450" count="0" type="cond" truecount="0" falsecount="2"/>
      <line num="3453" count="0" type="stmt"/>
      <line num="3456" count="0" type="stmt"/>
      <line num="3458" count="0" type="cond" truecount="0" falsecount="2"/>
      <line num="3460" count="0" type="cond" truecount="0" falsecount="2"/>
      <line num="3463" count="0" type="stmt"/>
      <line num="3464" count="0" type="cond" truecount="0" falsecount="2"/>
      <line num="3467" count="0" type="stmt"/>
      <line num="3471" count="0" type="stmt"/>
      <line num="3476" count="0" type="cond" truecount="0" falsecount="2"/>
      <line num="3477" count="0" type="cond" truecount="0" falsecount="2"/>
      <line num="3479" count="0" type="stmt"/>
      <line num="3482" count="0" type="stmt"/>
      <line num="3484" count="0" type="cond" truecount="0" falsecount="2"/>
      <line num="3485" count="0" type="cond" truecount="0" falsecount="2"/>
      <line num="3487" count="0" type="stmt"/>
      <line num="3490" count="0" type="stmt"/>
      <line num="3493" count="0" type="cond" truecount="0" falsecount="2"/>
      <line num="3495" count="0" type="stmt"/>
      <line num="3496" count="0" type="cond" truecount="0" falsecount="2"/>
      <line num="3498" count="0" type="stmt"/>
      <line num="3500" count="0" type="stmt"/>
      <line num="3501" count="0" type="stmt"/>
      <line num="3507" count="1" type="stmt"/>
      <line num="3509" count="0" type="cond" truecount="0" falsecount="8"/>
      <line num="3510" count="0" type="stmt"/>
      <line num="3512" count="0" type="cond" truecount="0" falsecount="2"/>
      <line num="3513" count="0" type="cond" truecount="0" falsecount="2"/>
      <line num="3514" count="0" type="stmt"/>
      <line num="3515" count="0" type="cond" truecount="0" falsecount="2"/>
      <line num="3516" count="0" type="stmt"/>
      <line num="3519" count="0" type="stmt"/>
      <line num="3521" count="0" type="cond" truecount="0" falsecount="2"/>
      <line num="3522" count="0" type="cond" truecount="0" falsecount="2"/>
      <line num="3523" count="0" type="stmt"/>
      <line num="3524" count="0" type="cond" truecount="0" falsecount="2"/>
      <line num="3525" count="0" type="stmt"/>
      <line num="3528" count="0" type="stmt"/>
      <line num="3532" count="0" type="cond" truecount="0" falsecount="2"/>
      <line num="3533" count="0" type="cond" truecount="0" falsecount="2"/>
      <line num="3534" count="0" type="stmt"/>
      <line num="3537" count="0" type="stmt"/>
      <line num="3539" count="0" type="cond" truecount="0" falsecount="2"/>
      <line num="3540" count="0" type="cond" truecount="0" falsecount="2"/>
      <line num="3541" count="0" type="stmt"/>
      <line num="3544" count="0" type="stmt"/>
      <line num="3548" count="0" type="cond" truecount="0" falsecount="2"/>
      <line num="3549" count="0" type="stmt"/>
      <line num="3550" count="0" type="cond" truecount="0" falsecount="2"/>
      <line num="3551" count="0" type="stmt"/>
      <line num="3554" count="0" type="stmt"/>
      <line num="3555" count="0" type="stmt"/>
      <line num="3561" count="1" type="stmt"/>
      <line num="3564" count="0" type="stmt"/>
      <line num="3565" count="0" type="stmt"/>
      <line num="3566" count="0" type="stmt"/>
      <line num="3567" count="0" type="stmt"/>
      <line num="3568" count="0" type="stmt"/>
      <line num="3569" count="0" type="stmt"/>
      <line num="3572" count="0" type="stmt"/>
      <line num="3573" count="0" type="stmt"/>
      <line num="3574" count="0" type="stmt"/>
      <line num="3576" count="0" type="cond" truecount="0" falsecount="4"/>
      <line num="3577" count="0" type="stmt"/>
      <line num="3578" count="0" type="stmt"/>
      <line num="3579" count="0" type="stmt"/>
      <line num="3580" count="0" type="stmt"/>
      <line num="3581" count="0" type="stmt"/>
      <line num="3582" count="0" type="stmt"/>
      <line num="3583" count="0" type="cond" truecount="0" falsecount="4"/>
      <line num="3584" count="0" type="stmt"/>
      <line num="3585" count="0" type="stmt"/>
      <line num="3586" count="0" type="stmt"/>
      <line num="3587" count="0" type="stmt"/>
      <line num="3588" count="0" type="stmt"/>
      <line num="3589" count="0" type="stmt"/>
      <line num="3591" count="0" type="stmt"/>
      <line num="3592" count="0" type="stmt"/>
      <line num="3593" count="0" type="stmt"/>
      <line num="3594" count="0" type="stmt"/>
      <line num="3595" count="0" type="stmt"/>
      <line num="3596" count="0" type="stmt"/>
      <line num="3598" count="0" type="stmt"/>
      <line num="3601" count="1" type="stmt"/>
      <line num="3604" count="0" type="cond" truecount="0" falsecount="4"/>
      <line num="3605" count="0" type="stmt"/>
      <line num="3607" count="0" type="cond" truecount="0" falsecount="4"/>
      <line num="3608" count="0" type="stmt"/>
      <line num="3611" count="0" type="stmt"/>
      <line num="3612" count="0" type="cond" truecount="0" falsecount="6"/>
      <line num="3614" count="0" type="stmt"/>
      <line num="3616" count="0" type="cond" truecount="0" falsecount="2"/>
      <line num="3617" count="0" type="stmt"/>
      <line num="3618" count="0" type="cond" truecount="0" falsecount="2"/>
      <line num="3619" count="0" type="stmt"/>
      <line num="3621" count="0" type="stmt"/>
      <line num="3627" count="0" type="cond" truecount="0" falsecount="4"/>
      <line num="3628" count="0" type="stmt"/>
      <line num="3629" count="0" type="stmt"/>
      <line num="3631" count="0" type="stmt"/>
      <line num="3632" count="0" type="stmt"/>
      <line num="3633" count="0" type="stmt"/>
      <line num="3634" count="0" type="stmt"/>
      <line num="3635" count="0" type="stmt"/>
      <line num="3636" count="0" type="stmt"/>
      <line num="3637" count="0" type="stmt"/>
      <line num="3638" count="0" type="stmt"/>
      <line num="3639" count="0" type="cond" truecount="0" falsecount="6"/>
      <line num="3640" count="0" type="stmt"/>
      <line num="3643" count="0" type="cond" truecount="0" falsecount="2"/>
      <line num="3644" count="0" type="stmt"/>
      <line num="3647" count="0" type="stmt"/>
      <line num="3648" count="0" type="stmt"/>
      <line num="3649" count="0" type="cond" truecount="0" falsecount="2"/>
      <line num="3651" count="0" type="stmt"/>
      <line num="3652" count="0" type="stmt"/>
      <line num="3653" count="0" type="stmt"/>
      <line num="3654" count="0" type="stmt"/>
      <line num="3655" count="0" type="cond" truecount="0" falsecount="2"/>
      <line num="3657" count="0" type="stmt"/>
      <line num="3658" count="0" type="stmt"/>
      <line num="3659" count="0" type="stmt"/>
      <line num="3660" count="0" type="stmt"/>
      <line num="3661" count="0" type="cond" truecount="0" falsecount="2"/>
      <line num="3664" count="0" type="cond" truecount="0" falsecount="2"/>
      <line num="3665" count="0" type="cond" truecount="0" falsecount="2"/>
      <line num="3666" count="0" type="stmt"/>
      <line num="3668" count="0" type="stmt"/>
      <line num="3671" count="0" type="cond" truecount="0" falsecount="2"/>
      <line num="3672" count="0" type="stmt"/>
      <line num="3674" count="0" type="stmt"/>
      <line num="3679" count="1" type="stmt"/>
      <line num="3681" count="0" type="stmt"/>
      <line num="3684" count="1" type="stmt"/>
      <line num="3686" count="0" type="cond" truecount="0" falsecount="2"/>
      <line num="3688" count="0" type="cond" truecount="0" falsecount="2"/>
      <line num="3690" count="0" type="cond" truecount="0" falsecount="2"/>
      <line num="3691" count="0" type="stmt"/>
      <line num="3694" count="0" type="stmt"/>
      <line num="3699" count="0" type="cond" truecount="0" falsecount="2"/>
      <line num="3700" count="0" type="stmt"/>
      <line num="3702" count="0" type="stmt"/>
      <line num="3708" count="0" type="cond" truecount="0" falsecount="2"/>
      <line num="3710" count="0" type="cond" truecount="0" falsecount="2"/>
      <line num="3711" count="0" type="stmt"/>
      <line num="3713" count="0" type="stmt"/>
      <line num="3716" count="0" type="stmt"/>
      <line num="3721" count="1" type="stmt"/>
      <line num="3723" count="0" type="stmt"/>
      <line num="3726" count="0" type="stmt"/>
      <line num="3727" count="0" type="stmt"/>
      <line num="3728" count="0" type="stmt"/>
      <line num="3729" count="0" type="stmt"/>
      <line num="3730" count="0" type="stmt"/>
      <line num="3731" count="0" type="stmt"/>
      <line num="3732" count="0" type="stmt"/>
      <line num="3733" count="0" type="stmt"/>
      <line num="3734" count="0" type="cond" truecount="0" falsecount="6"/>
      <line num="3735" count="0" type="stmt"/>
      <line num="3737" count="0" type="stmt"/>
      <line num="3738" count="0" type="stmt"/>
      <line num="3739" count="0" type="stmt"/>
      <line num="3740" count="0" type="stmt"/>
      <line num="3741" count="0" type="cond" truecount="0" falsecount="10"/>
      <line num="3742" count="0" type="stmt"/>
      <line num="3746" count="0" type="cond" truecount="0" falsecount="4"/>
      <line num="3747" count="0" type="stmt"/>
      <line num="3749" count="0" type="cond" truecount="0" falsecount="4"/>
      <line num="3750" count="0" type="stmt"/>
      <line num="3752" count="0" type="cond" truecount="0" falsecount="4"/>
      <line num="3753" count="0" type="stmt"/>
      <line num="3755" count="0" type="cond" truecount="0" falsecount="4"/>
      <line num="3756" count="0" type="stmt"/>
      <line num="3758" count="0" type="stmt"/>
      <line num="3760" count="0" type="stmt"/>
      <line num="3761" count="0" type="stmt"/>
      <line num="3762" count="0" type="stmt"/>
      <line num="3763" count="0" type="stmt"/>
      <line num="3764" count="0" type="stmt"/>
      <line num="3765" count="0" type="stmt"/>
      <line num="3766" count="0" type="cond" truecount="0" falsecount="2"/>
      <line num="3767" count="0" type="stmt"/>
      <line num="3771" count="0" type="stmt"/>
      <line num="3774" count="1" type="stmt"/>
      <line num="3775" count="0" type="cond" truecount="0" falsecount="2"/>
      <line num="3777" count="0" type="stmt"/>
      <line num="3779" count="0" type="cond" truecount="0" falsecount="2"/>
      <line num="3780" count="0" type="stmt"/>
      <line num="3782" count="0" type="cond" truecount="0" falsecount="2"/>
      <line num="3783" count="0" type="stmt"/>
      <line num="3785" count="0" type="cond" truecount="0" falsecount="2"/>
      <line num="3786" count="0" type="stmt"/>
      <line num="3788" count="0" type="cond" truecount="0" falsecount="2"/>
      <line num="3789" count="0" type="stmt"/>
      <line num="3791" count="0" type="cond" truecount="0" falsecount="2"/>
      <line num="3792" count="0" type="stmt"/>
      <line num="3794" count="0" type="stmt"/>
      <line num="3797" count="1" type="stmt"/>
      <line num="3799" count="0" type="stmt"/>
      <line num="3800" count="0" type="stmt"/>
      <line num="3802" count="0" type="stmt"/>
      <line num="3803" count="0" type="stmt"/>
      <line num="3804" count="0" type="stmt"/>
      <line num="3805" count="0" type="stmt"/>
      <line num="3806" count="0" type="cond" truecount="0" falsecount="2"/>
      <line num="3808" count="0" type="stmt"/>
      <line num="3809" count="0" type="stmt"/>
      <line num="3810" count="0" type="cond" truecount="0" falsecount="2"/>
      <line num="3812" count="0" type="stmt"/>
      <line num="3813" count="0" type="stmt"/>
      <line num="3814" count="0" type="cond" truecount="0" falsecount="2"/>
      <line num="3816" count="0" type="stmt"/>
      <line num="3817" count="0" type="stmt"/>
      <line num="3818" count="0" type="stmt"/>
      <line num="3819" count="0" type="cond" truecount="0" falsecount="2"/>
      <line num="3820" count="0" type="stmt"/>
      <line num="3822" count="0" type="stmt"/>
      <line num="3823" count="0" type="stmt"/>
      <line num="3824" count="0" type="stmt"/>
      <line num="3825" count="0" type="stmt"/>
      <line num="3826" count="0" type="stmt"/>
      <line num="3827" count="0" type="cond" truecount="0" falsecount="2"/>
      <line num="3828" count="0" type="stmt"/>
      <line num="3830" count="0" type="stmt"/>
      <line num="3831" count="0" type="stmt"/>
      <line num="3832" count="0" type="stmt"/>
      <line num="3835" count="0" type="stmt"/>
      <line num="3836" count="0" type="stmt"/>
      <line num="3837" count="0" type="stmt"/>
      <line num="3838" count="0" type="cond" truecount="0" falsecount="2"/>
      <line num="3839" count="0" type="stmt"/>
      <line num="3841" count="0" type="stmt"/>
      <line num="3842" count="0" type="stmt"/>
      <line num="3843" count="0" type="stmt"/>
      <line num="3844" count="0" type="stmt"/>
      <line num="3845" count="0" type="stmt"/>
      <line num="3846" count="0" type="cond" truecount="0" falsecount="2"/>
      <line num="3847" count="0" type="stmt"/>
      <line num="3849" count="0" type="stmt"/>
      <line num="3850" count="0" type="stmt"/>
      <line num="3851" count="0" type="stmt"/>
      <line num="3854" count="0" type="stmt"/>
      <line num="3857" count="0" type="stmt"/>
      <line num="3858" count="0" type="stmt"/>
      <line num="3859" count="0" type="cond" truecount="0" falsecount="2"/>
      <line num="3860" count="0" type="stmt"/>
      <line num="3862" count="0" type="stmt"/>
      <line num="3863" count="0" type="stmt"/>
      <line num="3864" count="0" type="cond" truecount="0" falsecount="2"/>
      <line num="3866" count="0" type="stmt"/>
      <line num="3867" count="0" type="stmt"/>
      <line num="3868" count="0" type="stmt"/>
      <line num="3869" count="0" type="cond" truecount="0" falsecount="2"/>
      <line num="3870" count="0" type="stmt"/>
      <line num="3872" count="0" type="stmt"/>
      <line num="3873" count="0" type="stmt"/>
      <line num="3874" count="0" type="stmt"/>
      <line num="3875" count="0" type="stmt"/>
      <line num="3876" count="0" type="stmt"/>
      <line num="3877" count="0" type="cond" truecount="0" falsecount="2"/>
      <line num="3878" count="0" type="stmt"/>
      <line num="3880" count="0" type="stmt"/>
      <line num="3881" count="0" type="stmt"/>
      <line num="3882" count="0" type="stmt"/>
      <line num="3885" count="0" type="stmt"/>
      <line num="3886" count="0" type="stmt"/>
      <line num="3887" count="0" type="stmt"/>
      <line num="3888" count="0" type="cond" truecount="0" falsecount="2"/>
      <line num="3889" count="0" type="stmt"/>
      <line num="3891" count="0" type="stmt"/>
      <line num="3892" count="0" type="stmt"/>
      <line num="3893" count="0" type="stmt"/>
      <line num="3894" count="0" type="stmt"/>
      <line num="3895" count="0" type="stmt"/>
      <line num="3896" count="0" type="cond" truecount="0" falsecount="2"/>
      <line num="3897" count="0" type="stmt"/>
      <line num="3899" count="0" type="stmt"/>
      <line num="3900" count="0" type="stmt"/>
      <line num="3901" count="0" type="stmt"/>
      <line num="3905" count="0" type="stmt"/>
      <line num="3912" count="1" type="stmt"/>
      <line num="3922" count="0" type="stmt"/>
      <line num="3923" count="0" type="stmt"/>
      <line num="3926" count="0" type="cond" truecount="0" falsecount="2"/>
      <line num="3927" count="0" type="cond" truecount="0" falsecount="2"/>
      <line num="3933" count="0" type="cond" truecount="0" falsecount="4"/>
      <line num="3938" count="0" type="stmt"/>
      <line num="3949" count="0" type="cond" truecount="0" falsecount="6"/>
      <line num="3957" count="0" type="stmt"/>
      <line num="3958" count="0" type="stmt"/>
      <line num="3959" count="0" type="cond" truecount="0" falsecount="2"/>
      <line num="3960" count="0" type="cond" truecount="0" falsecount="2"/>
      <line num="3965" count="1" type="stmt"/>
      <line num="3967" count="1" type="stmt"/>
      <line num="3969" count="1" type="stmt"/>
      <line num="3971" count="1" type="stmt"/>
      <line num="3973" count="1" type="stmt"/>
      <line num="3975" count="1" type="stmt"/>
      <line num="3977" count="1" type="stmt"/>
      <line num="3979" count="1" type="stmt"/>
      <line num="3981" count="1" type="stmt"/>
      <line num="3983" count="1" type="stmt"/>
      <line num="3985" count="1" type="stmt"/>
      <line num="3987" count="1" type="stmt"/>
      <line num="3989" count="1" type="stmt"/>
      <line num="3991" count="1" type="stmt"/>
      <line num="3993" count="1" type="stmt"/>
      <line num="3995" count="1" type="stmt"/>
      <line num="3998" count="1" type="stmt"/>
      <line num="4000" count="1" type="stmt"/>
      <line num="4002" count="1" type="stmt"/>
      <line num="4004" count="1" type="stmt"/>
      <line num="4006" count="1" type="stmt"/>
      <line num="4008" count="1" type="stmt"/>
      <line num="4010" count="1" type="stmt"/>
      <line num="4012" count="1" type="stmt"/>
      <line num="4014" count="1" type="stmt"/>
      <line num="4016" count="1" type="stmt"/>
      <line num="4018" count="1" type="stmt"/>
      <line num="4020" count="1" type="stmt"/>
      <line num="4022" count="1" type="stmt"/>
      <line num="4025" count="1" type="stmt"/>
      <line num="4027" count="1" type="stmt"/>
      <line num="4029" count="1" type="stmt"/>
      <line num="4031" count="1" type="stmt"/>
      <line num="4033" count="1" type="stmt"/>
      <line num="4035" count="1" type="stmt"/>
      <line num="4037" count="1" type="stmt"/>
      <line num="4039" count="1" type="stmt"/>
      <line num="4041" count="1" type="stmt"/>
      <line num="4043" count="1" type="stmt"/>
    </file>
  </project>
</coverage>
