{"/home/runner/work/polytree/polytree/polytree.bundle.js": {"path":"/home/runner/work/polytree/polytree/polytree.bundle.js","statementMap":{"0":{"start":{"line":4,"column":0},"end":{"line":4,"column":132}},"1":{"start":{"line":14,"column":0},"end":{"line":14,"column":25}},"2":{"start":{"line":17,"column":0},"end":{"line":17,"column":32}},"3":{"start":{"line":20,"column":0},"end":{"line":20,"column":28}},"4":{"start":{"line":23,"column":0},"end":{"line":23,"column":43}},"5":{"start":{"line":31,"column":0},"end":{"line":31,"column":21}},"6":{"start":{"line":34,"column":0},"end":{"line":34,"column":18}},"7":{"start":{"line":37,"column":0},"end":{"line":37,"column":17}},"8":{"start":{"line":40,"column":0},"end":{"line":40,"column":21}},"9":{"start":{"line":48,"column":0},"end":{"line":48,"column":40}},"10":{"start":{"line":51,"column":0},"end":{"line":51,"column":42}},"11":{"start":{"line":54,"column":0},"end":{"line":54,"column":41}},"12":{"start":{"line":57,"column":0},"end":{"line":57,"column":43}},"13":{"start":{"line":60,"column":0},"end":{"line":60,"column":34}},"14":{"start":{"line":63,"column":0},"end":{"line":63,"column":37}},"15":{"start":{"line":66,"column":0},"end":{"line":66,"column":25}},"16":{"start":{"line":69,"column":0},"end":{"line":69,"column":43}},"17":{"start":{"line":77,"column":0},"end":{"line":77,"column":37}},"18":{"start":{"line":80,"column":0},"end":{"line":80,"column":37}},"19":{"start":{"line":83,"column":0},"end":{"line":83,"column":37}},"20":{"start":{"line":86,"column":0},"end":{"line":86,"column":39}},"21":{"start":{"line":89,"column":0},"end":{"line":89,"column":262}},"22":{"start":{"line":92,"column":0},"end":{"line":92,"column":70}},"23":{"start":{"line":95,"column":0},"end":{"line":95,"column":37}},"24":{"start":{"line":103,"column":0},"end":{"line":103,"column":33}},"25":{"start":{"line":106,"column":0},"end":{"line":106,"column":33}},"26":{"start":{"line":109,"column":0},"end":{"line":109,"column":35}},"27":{"start":{"line":112,"column":0},"end":{"line":112,"column":35}},"28":{"start":{"line":115,"column":0},"end":{"line":115,"column":35}},"29":{"start":{"line":123,"column":0},"end":{"line":123,"column":40}},"30":{"start":{"line":126,"column":0},"end":{"line":126,"column":49}},"31":{"start":{"line":129,"column":0},"end":{"line":129,"column":33}},"32":{"start":{"line":132,"column":0},"end":{"line":132,"column":46}},"33":{"start":{"line":135,"column":0},"end":{"line":137,"column":2}},"34":{"start":{"line":136,"column":2},"end":{"line":136,"column":58}},"35":{"start":{"line":140,"column":0},"end":{"line":140,"column":42}},"36":{"start":{"line":143,"column":0},"end":{"line":143,"column":42}},"37":{"start":{"line":151,"column":0},"end":{"line":151,"column":22}},"38":{"start":{"line":154,"column":0},"end":{"line":154,"column":34}},"39":{"start":{"line":157,"column":0},"end":{"line":157,"column":29}},"40":{"start":{"line":160,"column":0},"end":{"line":160,"column":27}},"41":{"start":{"line":163,"column":0},"end":{"line":163,"column":32}},"42":{"start":{"line":171,"column":0},"end":{"line":171,"column":34}},"43":{"start":{"line":174,"column":0},"end":{"line":174,"column":36}},"44":{"start":{"line":177,"column":0},"end":{"line":177,"column":27}},"45":{"start":{"line":180,"column":0},"end":{"line":180,"column":23}},"46":{"start":{"line":183,"column":0},"end":{"line":183,"column":32}},"47":{"start":{"line":186,"column":0},"end":{"line":186,"column":37}},"48":{"start":{"line":188,"column":0},"end":{"line":188,"column":33}},"49":{"start":{"line":191,"column":0},"end":{"line":191,"column":27}},"50":{"start":{"line":193,"column":0},"end":{"line":193,"column":31}},"51":{"start":{"line":201,"column":0},"end":{"line":201,"column":14}},"52":{"start":{"line":209,"column":0},"end":{"line":209,"column":30}},"53":{"start":{"line":212,"column":0},"end":{"line":212,"column":33}},"54":{"start":{"line":215,"column":0},"end":{"line":215,"column":34}},"55":{"start":{"line":218,"column":0},"end":{"line":218,"column":40}},"56":{"start":{"line":221,"column":0},"end":{"line":221,"column":29}},"57":{"start":{"line":223,"column":0},"end":{"line":223,"column":28}},"58":{"start":{"line":225,"column":0},"end":{"line":225,"column":32}},"59":{"start":{"line":227,"column":0},"end":{"line":227,"column":32}},"60":{"start":{"line":235,"column":0},"end":{"line":303,"column":1}},"61":{"start":{"line":237,"column":2},"end":{"line":237,"column":55}},"62":{"start":{"line":238,"column":2},"end":{"line":238,"column":69}},"63":{"start":{"line":239,"column":2},"end":{"line":239,"column":59}},"64":{"start":{"line":240,"column":2},"end":{"line":240,"column":77}},"65":{"start":{"line":242,"column":2},"end":{"line":242,"column":53}},"66":{"start":{"line":243,"column":2},"end":{"line":243,"column":47}},"67":{"start":{"line":244,"column":2},"end":{"line":244,"column":45}},"68":{"start":{"line":245,"column":2},"end":{"line":245,"column":53}},"69":{"start":{"line":247,"column":2},"end":{"line":247,"column":67}},"70":{"start":{"line":248,"column":2},"end":{"line":248,"column":71}},"71":{"start":{"line":249,"column":2},"end":{"line":249,"column":69}},"72":{"start":{"line":250,"column":2},"end":{"line":250,"column":73}},"73":{"start":{"line":251,"column":2},"end":{"line":251,"column":61}},"74":{"start":{"line":252,"column":2},"end":{"line":252,"column":57}},"75":{"start":{"line":253,"column":2},"end":{"line":253,"column":45}},"76":{"start":{"line":254,"column":2},"end":{"line":254,"column":59}},"77":{"start":{"line":256,"column":2},"end":{"line":256,"column":61}},"78":{"start":{"line":257,"column":2},"end":{"line":257,"column":61}},"79":{"start":{"line":258,"column":2},"end":{"line":258,"column":61}},"80":{"start":{"line":259,"column":2},"end":{"line":259,"column":65}},"81":{"start":{"line":260,"column":2},"end":{"line":260,"column":75}},"82":{"start":{"line":261,"column":2},"end":{"line":261,"column":85}},"83":{"start":{"line":262,"column":2},"end":{"line":262,"column":61}},"84":{"start":{"line":264,"column":2},"end":{"line":264,"column":53}},"85":{"start":{"line":265,"column":2},"end":{"line":265,"column":53}},"86":{"start":{"line":266,"column":2},"end":{"line":266,"column":57}},"87":{"start":{"line":267,"column":2},"end":{"line":267,"column":57}},"88":{"start":{"line":268,"column":2},"end":{"line":268,"column":57}},"89":{"start":{"line":270,"column":2},"end":{"line":270,"column":67}},"90":{"start":{"line":271,"column":2},"end":{"line":271,"column":85}},"91":{"start":{"line":272,"column":2},"end":{"line":272,"column":53}},"92":{"start":{"line":273,"column":2},"end":{"line":273,"column":79}},"93":{"start":{"line":274,"column":2},"end":{"line":274,"column":71}},"94":{"start":{"line":275,"column":2},"end":{"line":275,"column":71}},"95":{"start":{"line":277,"column":2},"end":{"line":277,"column":53}},"96":{"start":{"line":278,"column":2},"end":{"line":278,"column":77}},"97":{"start":{"line":279,"column":2},"end":{"line":279,"column":61}},"98":{"start":{"line":280,"column":2},"end":{"line":280,"column":65}},"99":{"start":{"line":281,"column":2},"end":{"line":281,"column":71}},"100":{"start":{"line":283,"column":2},"end":{"line":283,"column":77}},"101":{"start":{"line":284,"column":2},"end":{"line":284,"column":75}},"102":{"start":{"line":285,"column":2},"end":{"line":285,"column":59}},"103":{"start":{"line":286,"column":2},"end":{"line":286,"column":57}},"104":{"start":{"line":287,"column":2},"end":{"line":287,"column":67}},"105":{"start":{"line":288,"column":2},"end":{"line":288,"column":77}},"106":{"start":{"line":289,"column":2},"end":{"line":289,"column":73}},"107":{"start":{"line":290,"column":2},"end":{"line":290,"column":59}},"108":{"start":{"line":291,"column":2},"end":{"line":291,"column":67}},"109":{"start":{"line":293,"column":2},"end":{"line":293,"column":39}},"110":{"start":{"line":295,"column":2},"end":{"line":295,"column":63}},"111":{"start":{"line":296,"column":2},"end":{"line":296,"column":69}},"112":{"start":{"line":297,"column":2},"end":{"line":297,"column":71}},"113":{"start":{"line":298,"column":2},"end":{"line":298,"column":83}},"114":{"start":{"line":299,"column":2},"end":{"line":299,"column":55}},"115":{"start":{"line":300,"column":2},"end":{"line":300,"column":53}},"116":{"start":{"line":301,"column":2},"end":{"line":301,"column":61}},"117":{"start":{"line":302,"column":2},"end":{"line":302,"column":61}},"118":{"start":{"line":313,"column":0},"end":{"line":322,"column":2}},"119":{"start":{"line":314,"column":2},"end":{"line":321,"column":4}},"120":{"start":{"line":318,"column":6},"end":{"line":318,"column":40}},"121":{"start":{"line":319,"column":6},"end":{"line":319,"column":47}},"122":{"start":{"line":328,"column":0},"end":{"line":338,"column":2}},"123":{"start":{"line":329,"column":2},"end":{"line":337,"column":4}},"124":{"start":{"line":333,"column":6},"end":{"line":333,"column":40}},"125":{"start":{"line":334,"column":6},"end":{"line":334,"column":40}},"126":{"start":{"line":335,"column":6},"end":{"line":335,"column":47}},"127":{"start":{"line":347,"column":0},"end":{"line":349,"column":2}},"128":{"start":{"line":348,"column":2},"end":{"line":348,"column":57}},"129":{"start":{"line":356,"column":0},"end":{"line":361,"column":2}},"130":{"start":{"line":357,"column":2},"end":{"line":357,"column":44}},"131":{"start":{"line":358,"column":2},"end":{"line":358,"column":44}},"132":{"start":{"line":359,"column":2},"end":{"line":359,"column":44}},"133":{"start":{"line":360,"column":2},"end":{"line":360,"column":15}},"134":{"start":{"line":368,"column":0},"end":{"line":374,"column":2}},"135":{"start":{"line":369,"column":2},"end":{"line":373,"column":4}},"136":{"start":{"line":385,"column":0},"end":{"line":480,"column":2}},"137":{"start":{"line":387,"column":2},"end":{"line":390,"column":4}},"138":{"start":{"line":391,"column":2},"end":{"line":391,"column":18}},"139":{"start":{"line":392,"column":2},"end":{"line":392,"column":19}},"140":{"start":{"line":394,"column":2},"end":{"line":399,"column":3}},"141":{"start":{"line":395,"column":4},"end":{"line":395,"column":101}},"142":{"start":{"line":396,"column":4},"end":{"line":396,"column":142}},"143":{"start":{"line":397,"column":4},"end":{"line":397,"column":30}},"144":{"start":{"line":398,"column":4},"end":{"line":398,"column":33}},"145":{"start":{"line":401,"column":2},"end":{"line":474,"column":3}},"146":{"start":{"line":403,"column":6},"end":{"line":403,"column":107}},"147":{"start":{"line":404,"column":6},"end":{"line":404,"column":33}},"148":{"start":{"line":405,"column":6},"end":{"line":405,"column":12}},"149":{"start":{"line":407,"column":6},"end":{"line":407,"column":35}},"150":{"start":{"line":408,"column":6},"end":{"line":408,"column":33}},"151":{"start":{"line":409,"column":6},"end":{"line":409,"column":12}},"152":{"start":{"line":411,"column":6},"end":{"line":411,"column":34}},"153":{"start":{"line":412,"column":6},"end":{"line":412,"column":33}},"154":{"start":{"line":413,"column":6},"end":{"line":413,"column":12}},"155":{"start":{"line":415,"column":6},"end":{"line":415,"column":25}},"156":{"start":{"line":416,"column":6},"end":{"line":416,"column":24}},"157":{"start":{"line":418,"column":6},"end":{"line":439,"column":7}},"158":{"start":{"line":419,"column":8},"end":{"line":419,"column":70}},"159":{"start":{"line":420,"column":8},"end":{"line":420,"column":53}},"160":{"start":{"line":421,"column":8},"end":{"line":421,"column":54}},"161":{"start":{"line":422,"column":8},"end":{"line":422,"column":54}},"162":{"start":{"line":423,"column":8},"end":{"line":423,"column":55}},"163":{"start":{"line":425,"column":8},"end":{"line":427,"column":9}},"164":{"start":{"line":426,"column":10},"end":{"line":426,"column":44}},"165":{"start":{"line":429,"column":8},"end":{"line":431,"column":9}},"166":{"start":{"line":430,"column":10},"end":{"line":430,"column":104}},"167":{"start":{"line":433,"column":8},"end":{"line":438,"column":9}},"168":{"start":{"line":434,"column":10},"end":{"line":434,"column":187}},"169":{"start":{"line":435,"column":10},"end":{"line":435,"column":92}},"170":{"start":{"line":436,"column":10},"end":{"line":436,"column":49}},"171":{"start":{"line":437,"column":10},"end":{"line":437,"column":56}},"172":{"start":{"line":441,"column":6},"end":{"line":456,"column":7}},"173":{"start":{"line":442,"column":8},"end":{"line":455,"column":9}},"174":{"start":{"line":443,"column":10},"end":{"line":443,"column":73}},"175":{"start":{"line":444,"column":10},"end":{"line":449,"column":11}},"176":{"start":{"line":445,"column":12},"end":{"line":448,"column":15}},"177":{"start":{"line":451,"column":10},"end":{"line":454,"column":13}},"178":{"start":{"line":458,"column":6},"end":{"line":473,"column":7}},"179":{"start":{"line":459,"column":8},"end":{"line":472,"column":9}},"180":{"start":{"line":460,"column":10},"end":{"line":460,"column":71}},"181":{"start":{"line":461,"column":10},"end":{"line":466,"column":11}},"182":{"start":{"line":462,"column":12},"end":{"line":465,"column":15}},"183":{"start":{"line":468,"column":10},"end":{"line":471,"column":13}},"184":{"start":{"line":476,"column":2},"end":{"line":478,"column":3}},"185":{"start":{"line":477,"column":4},"end":{"line":477,"column":31}},"186":{"start":{"line":479,"column":2},"end":{"line":479,"column":16}},"187":{"start":{"line":486,"column":0},"end":{"line":508,"column":2}},"188":{"start":{"line":488,"column":2},"end":{"line":488,"column":25}},"189":{"start":{"line":490,"column":2},"end":{"line":506,"column":3}},"190":{"start":{"line":491,"column":4},"end":{"line":491,"column":89}},"191":{"start":{"line":492,"column":4},"end":{"line":498,"column":5}},"192":{"start":{"line":493,"column":6},"end":{"line":493,"column":28}},"193":{"start":{"line":494,"column":6},"end":{"line":494,"column":52}},"194":{"start":{"line":495,"column":6},"end":{"line":495,"column":68}},"195":{"start":{"line":496,"column":6},"end":{"line":496,"column":68}},"196":{"start":{"line":497,"column":6},"end":{"line":497,"column":47}},"197":{"start":{"line":501,"column":4},"end":{"line":505,"column":5}},"198":{"start":{"line":502,"column":6},"end":{"line":502,"column":177}},"199":{"start":{"line":504,"column":6},"end":{"line":504,"column":177}},"200":{"start":{"line":507,"column":2},"end":{"line":507,"column":27}},"201":{"start":{"line":518,"column":0},"end":{"line":537,"column":2}},"202":{"start":{"line":520,"column":2},"end":{"line":520,"column":20}},"203":{"start":{"line":522,"column":2},"end":{"line":533,"column":3}},"204":{"start":{"line":523,"column":4},"end":{"line":523,"column":115}},"205":{"start":{"line":524,"column":4},"end":{"line":524,"column":119}},"206":{"start":{"line":525,"column":4},"end":{"line":525,"column":119}},"207":{"start":{"line":526,"column":4},"end":{"line":526,"column":50}},"208":{"start":{"line":527,"column":4},"end":{"line":527,"column":50}},"209":{"start":{"line":528,"column":4},"end":{"line":528,"column":50}},"210":{"start":{"line":530,"column":4},"end":{"line":530,"column":245}},"211":{"start":{"line":531,"column":4},"end":{"line":531,"column":310}},"212":{"start":{"line":532,"column":4},"end":{"line":532,"column":32}},"213":{"start":{"line":535,"column":2},"end":{"line":535,"column":75}},"214":{"start":{"line":536,"column":2},"end":{"line":536,"column":23}},"215":{"start":{"line":546,"column":0},"end":{"line":568,"column":2}},"216":{"start":{"line":548,"column":2},"end":{"line":548,"column":19}},"217":{"start":{"line":549,"column":2},"end":{"line":549,"column":41}},"218":{"start":{"line":550,"column":2},"end":{"line":550,"column":94}},"219":{"start":{"line":552,"column":2},"end":{"line":566,"column":3}},"220":{"start":{"line":553,"column":4},"end":{"line":563,"column":5}},"221":{"start":{"line":555,"column":6},"end":{"line":562,"column":7}},"222":{"start":{"line":556,"column":8},"end":{"line":556,"column":93}},"223":{"start":{"line":557,"column":8},"end":{"line":557,"column":100}},"224":{"start":{"line":558,"column":8},"end":{"line":561,"column":9}},"225":{"start":{"line":559,"column":10},"end":{"line":559,"column":26}},"226":{"start":{"line":560,"column":10},"end":{"line":560,"column":16}},"227":{"start":{"line":565,"column":4},"end":{"line":565,"column":20}},"228":{"start":{"line":567,"column":2},"end":{"line":567,"column":18}},"229":{"start":{"line":574,"column":0},"end":{"line":595,"column":2}},"230":{"start":{"line":576,"column":2},"end":{"line":576,"column":38}},"231":{"start":{"line":577,"column":2},"end":{"line":577,"column":60}},"232":{"start":{"line":578,"column":2},"end":{"line":578,"column":18}},"233":{"start":{"line":579,"column":2},"end":{"line":593,"column":3}},"234":{"start":{"line":580,"column":4},"end":{"line":580,"column":51}},"235":{"start":{"line":582,"column":4},"end":{"line":582,"column":50}},"236":{"start":{"line":583,"column":4},"end":{"line":583,"column":50}},"237":{"start":{"line":584,"column":4},"end":{"line":584,"column":50}},"238":{"start":{"line":586,"column":4},"end":{"line":586,"column":50}},"239":{"start":{"line":587,"column":4},"end":{"line":587,"column":50}},"240":{"start":{"line":588,"column":4},"end":{"line":588,"column":50}},"241":{"start":{"line":590,"column":4},"end":{"line":590,"column":50}},"242":{"start":{"line":591,"column":4},"end":{"line":591,"column":50}},"243":{"start":{"line":592,"column":4},"end":{"line":592,"column":50}},"244":{"start":{"line":594,"column":2},"end":{"line":594,"column":25}},"245":{"start":{"line":606,"column":0},"end":{"line":638,"column":2}},"246":{"start":{"line":609,"column":2},"end":{"line":609,"column":54}},"247":{"start":{"line":610,"column":2},"end":{"line":610,"column":54}},"248":{"start":{"line":612,"column":2},"end":{"line":612,"column":67}},"249":{"start":{"line":613,"column":2},"end":{"line":613,"column":57}},"250":{"start":{"line":615,"column":2},"end":{"line":617,"column":3}},"251":{"start":{"line":616,"column":4},"end":{"line":616,"column":16}},"252":{"start":{"line":618,"column":2},"end":{"line":618,"column":39}},"253":{"start":{"line":619,"column":2},"end":{"line":619,"column":56}},"254":{"start":{"line":620,"column":2},"end":{"line":620,"column":95}},"255":{"start":{"line":622,"column":2},"end":{"line":624,"column":3}},"256":{"start":{"line":623,"column":4},"end":{"line":623,"column":16}},"257":{"start":{"line":625,"column":2},"end":{"line":625,"column":72}},"258":{"start":{"line":626,"column":2},"end":{"line":626,"column":91}},"259":{"start":{"line":628,"column":2},"end":{"line":630,"column":3}},"260":{"start":{"line":629,"column":4},"end":{"line":629,"column":16}},"261":{"start":{"line":632,"column":2},"end":{"line":632,"column":87}},"262":{"start":{"line":634,"column":2},"end":{"line":636,"column":3}},"263":{"start":{"line":635,"column":4},"end":{"line":635,"column":97}},"264":{"start":{"line":637,"column":2},"end":{"line":637,"column":14}},"265":{"start":{"line":648,"column":0},"end":{"line":670,"column":2}},"266":{"start":{"line":650,"column":2},"end":{"line":650,"column":27}},"267":{"start":{"line":651,"column":2},"end":{"line":651,"column":27}},"268":{"start":{"line":653,"column":2},"end":{"line":658,"column":3}},"269":{"start":{"line":654,"column":4},"end":{"line":656,"column":5}},"270":{"start":{"line":655,"column":6},"end":{"line":655,"column":83}},"271":{"start":{"line":657,"column":4},"end":{"line":657,"column":81}},"272":{"start":{"line":660,"column":2},"end":{"line":660,"column":67}},"273":{"start":{"line":662,"column":2},"end":{"line":664,"column":3}},"274":{"start":{"line":663,"column":4},"end":{"line":663,"column":69}},"275":{"start":{"line":666,"column":2},"end":{"line":669,"column":3}},"276":{"start":{"line":667,"column":4},"end":{"line":667,"column":29}},"277":{"start":{"line":668,"column":4},"end":{"line":668,"column":36}},"278":{"start":{"line":676,"column":0},"end":{"line":682,"column":2}},"279":{"start":{"line":677,"column":2},"end":{"line":681,"column":3}},"280":{"start":{"line":678,"column":4},"end":{"line":680,"column":7}},"281":{"start":{"line":679,"column":6},"end":{"line":679,"column":39}},"282":{"start":{"line":688,"column":0},"end":{"line":688,"column":28}},"283":{"start":{"line":690,"column":0},"end":{"line":690,"column":28}},"284":{"start":{"line":692,"column":0},"end":{"line":692,"column":61}},"285":{"start":{"line":694,"column":0},"end":{"line":694,"column":38}},"286":{"start":{"line":696,"column":0},"end":{"line":696,"column":40}},"287":{"start":{"line":698,"column":0},"end":{"line":698,"column":60}},"288":{"start":{"line":700,"column":0},"end":{"line":700,"column":70}},"289":{"start":{"line":702,"column":0},"end":{"line":702,"column":58}},"290":{"start":{"line":704,"column":0},"end":{"line":704,"column":52}},"291":{"start":{"line":706,"column":0},"end":{"line":706,"column":43}},"292":{"start":{"line":708,"column":0},"end":{"line":708,"column":42}},"293":{"start":{"line":713,"column":0},"end":{"line":733,"column":2}},"294":{"start":{"line":716,"column":2},"end":{"line":732,"column":3}},"295":{"start":{"line":717,"column":4},"end":{"line":729,"column":7}},"296":{"start":{"line":719,"column":6},"end":{"line":728,"column":7}},"297":{"start":{"line":720,"column":8},"end":{"line":724,"column":11}},"298":{"start":{"line":721,"column":10},"end":{"line":721,"column":33}},"299":{"start":{"line":723,"column":10},"end":{"line":723,"column":31}},"300":{"start":{"line":726,"column":8},"end":{"line":726,"column":23}},"301":{"start":{"line":727,"column":8},"end":{"line":727,"column":29}},"302":{"start":{"line":731,"column":4},"end":{"line":731,"column":97}},"303":{"start":{"line":735,"column":0},"end":{"line":872,"column":2}},"304":{"start":{"line":737,"column":2},"end":{"line":871,"column":3}},"305":{"start":{"line":738,"column":4},"end":{"line":816,"column":7}},"306":{"start":{"line":740,"column":6},"end":{"line":815,"column":7}},"307":{"start":{"line":741,"column":8},"end":{"line":741,"column":27}},"308":{"start":{"line":742,"column":8},"end":{"line":742,"column":27}},"309":{"start":{"line":743,"column":8},"end":{"line":743,"column":32}},"310":{"start":{"line":744,"column":8},"end":{"line":744,"column":26}},"311":{"start":{"line":745,"column":8},"end":{"line":747,"column":9}},"312":{"start":{"line":746,"column":10},"end":{"line":746,"column":34}},"313":{"start":{"line":748,"column":8},"end":{"line":748,"column":22}},"314":{"start":{"line":749,"column":8},"end":{"line":752,"column":9}},"315":{"start":{"line":750,"column":10},"end":{"line":750,"column":105}},"316":{"start":{"line":751,"column":10},"end":{"line":751,"column":33}},"317":{"start":{"line":753,"column":8},"end":{"line":756,"column":9}},"318":{"start":{"line":754,"column":10},"end":{"line":754,"column":105}},"319":{"start":{"line":755,"column":10},"end":{"line":755,"column":33}},"320":{"start":{"line":757,"column":8},"end":{"line":811,"column":11}},"321":{"start":{"line":759,"column":10},"end":{"line":759,"column":25}},"322":{"start":{"line":760,"column":10},"end":{"line":768,"column":13}},"323":{"start":{"line":761,"column":12},"end":{"line":767,"column":13}},"324":{"start":{"line":762,"column":14},"end":{"line":766,"column":15}},"325":{"start":{"line":763,"column":16},"end":{"line":763,"column":43}},"326":{"start":{"line":764,"column":21},"end":{"line":766,"column":15}},"327":{"start":{"line":765,"column":16},"end":{"line":765,"column":43}},"328":{"start":{"line":769,"column":10},"end":{"line":774,"column":11}},"329":{"start":{"line":770,"column":12},"end":{"line":770,"column":42}},"330":{"start":{"line":771,"column":12},"end":{"line":771,"column":41}},"331":{"start":{"line":772,"column":12},"end":{"line":772,"column":42}},"332":{"start":{"line":773,"column":12},"end":{"line":773,"column":41}},"333":{"start":{"line":775,"column":10},"end":{"line":775,"column":33}},"334":{"start":{"line":776,"column":10},"end":{"line":785,"column":11}},"335":{"start":{"line":778,"column":14},"end":{"line":778,"column":94}},"336":{"start":{"line":779,"column":14},"end":{"line":779,"column":20}},"337":{"start":{"line":781,"column":14},"end":{"line":781,"column":97}},"338":{"start":{"line":782,"column":14},"end":{"line":782,"column":20}},"339":{"start":{"line":784,"column":14},"end":{"line":784,"column":98}},"340":{"start":{"line":786,"column":10},"end":{"line":810,"column":13}},"341":{"start":{"line":788,"column":12},"end":{"line":804,"column":13}},"342":{"start":{"line":789,"column":14},"end":{"line":789,"column":63}},"343":{"start":{"line":790,"column":14},"end":{"line":792,"column":15}},"344":{"start":{"line":791,"column":16},"end":{"line":791,"column":48}},"345":{"start":{"line":793,"column":14},"end":{"line":796,"column":24}},"346":{"start":{"line":797,"column":19},"end":{"line":804,"column":13}},"347":{"start":{"line":798,"column":14},"end":{"line":801,"column":17}},"348":{"start":{"line":803,"column":14},"end":{"line":803,"column":38}},"349":{"start":{"line":805,"column":12},"end":{"line":807,"column":13}},"350":{"start":{"line":806,"column":14},"end":{"line":806,"column":59}},"351":{"start":{"line":809,"column":12},"end":{"line":809,"column":29}},"352":{"start":{"line":813,"column":8},"end":{"line":813,"column":19}},"353":{"start":{"line":814,"column":8},"end":{"line":814,"column":25}},"354":{"start":{"line":818,"column":4},"end":{"line":818,"column":23}},"355":{"start":{"line":819,"column":4},"end":{"line":819,"column":23}},"356":{"start":{"line":820,"column":4},"end":{"line":820,"column":28}},"357":{"start":{"line":821,"column":4},"end":{"line":821,"column":22}},"358":{"start":{"line":822,"column":4},"end":{"line":824,"column":5}},"359":{"start":{"line":823,"column":6},"end":{"line":823,"column":30}},"360":{"start":{"line":825,"column":4},"end":{"line":831,"column":5}},"361":{"start":{"line":826,"column":6},"end":{"line":826,"column":108}},"362":{"start":{"line":827,"column":6},"end":{"line":830,"column":7}},"363":{"start":{"line":828,"column":8},"end":{"line":828,"column":38}},"364":{"start":{"line":829,"column":8},"end":{"line":829,"column":37}},"365":{"start":{"line":832,"column":4},"end":{"line":838,"column":5}},"366":{"start":{"line":833,"column":6},"end":{"line":833,"column":108}},"367":{"start":{"line":834,"column":6},"end":{"line":837,"column":7}},"368":{"start":{"line":835,"column":8},"end":{"line":835,"column":38}},"369":{"start":{"line":836,"column":8},"end":{"line":836,"column":37}},"370":{"start":{"line":839,"column":4},"end":{"line":848,"column":5}},"371":{"start":{"line":841,"column":8},"end":{"line":841,"column":83}},"372":{"start":{"line":842,"column":8},"end":{"line":842,"column":14}},"373":{"start":{"line":844,"column":8},"end":{"line":844,"column":86}},"374":{"start":{"line":845,"column":8},"end":{"line":845,"column":14}},"375":{"start":{"line":847,"column":8},"end":{"line":847,"column":87}},"376":{"start":{"line":849,"column":4},"end":{"line":851,"column":5}},"377":{"start":{"line":850,"column":6},"end":{"line":850,"column":44}},"378":{"start":{"line":852,"column":4},"end":{"line":863,"column":5}},"379":{"start":{"line":853,"column":6},"end":{"line":853,"column":55}},"380":{"start":{"line":854,"column":6},"end":{"line":854,"column":38}},"381":{"start":{"line":855,"column":6},"end":{"line":862,"column":7}},"382":{"start":{"line":856,"column":8},"end":{"line":859,"column":10}},"383":{"start":{"line":861,"column":8},"end":{"line":861,"column":20}},"384":{"start":{"line":864,"column":4},"end":{"line":869,"column":5}},"385":{"start":{"line":865,"column":6},"end":{"line":868,"column":8}},"386":{"start":{"line":870,"column":4},"end":{"line":870,"column":26}},"387":{"start":{"line":875,"column":0},"end":{"line":948,"column":2}},"388":{"start":{"line":877,"column":2},"end":{"line":947,"column":3}},"389":{"start":{"line":878,"column":4},"end":{"line":918,"column":7}},"390":{"start":{"line":880,"column":6},"end":{"line":917,"column":7}},"391":{"start":{"line":881,"column":8},"end":{"line":881,"column":27}},"392":{"start":{"line":882,"column":8},"end":{"line":913,"column":9}},"393":{"start":{"line":883,"column":10},"end":{"line":883,"column":67}},"394":{"start":{"line":884,"column":10},"end":{"line":889,"column":11}},"395":{"start":{"line":885,"column":12},"end":{"line":888,"column":14}},"396":{"start":{"line":890,"column":10},"end":{"line":890,"column":40}},"397":{"start":{"line":891,"column":10},"end":{"line":891,"column":36}},"398":{"start":{"line":892,"column":15},"end":{"line":913,"column":9}},"399":{"start":{"line":893,"column":10},"end":{"line":893,"column":26}},"400":{"start":{"line":894,"column":10},"end":{"line":899,"column":11}},"401":{"start":{"line":895,"column":12},"end":{"line":898,"column":14}},"402":{"start":{"line":900,"column":10},"end":{"line":900,"column":40}},"403":{"start":{"line":901,"column":10},"end":{"line":901,"column":36}},"404":{"start":{"line":902,"column":15},"end":{"line":913,"column":9}},"405":{"start":{"line":903,"column":10},"end":{"line":912,"column":13}},"406":{"start":{"line":904,"column":12},"end":{"line":909,"column":13}},"407":{"start":{"line":905,"column":14},"end":{"line":908,"column":16}},"408":{"start":{"line":910,"column":12},"end":{"line":910,"column":42}},"409":{"start":{"line":911,"column":12},"end":{"line":911,"column":38}},"410":{"start":{"line":915,"column":8},"end":{"line":915,"column":19}},"411":{"start":{"line":916,"column":8},"end":{"line":916,"column":25}},"412":{"start":{"line":920,"column":4},"end":{"line":920,"column":23}},"413":{"start":{"line":921,"column":4},"end":{"line":945,"column":5}},"414":{"start":{"line":922,"column":6},"end":{"line":922,"column":63}},"415":{"start":{"line":923,"column":6},"end":{"line":928,"column":7}},"416":{"start":{"line":924,"column":8},"end":{"line":927,"column":10}},"417":{"start":{"line":929,"column":11},"end":{"line":945,"column":5}},"418":{"start":{"line":930,"column":6},"end":{"line":930,"column":22}},"419":{"start":{"line":931,"column":6},"end":{"line":936,"column":7}},"420":{"start":{"line":932,"column":8},"end":{"line":935,"column":10}},"421":{"start":{"line":937,"column":11},"end":{"line":945,"column":5}},"422":{"start":{"line":938,"column":6},"end":{"line":938,"column":103}},"423":{"start":{"line":939,"column":6},"end":{"line":944,"column":7}},"424":{"start":{"line":940,"column":8},"end":{"line":943,"column":10}},"425":{"start":{"line":946,"column":4},"end":{"line":946,"column":21}},"426":{"start":{"line":952,"column":0},"end":{"line":1788,"column":14}},"427":{"start":{"line":961,"column":6},"end":{"line":961,"column":21}},"428":{"start":{"line":962,"column":6},"end":{"line":962,"column":25}},"429":{"start":{"line":963,"column":6},"end":{"line":963,"column":33}},"430":{"start":{"line":966,"column":6},"end":{"line":966,"column":27}},"431":{"start":{"line":967,"column":6},"end":{"line":967,"column":25}},"432":{"start":{"line":968,"column":6},"end":{"line":968,"column":21}},"433":{"start":{"line":971,"column":6},"end":{"line":971,"column":31}},"434":{"start":{"line":972,"column":6},"end":{"line":972,"column":16}},"435":{"start":{"line":975,"column":6},"end":{"line":975,"column":34}},"436":{"start":{"line":976,"column":6},"end":{"line":976,"column":49}},"437":{"start":{"line":981,"column":6},"end":{"line":981,"column":40}},"438":{"start":{"line":986,"column":6},"end":{"line":986,"column":26}},"439":{"start":{"line":987,"column":6},"end":{"line":987,"column":21}},"440":{"start":{"line":988,"column":6},"end":{"line":994,"column":7}},"441":{"start":{"line":989,"column":8},"end":{"line":989,"column":29}},"442":{"start":{"line":990,"column":8},"end":{"line":992,"column":9}},"443":{"start":{"line":991,"column":10},"end":{"line":991,"column":59}},"444":{"start":{"line":993,"column":8},"end":{"line":993,"column":33}},"445":{"start":{"line":995,"column":6},"end":{"line":995,"column":18}},"446":{"start":{"line":999,"column":6},"end":{"line":999,"column":47}},"447":{"start":{"line":1003,"column":6},"end":{"line":1005,"column":7}},"448":{"start":{"line":1004,"column":8},"end":{"line":1004,"column":15}},"449":{"start":{"line":1006,"column":6},"end":{"line":1014,"column":7}},"450":{"start":{"line":1007,"column":8},"end":{"line":1013,"column":11}},"451":{"start":{"line":1008,"column":10},"end":{"line":1012,"column":11}},"452":{"start":{"line":1009,"column":12},"end":{"line":1011,"column":15}},"453":{"start":{"line":1010,"column":14},"end":{"line":1010,"column":44}},"454":{"start":{"line":1019,"column":6},"end":{"line":1019,"column":49}},"455":{"start":{"line":1024,"column":6},"end":{"line":1026,"column":7}},"456":{"start":{"line":1025,"column":8},"end":{"line":1025,"column":20}},"457":{"start":{"line":1027,"column":6},"end":{"line":1027,"column":54}},"458":{"start":{"line":1028,"column":6},"end":{"line":1030,"column":14}},"459":{"start":{"line":1029,"column":8},"end":{"line":1029,"column":31}},"460":{"start":{"line":1031,"column":6},"end":{"line":1031,"column":49}},"461":{"start":{"line":1032,"column":6},"end":{"line":1034,"column":14}},"462":{"start":{"line":1033,"column":8},"end":{"line":1033,"column":31}},"463":{"start":{"line":1035,"column":6},"end":{"line":1037,"column":7}},"464":{"start":{"line":1036,"column":8},"end":{"line":1036,"column":32}},"465":{"start":{"line":1038,"column":6},"end":{"line":1040,"column":7}},"466":{"start":{"line":1039,"column":8},"end":{"line":1039,"column":70}},"467":{"start":{"line":1041,"column":6},"end":{"line":1041,"column":56}},"468":{"start":{"line":1042,"column":6},"end":{"line":1042,"column":58}},"469":{"start":{"line":1043,"column":6},"end":{"line":1048,"column":7}},"470":{"start":{"line":1044,"column":8},"end":{"line":1047,"column":9}},"471":{"start":{"line":1045,"column":10},"end":{"line":1045,"column":80}},"472":{"start":{"line":1046,"column":10},"end":{"line":1046,"column":38}},"473":{"start":{"line":1049,"column":6},"end":{"line":1049,"column":18}},"474":{"start":{"line":1056,"column":6},"end":{"line":1056,"column":58}},"475":{"start":{"line":1061,"column":6},"end":{"line":1061,"column":61}},"476":{"start":{"line":1066,"column":6},"end":{"line":1066,"column":62}},"477":{"start":{"line":1073,"column":6},"end":{"line":1080,"column":7}},"478":{"start":{"line":1074,"column":8},"end":{"line":1074,"column":57}},"479":{"start":{"line":1076,"column":8},"end":{"line":1078,"column":9}},"480":{"start":{"line":1077,"column":10},"end":{"line":1077,"column":34}},"481":{"start":{"line":1079,"column":8},"end":{"line":1079,"column":46}},"482":{"start":{"line":1086,"column":6},"end":{"line":1093,"column":7}},"483":{"start":{"line":1087,"column":8},"end":{"line":1087,"column":62}},"484":{"start":{"line":1089,"column":8},"end":{"line":1089,"column":50}},"485":{"start":{"line":1090,"column":8},"end":{"line":1092,"column":9}},"486":{"start":{"line":1091,"column":10},"end":{"line":1091,"column":53}},"487":{"start":{"line":1101,"column":6},"end":{"line":1103,"column":7}},"488":{"start":{"line":1102,"column":8},"end":{"line":1102,"column":33}},"489":{"start":{"line":1104,"column":6},"end":{"line":1104,"column":34}},"490":{"start":{"line":1105,"column":6},"end":{"line":1107,"column":7}},"491":{"start":{"line":1106,"column":8},"end":{"line":1106,"column":20}},"492":{"start":{"line":1109,"column":6},"end":{"line":1109,"column":44}},"493":{"start":{"line":1110,"column":6},"end":{"line":1110,"column":44}},"494":{"start":{"line":1111,"column":6},"end":{"line":1111,"column":44}},"495":{"start":{"line":1112,"column":6},"end":{"line":1112,"column":34}},"496":{"start":{"line":1113,"column":6},"end":{"line":1113,"column":18}},"497":{"start":{"line":1118,"column":6},"end":{"line":1120,"column":7}},"498":{"start":{"line":1119,"column":8},"end":{"line":1119,"column":33}},"499":{"start":{"line":1121,"column":6},"end":{"line":1121,"column":37}},"500":{"start":{"line":1122,"column":6},"end":{"line":1122,"column":21}},"501":{"start":{"line":1123,"column":6},"end":{"line":1123,"column":31}},"502":{"start":{"line":1124,"column":6},"end":{"line":1124,"column":31}},"503":{"start":{"line":1125,"column":6},"end":{"line":1125,"column":31}},"504":{"start":{"line":1126,"column":6},"end":{"line":1126,"column":31}},"505":{"start":{"line":1127,"column":6},"end":{"line":1127,"column":31}},"506":{"start":{"line":1128,"column":6},"end":{"line":1128,"column":31}},"507":{"start":{"line":1129,"column":6},"end":{"line":1129,"column":18}},"508":{"start":{"line":1138,"column":6},"end":{"line":1138,"column":20}},"509":{"start":{"line":1139,"column":6},"end":{"line":1141,"column":7}},"510":{"start":{"line":1140,"column":8},"end":{"line":1140,"column":20}},"511":{"start":{"line":1142,"column":6},"end":{"line":1142,"column":100}},"512":{"start":{"line":1144,"column":6},"end":{"line":1155,"column":7}},"513":{"start":{"line":1145,"column":8},"end":{"line":1154,"column":9}},"514":{"start":{"line":1146,"column":10},"end":{"line":1153,"column":11}},"515":{"start":{"line":1147,"column":12},"end":{"line":1147,"column":29}},"516":{"start":{"line":1148,"column":12},"end":{"line":1148,"column":66}},"517":{"start":{"line":1149,"column":12},"end":{"line":1149,"column":78}},"518":{"start":{"line":1150,"column":12},"end":{"line":1150,"column":48}},"519":{"start":{"line":1151,"column":12},"end":{"line":1151,"column":50}},"520":{"start":{"line":1152,"column":12},"end":{"line":1152,"column":55}},"521":{"start":{"line":1157,"column":6},"end":{"line":1157,"column":23}},"522":{"start":{"line":1158,"column":6},"end":{"line":1169,"column":7}},"523":{"start":{"line":1159,"column":8},"end":{"line":1159,"column":22}},"524":{"start":{"line":1160,"column":8},"end":{"line":1165,"column":9}},"525":{"start":{"line":1161,"column":10},"end":{"line":1164,"column":11}},"526":{"start":{"line":1162,"column":12},"end":{"line":1162,"column":47}},"527":{"start":{"line":1163,"column":12},"end":{"line":1163,"column":25}},"528":{"start":{"line":1166,"column":8},"end":{"line":1168,"column":9}},"529":{"start":{"line":1167,"column":10},"end":{"line":1167,"column":84}},"530":{"start":{"line":1171,"column":6},"end":{"line":1179,"column":7}},"531":{"start":{"line":1172,"column":8},"end":{"line":1172,"column":38}},"532":{"start":{"line":1173,"column":8},"end":{"line":1173,"column":42}},"533":{"start":{"line":1175,"column":8},"end":{"line":1177,"column":9}},"534":{"start":{"line":1176,"column":10},"end":{"line":1176,"column":39}},"535":{"start":{"line":1178,"column":8},"end":{"line":1178,"column":40}},"536":{"start":{"line":1180,"column":6},"end":{"line":1180,"column":18}},"537":{"start":{"line":1184,"column":6},"end":{"line":1184,"column":21}},"538":{"start":{"line":1185,"column":6},"end":{"line":1185,"column":20}},"539":{"start":{"line":1186,"column":6},"end":{"line":1186,"column":25}},"540":{"start":{"line":1187,"column":6},"end":{"line":1187,"column":18}},"541":{"start":{"line":1193,"column":6},"end":{"line":1201,"column":7}},"542":{"start":{"line":1194,"column":8},"end":{"line":1194,"column":44}},"543":{"start":{"line":1195,"column":8},"end":{"line":1199,"column":9}},"544":{"start":{"line":1196,"column":10},"end":{"line":1196,"column":62}},"545":{"start":{"line":1197,"column":10},"end":{"line":1197,"column":62}},"546":{"start":{"line":1198,"column":10},"end":{"line":1198,"column":62}},"547":{"start":{"line":1200,"column":8},"end":{"line":1200,"column":31}},"548":{"start":{"line":1202,"column":6},"end":{"line":1202,"column":19}},"549":{"start":{"line":1203,"column":6},"end":{"line":1205,"column":7}},"550":{"start":{"line":1204,"column":8},"end":{"line":1204,"column":53}},"551":{"start":{"line":1206,"column":6},"end":{"line":1206,"column":21}},"552":{"start":{"line":1211,"column":6},"end":{"line":1216,"column":7}},"553":{"start":{"line":1212,"column":8},"end":{"line":1212,"column":33}},"554":{"start":{"line":1213,"column":8},"end":{"line":1213,"column":52}},"555":{"start":{"line":1214,"column":8},"end":{"line":1214,"column":52}},"556":{"start":{"line":1215,"column":8},"end":{"line":1215,"column":52}},"557":{"start":{"line":1224,"column":6},"end":{"line":1242,"column":7}},"558":{"start":{"line":1225,"column":8},"end":{"line":1241,"column":9}},"559":{"start":{"line":1226,"column":10},"end":{"line":1226,"column":46}},"560":{"start":{"line":1227,"column":10},"end":{"line":1231,"column":11}},"561":{"start":{"line":1228,"column":12},"end":{"line":1230,"column":13}},"562":{"start":{"line":1229,"column":14},"end":{"line":1229,"column":57}},"563":{"start":{"line":1232,"column":10},"end":{"line":1240,"column":11}},"564":{"start":{"line":1233,"column":12},"end":{"line":1233,"column":37}},"565":{"start":{"line":1234,"column":12},"end":{"line":1236,"column":13}},"566":{"start":{"line":1235,"column":14},"end":{"line":1235,"column":23}},"567":{"start":{"line":1237,"column":12},"end":{"line":1239,"column":13}},"568":{"start":{"line":1238,"column":14},"end":{"line":1238,"column":37}},"569":{"start":{"line":1243,"column":6},"end":{"line":1245,"column":7}},"570":{"start":{"line":1244,"column":8},"end":{"line":1244,"column":81}},"571":{"start":{"line":1246,"column":6},"end":{"line":1246,"column":22}},"572":{"start":{"line":1252,"column":6},"end":{"line":1260,"column":7}},"573":{"start":{"line":1253,"column":8},"end":{"line":1259,"column":9}},"574":{"start":{"line":1254,"column":10},"end":{"line":1258,"column":11}},"575":{"start":{"line":1255,"column":12},"end":{"line":1257,"column":13}},"576":{"start":{"line":1256,"column":14},"end":{"line":1256,"column":46}},"577":{"start":{"line":1261,"column":6},"end":{"line":1263,"column":7}},"578":{"start":{"line":1262,"column":8},"end":{"line":1262,"column":48}},"579":{"start":{"line":1264,"column":6},"end":{"line":1268,"column":7}},"580":{"start":{"line":1265,"column":8},"end":{"line":1267,"column":9}},"581":{"start":{"line":1266,"column":10},"end":{"line":1266,"column":57}},"582":{"start":{"line":1269,"column":6},"end":{"line":1269,"column":22}},"583":{"start":{"line":1276,"column":6},"end":{"line":1278,"column":7}},"584":{"start":{"line":1277,"column":8},"end":{"line":1277,"column":18}},"585":{"start":{"line":1279,"column":6},"end":{"line":1279,"column":23}},"586":{"start":{"line":1280,"column":6},"end":{"line":1280,"column":42}},"587":{"start":{"line":1281,"column":6},"end":{"line":1314,"column":7}},"588":{"start":{"line":1282,"column":8},"end":{"line":1282,"column":24}},"589":{"start":{"line":1283,"column":8},"end":{"line":1313,"column":9}},"590":{"start":{"line":1284,"column":10},"end":{"line":1284,"column":145}},"591":{"start":{"line":1285,"column":10},"end":{"line":1297,"column":11}},"592":{"start":{"line":1286,"column":12},"end":{"line":1286,"column":62}},"593":{"start":{"line":1287,"column":12},"end":{"line":1287,"column":70}},"594":{"start":{"line":1288,"column":12},"end":{"line":1296,"column":13}},"595":{"start":{"line":1289,"column":14},"end":{"line":1289,"column":77}},"596":{"start":{"line":1291,"column":14},"end":{"line":1295,"column":17}},"597":{"start":{"line":1299,"column":10},"end":{"line":1299,"column":93}},"598":{"start":{"line":1300,"column":10},"end":{"line":1312,"column":11}},"599":{"start":{"line":1301,"column":12},"end":{"line":1301,"column":66}},"600":{"start":{"line":1302,"column":12},"end":{"line":1304,"column":13}},"601":{"start":{"line":1303,"column":14},"end":{"line":1303,"column":37}},"602":{"start":{"line":1305,"column":12},"end":{"line":1311,"column":13}},"603":{"start":{"line":1306,"column":14},"end":{"line":1310,"column":17}},"604":{"start":{"line":1315,"column":6},"end":{"line":1315,"column":68}},"605":{"start":{"line":1316,"column":6},"end":{"line":1316,"column":24}},"606":{"start":{"line":1321,"column":6},"end":{"line":1334,"column":9}},"607":{"start":{"line":1323,"column":8},"end":{"line":1333,"column":9}},"608":{"start":{"line":1324,"column":10},"end":{"line":1324,"column":23}},"609":{"start":{"line":1325,"column":10},"end":{"line":1331,"column":11}},"610":{"start":{"line":1326,"column":12},"end":{"line":1330,"column":13}},"611":{"start":{"line":1327,"column":14},"end":{"line":1327,"column":60}},"612":{"start":{"line":1329,"column":14},"end":{"line":1329,"column":35}},"613":{"start":{"line":1332,"column":10},"end":{"line":1332,"column":25}},"614":{"start":{"line":1335,"column":6},"end":{"line":1335,"column":22}},"615":{"start":{"line":1340,"column":6},"end":{"line":1357,"column":9}},"616":{"start":{"line":1342,"column":8},"end":{"line":1356,"column":9}},"617":{"start":{"line":1343,"column":10},"end":{"line":1343,"column":23}},"618":{"start":{"line":1344,"column":10},"end":{"line":1354,"column":11}},"619":{"start":{"line":1345,"column":12},"end":{"line":1353,"column":13}},"620":{"start":{"line":1346,"column":14},"end":{"line":1350,"column":15}},"621":{"start":{"line":1347,"column":16},"end":{"line":1347,"column":62}},"622":{"start":{"line":1349,"column":16},"end":{"line":1349,"column":37}},"623":{"start":{"line":1352,"column":14},"end":{"line":1352,"column":35}},"624":{"start":{"line":1355,"column":10},"end":{"line":1355,"column":25}},"625":{"start":{"line":1358,"column":6},"end":{"line":1358,"column":22}},"626":{"start":{"line":1363,"column":6},"end":{"line":1369,"column":9}},"627":{"start":{"line":1364,"column":8},"end":{"line":1368,"column":9}},"628":{"start":{"line":1365,"column":10},"end":{"line":1367,"column":13}},"629":{"start":{"line":1366,"column":12},"end":{"line":1366,"column":34}},"630":{"start":{"line":1377,"column":6},"end":{"line":1379,"column":7}},"631":{"start":{"line":1378,"column":8},"end":{"line":1378,"column":36}},"632":{"start":{"line":1380,"column":6},"end":{"line":1390,"column":7}},"633":{"start":{"line":1381,"column":8},"end":{"line":1381,"column":54}},"634":{"start":{"line":1382,"column":8},"end":{"line":1389,"column":9}},"635":{"start":{"line":1383,"column":10},"end":{"line":1387,"column":11}},"636":{"start":{"line":1384,"column":12},"end":{"line":1384,"column":48}},"637":{"start":{"line":1386,"column":12},"end":{"line":1386,"column":33}},"638":{"start":{"line":1388,"column":10},"end":{"line":1388,"column":64}},"639":{"start":{"line":1391,"column":6},"end":{"line":1391,"column":19}},"640":{"start":{"line":1392,"column":6},"end":{"line":1394,"column":7}},"641":{"start":{"line":1393,"column":8},"end":{"line":1393,"column":76}},"642":{"start":{"line":1395,"column":6},"end":{"line":1395,"column":21}},"643":{"start":{"line":1403,"column":6},"end":{"line":1465,"column":9}},"644":{"start":{"line":1405,"column":8},"end":{"line":1464,"column":9}},"645":{"start":{"line":1406,"column":10},"end":{"line":1408,"column":13}},"646":{"start":{"line":1407,"column":12},"end":{"line":1407,"column":77}},"647":{"start":{"line":1409,"column":10},"end":{"line":1463,"column":13}},"648":{"start":{"line":1411,"column":12},"end":{"line":1411,"column":26}},"649":{"start":{"line":1412,"column":12},"end":{"line":1452,"column":13}},"650":{"start":{"line":1413,"column":14},"end":{"line":1451,"column":15}},"651":{"start":{"line":1414,"column":16},"end":{"line":1414,"column":42}},"652":{"start":{"line":1415,"column":16},"end":{"line":1445,"column":17}},"653":{"start":{"line":1416,"column":18},"end":{"line":1416,"column":31}},"654":{"start":{"line":1417,"column":18},"end":{"line":1417,"column":33}},"655":{"start":{"line":1418,"column":18},"end":{"line":1418,"column":37}},"656":{"start":{"line":1419,"column":18},"end":{"line":1421,"column":21}},"657":{"start":{"line":1420,"column":20},"end":{"line":1420,"column":52}},"658":{"start":{"line":1422,"column":18},"end":{"line":1424,"column":21}},"659":{"start":{"line":1423,"column":20},"end":{"line":1423,"column":56}},"660":{"start":{"line":1425,"column":18},"end":{"line":1425,"column":50}},"661":{"start":{"line":1426,"column":18},"end":{"line":1433,"column":19}},"662":{"start":{"line":1427,"column":20},"end":{"line":1432,"column":21}},"663":{"start":{"line":1428,"column":22},"end":{"line":1428,"column":36}},"664":{"start":{"line":1429,"column":22},"end":{"line":1429,"column":28}},"665":{"start":{"line":1431,"column":22},"end":{"line":1431,"column":66}},"666":{"start":{"line":1434,"column":18},"end":{"line":1444,"column":19}},"667":{"start":{"line":1435,"column":20},"end":{"line":1440,"column":21}},"668":{"start":{"line":1436,"column":22},"end":{"line":1439,"column":23}},"669":{"start":{"line":1437,"column":24},"end":{"line":1437,"column":38}},"670":{"start":{"line":1438,"column":24},"end":{"line":1438,"column":30}},"671":{"start":{"line":1441,"column":20},"end":{"line":1443,"column":21}},"672":{"start":{"line":1442,"column":22},"end":{"line":1442,"column":28}},"673":{"start":{"line":1447,"column":16},"end":{"line":1450,"column":17}},"674":{"start":{"line":1448,"column":18},"end":{"line":1448,"column":31}},"675":{"start":{"line":1449,"column":18},"end":{"line":1449,"column":24}},"676":{"start":{"line":1453,"column":12},"end":{"line":1462,"column":13}},"677":{"start":{"line":1454,"column":14},"end":{"line":1454,"column":60}},"678":{"start":{"line":1455,"column":14},"end":{"line":1458,"column":15}},"679":{"start":{"line":1456,"column":16},"end":{"line":1456,"column":37}},"680":{"start":{"line":1457,"column":16},"end":{"line":1457,"column":54}},"681":{"start":{"line":1459,"column":14},"end":{"line":1461,"column":15}},"682":{"start":{"line":1460,"column":16},"end":{"line":1460,"column":40}},"683":{"start":{"line":1470,"column":6},"end":{"line":1472,"column":7}},"684":{"start":{"line":1471,"column":8},"end":{"line":1471,"column":15}},"685":{"start":{"line":1473,"column":6},"end":{"line":1493,"column":9}},"686":{"start":{"line":1475,"column":8},"end":{"line":1492,"column":9}},"687":{"start":{"line":1476,"column":10},"end":{"line":1476,"column":45}},"688":{"start":{"line":1477,"column":10},"end":{"line":1491,"column":13}},"689":{"start":{"line":1479,"column":12},"end":{"line":1490,"column":13}},"690":{"start":{"line":1480,"column":14},"end":{"line":1489,"column":15}},"691":{"start":{"line":1481,"column":16},"end":{"line":1481,"column":62}},"692":{"start":{"line":1482,"column":16},"end":{"line":1485,"column":17}},"693":{"start":{"line":1483,"column":18},"end":{"line":1483,"column":39}},"694":{"start":{"line":1484,"column":18},"end":{"line":1484,"column":56}},"695":{"start":{"line":1486,"column":16},"end":{"line":1488,"column":17}},"696":{"start":{"line":1487,"column":18},"end":{"line":1487,"column":42}},"697":{"start":{"line":1498,"column":6},"end":{"line":1500,"column":7}},"698":{"start":{"line":1499,"column":8},"end":{"line":1499,"column":21}},"699":{"start":{"line":1501,"column":6},"end":{"line":1501,"column":18}},"700":{"start":{"line":1506,"column":6},"end":{"line":1512,"column":9}},"701":{"start":{"line":1507,"column":8},"end":{"line":1511,"column":9}},"702":{"start":{"line":1508,"column":10},"end":{"line":1510,"column":13}},"703":{"start":{"line":1509,"column":12},"end":{"line":1509,"column":86}},"704":{"start":{"line":1517,"column":6},"end":{"line":1523,"column":9}},"705":{"start":{"line":1518,"column":8},"end":{"line":1522,"column":9}},"706":{"start":{"line":1519,"column":10},"end":{"line":1521,"column":13}},"707":{"start":{"line":1520,"column":12},"end":{"line":1520,"column":48}},"708":{"start":{"line":1530,"column":6},"end":{"line":1646,"column":7}},"709":{"start":{"line":1531,"column":8},"end":{"line":1533,"column":11}},"710":{"start":{"line":1532,"column":10},"end":{"line":1532,"column":110}},"711":{"start":{"line":1534,"column":8},"end":{"line":1534,"column":44}},"712":{"start":{"line":1535,"column":8},"end":{"line":1575,"column":9}},"713":{"start":{"line":1536,"column":10},"end":{"line":1538,"column":11}},"714":{"start":{"line":1537,"column":12},"end":{"line":1537,"column":21}},"715":{"start":{"line":1539,"column":10},"end":{"line":1541,"column":11}},"716":{"start":{"line":1540,"column":12},"end":{"line":1540,"column":21}},"717":{"start":{"line":1542,"column":10},"end":{"line":1542,"column":89}},"718":{"start":{"line":1543,"column":10},"end":{"line":1573,"column":11}},"719":{"start":{"line":1544,"column":12},"end":{"line":1572,"column":13}},"720":{"start":{"line":1545,"column":14},"end":{"line":1545,"column":41}},"721":{"start":{"line":1546,"column":14},"end":{"line":1546,"column":79}},"722":{"start":{"line":1547,"column":14},"end":{"line":1571,"column":15}},"723":{"start":{"line":1548,"column":16},"end":{"line":1553,"column":17}},"724":{"start":{"line":1549,"column":18},"end":{"line":1549,"column":52}},"725":{"start":{"line":1550,"column":18},"end":{"line":1550,"column":65}},"726":{"start":{"line":1551,"column":18},"end":{"line":1551,"column":44}},"727":{"start":{"line":1552,"column":18},"end":{"line":1552,"column":45}},"728":{"start":{"line":1554,"column":16},"end":{"line":1556,"column":20}},"729":{"start":{"line":1555,"column":18},"end":{"line":1555,"column":40}},"730":{"start":{"line":1557,"column":16},"end":{"line":1557,"column":22}},"731":{"start":{"line":1559,"column":16},"end":{"line":1570,"column":17}},"732":{"start":{"line":1560,"column":18},"end":{"line":1560,"column":81}},"733":{"start":{"line":1561,"column":18},"end":{"line":1561,"column":60}},"734":{"start":{"line":1562,"column":18},"end":{"line":1562,"column":61}},"735":{"start":{"line":1563,"column":18},"end":{"line":1563,"column":79}},"736":{"start":{"line":1564,"column":18},"end":{"line":1564,"column":24}},"737":{"start":{"line":1566,"column":18},"end":{"line":1569,"column":19}},"738":{"start":{"line":1567,"column":20},"end":{"line":1567,"column":66}},"739":{"start":{"line":1568,"column":20},"end":{"line":1568,"column":51}},"740":{"start":{"line":1574,"column":10},"end":{"line":1574,"column":46}},"741":{"start":{"line":1576,"column":8},"end":{"line":1578,"column":11}},"742":{"start":{"line":1577,"column":10},"end":{"line":1577,"column":75}},"743":{"start":{"line":1579,"column":8},"end":{"line":1579,"column":44}},"744":{"start":{"line":1580,"column":8},"end":{"line":1580,"column":23}},"745":{"start":{"line":1581,"column":8},"end":{"line":1645,"column":9}},"746":{"start":{"line":1582,"column":10},"end":{"line":1584,"column":11}},"747":{"start":{"line":1583,"column":12},"end":{"line":1583,"column":21}},"748":{"start":{"line":1585,"column":10},"end":{"line":1585,"column":25}},"749":{"start":{"line":1586,"column":10},"end":{"line":1638,"column":11}},"750":{"start":{"line":1587,"column":12},"end":{"line":1637,"column":13}},"751":{"start":{"line":1588,"column":14},"end":{"line":1588,"column":132}},"752":{"start":{"line":1590,"column":14},"end":{"line":1590,"column":98}},"753":{"start":{"line":1591,"column":14},"end":{"line":1636,"column":15}},"754":{"start":{"line":1592,"column":16},"end":{"line":1592,"column":70}},"755":{"start":{"line":1593,"column":16},"end":{"line":1593,"column":67}},"756":{"start":{"line":1594,"column":16},"end":{"line":1594,"column":85}},"757":{"start":{"line":1595,"column":16},"end":{"line":1599,"column":17}},"758":{"start":{"line":1596,"column":18},"end":{"line":1598,"column":19}},"759":{"start":{"line":1597,"column":20},"end":{"line":1597,"column":34}},"760":{"start":{"line":1600,"column":16},"end":{"line":1611,"column":17}},"761":{"start":{"line":1601,"column":18},"end":{"line":1610,"column":19}},"762":{"start":{"line":1602,"column":20},"end":{"line":1602,"column":98}},"763":{"start":{"line":1603,"column":20},"end":{"line":1603,"column":89}},"764":{"start":{"line":1604,"column":20},"end":{"line":1609,"column":21}},"765":{"start":{"line":1605,"column":22},"end":{"line":1608,"column":23}},"766":{"start":{"line":1606,"column":24},"end":{"line":1606,"column":38}},"767":{"start":{"line":1607,"column":24},"end":{"line":1607,"column":30}},"768":{"start":{"line":1613,"column":16},"end":{"line":1613,"column":48}},"769":{"start":{"line":1614,"column":16},"end":{"line":1614,"column":70}},"770":{"start":{"line":1615,"column":16},"end":{"line":1615,"column":73}},"771":{"start":{"line":1616,"column":16},"end":{"line":1616,"column":107}},"772":{"start":{"line":1617,"column":16},"end":{"line":1621,"column":17}},"773":{"start":{"line":1618,"column":18},"end":{"line":1620,"column":19}},"774":{"start":{"line":1619,"column":20},"end":{"line":1619,"column":34}},"775":{"start":{"line":1622,"column":16},"end":{"line":1635,"column":17}},"776":{"start":{"line":1623,"column":18},"end":{"line":1634,"column":19}},"777":{"start":{"line":1624,"column":20},"end":{"line":1624,"column":88}},"778":{"start":{"line":1625,"column":20},"end":{"line":1625,"column":74}},"779":{"start":{"line":1626,"column":20},"end":{"line":1626,"column":77}},"780":{"start":{"line":1627,"column":20},"end":{"line":1627,"column":111}},"781":{"start":{"line":1628,"column":20},"end":{"line":1633,"column":21}},"782":{"start":{"line":1629,"column":22},"end":{"line":1632,"column":23}},"783":{"start":{"line":1630,"column":24},"end":{"line":1630,"column":38}},"784":{"start":{"line":1631,"column":24},"end":{"line":1631,"column":30}},"785":{"start":{"line":1639,"column":10},"end":{"line":1643,"column":11}},"786":{"start":{"line":1640,"column":12},"end":{"line":1640,"column":46}},"787":{"start":{"line":1642,"column":12},"end":{"line":1642,"column":47}},"788":{"start":{"line":1644,"column":10},"end":{"line":1644,"column":46}},"789":{"start":{"line":1647,"column":6},"end":{"line":1647,"column":19}},"790":{"start":{"line":1648,"column":6},"end":{"line":1650,"column":7}},"791":{"start":{"line":1649,"column":8},"end":{"line":1649,"column":104}},"792":{"start":{"line":1651,"column":6},"end":{"line":1651,"column":21}},"793":{"start":{"line":1657,"column":6},"end":{"line":1660,"column":7}},"794":{"start":{"line":1658,"column":8},"end":{"line":1658,"column":30}},"795":{"start":{"line":1659,"column":8},"end":{"line":1659,"column":31}},"796":{"start":{"line":1661,"column":6},"end":{"line":1663,"column":7}},"797":{"start":{"line":1662,"column":8},"end":{"line":1662,"column":29}},"798":{"start":{"line":1664,"column":6},"end":{"line":1664,"column":91}},"799":{"start":{"line":1665,"column":6},"end":{"line":1671,"column":7}},"800":{"start":{"line":1666,"column":8},"end":{"line":1670,"column":9}},"801":{"start":{"line":1667,"column":10},"end":{"line":1669,"column":11}},"802":{"start":{"line":1668,"column":12},"end":{"line":1668,"column":63}},"803":{"start":{"line":1672,"column":6},"end":{"line":1674,"column":7}},"804":{"start":{"line":1673,"column":8},"end":{"line":1673,"column":66}},"805":{"start":{"line":1675,"column":6},"end":{"line":1677,"column":7}},"806":{"start":{"line":1676,"column":8},"end":{"line":1676,"column":34}},"807":{"start":{"line":1685,"column":6},"end":{"line":1690,"column":7}},"808":{"start":{"line":1686,"column":8},"end":{"line":1688,"column":11}},"809":{"start":{"line":1687,"column":10},"end":{"line":1687,"column":34}},"810":{"start":{"line":1689,"column":8},"end":{"line":1689,"column":41}},"811":{"start":{"line":1691,"column":6},"end":{"line":1691,"column":19}},"812":{"start":{"line":1692,"column":6},"end":{"line":1694,"column":7}},"813":{"start":{"line":1693,"column":8},"end":{"line":1693,"column":64}},"814":{"start":{"line":1695,"column":6},"end":{"line":1695,"column":21}},"815":{"start":{"line":1700,"column":6},"end":{"line":1706,"column":9}},"816":{"start":{"line":1701,"column":8},"end":{"line":1705,"column":9}},"817":{"start":{"line":1702,"column":10},"end":{"line":1704,"column":13}},"818":{"start":{"line":1703,"column":12},"end":{"line":1703,"column":48}},"819":{"start":{"line":1711,"column":6},"end":{"line":1724,"column":9}},"820":{"start":{"line":1713,"column":8},"end":{"line":1723,"column":9}},"821":{"start":{"line":1714,"column":10},"end":{"line":1714,"column":23}},"822":{"start":{"line":1715,"column":10},"end":{"line":1721,"column":11}},"823":{"start":{"line":1716,"column":12},"end":{"line":1720,"column":13}},"824":{"start":{"line":1717,"column":14},"end":{"line":1717,"column":75}},"825":{"start":{"line":1719,"column":14},"end":{"line":1719,"column":35}},"826":{"start":{"line":1722,"column":10},"end":{"line":1722,"column":25}},"827":{"start":{"line":1730,"column":6},"end":{"line":1735,"column":7}},"828":{"start":{"line":1731,"column":8},"end":{"line":1733,"column":11}},"829":{"start":{"line":1732,"column":10},"end":{"line":1732,"column":34}},"830":{"start":{"line":1734,"column":8},"end":{"line":1734,"column":33}},"831":{"start":{"line":1736,"column":6},"end":{"line":1741,"column":7}},"832":{"start":{"line":1737,"column":8},"end":{"line":1739,"column":11}},"833":{"start":{"line":1738,"column":10},"end":{"line":1738,"column":34}},"834":{"start":{"line":1740,"column":8},"end":{"line":1740,"column":41}},"835":{"start":{"line":1742,"column":6},"end":{"line":1744,"column":7}},"836":{"start":{"line":1743,"column":8},"end":{"line":1743,"column":38}},"837":{"start":{"line":1745,"column":6},"end":{"line":1750,"column":7}},"838":{"start":{"line":1746,"column":8},"end":{"line":1748,"column":9}},"839":{"start":{"line":1747,"column":10},"end":{"line":1747,"column":50}},"840":{"start":{"line":1749,"column":8},"end":{"line":1749,"column":33}},"841":{"start":{"line":1751,"column":6},"end":{"line":1751,"column":25}},"842":{"start":{"line":1752,"column":6},"end":{"line":1752,"column":40}},"843":{"start":{"line":1753,"column":6},"end":{"line":1753,"column":24}},"844":{"start":{"line":1754,"column":6},"end":{"line":1754,"column":27}},"845":{"start":{"line":1755,"column":6},"end":{"line":1755,"column":33}},"846":{"start":{"line":1760,"column":6},"end":{"line":1760,"column":41}},"847":{"start":{"line":1766,"column":2},"end":{"line":1766,"column":39}},"848":{"start":{"line":1769,"column":2},"end":{"line":1769,"column":25}},"849":{"start":{"line":1771,"column":2},"end":{"line":1771,"column":33}},"850":{"start":{"line":1773,"column":2},"end":{"line":1773,"column":33}},"851":{"start":{"line":1775,"column":2},"end":{"line":1775,"column":34}},"852":{"start":{"line":1777,"column":2},"end":{"line":1777,"column":36}},"853":{"start":{"line":1779,"column":2},"end":{"line":1779,"column":55}},"854":{"start":{"line":1782,"column":2},"end":{"line":1782,"column":40}},"855":{"start":{"line":1784,"column":2},"end":{"line":1784,"column":57}},"856":{"start":{"line":1786,"column":2},"end":{"line":1786,"column":18}},"857":{"start":{"line":1797,"column":0},"end":{"line":1877,"column":2}},"858":{"start":{"line":1799,"column":2},"end":{"line":1799,"column":14}},"859":{"start":{"line":1800,"column":2},"end":{"line":1800,"column":20}},"860":{"start":{"line":1801,"column":2},"end":{"line":1801,"column":15}},"861":{"start":{"line":1802,"column":2},"end":{"line":1802,"column":18}},"862":{"start":{"line":1803,"column":2},"end":{"line":1803,"column":36}},"863":{"start":{"line":1804,"column":2},"end":{"line":1804,"column":34}},"864":{"start":{"line":1805,"column":2},"end":{"line":1805,"column":43}},"865":{"start":{"line":1806,"column":2},"end":{"line":1806,"column":41}},"866":{"start":{"line":1807,"column":2},"end":{"line":1852,"column":3}},"867":{"start":{"line":1808,"column":4},"end":{"line":1808,"column":26}},"868":{"start":{"line":1809,"column":4},"end":{"line":1809,"column":32}},"869":{"start":{"line":1810,"column":4},"end":{"line":1810,"column":34}},"870":{"start":{"line":1812,"column":4},"end":{"line":1816,"column":5}},"871":{"start":{"line":1813,"column":6},"end":{"line":1815,"column":7}},"872":{"start":{"line":1814,"column":8},"end":{"line":1814,"column":36}},"873":{"start":{"line":1818,"column":4},"end":{"line":1825,"column":5}},"874":{"start":{"line":1819,"column":6},"end":{"line":1821,"column":7}},"875":{"start":{"line":1820,"column":8},"end":{"line":1820,"column":52}},"876":{"start":{"line":1822,"column":6},"end":{"line":1824,"column":7}},"877":{"start":{"line":1823,"column":8},"end":{"line":1823,"column":58}},"878":{"start":{"line":1828,"column":4},"end":{"line":1851,"column":5}},"879":{"start":{"line":1830,"column":6},"end":{"line":1830,"column":148}},"880":{"start":{"line":1832,"column":6},"end":{"line":1832,"column":39}},"881":{"start":{"line":1833,"column":6},"end":{"line":1833,"column":43}},"882":{"start":{"line":1834,"column":6},"end":{"line":1834,"column":43}},"883":{"start":{"line":1836,"column":6},"end":{"line":1836,"column":40}},"884":{"start":{"line":1837,"column":6},"end":{"line":1837,"column":44}},"885":{"start":{"line":1838,"column":6},"end":{"line":1838,"column":44}},"886":{"start":{"line":1840,"column":6},"end":{"line":1844,"column":7}},"887":{"start":{"line":1841,"column":8},"end":{"line":1841,"column":34}},"888":{"start":{"line":1842,"column":8},"end":{"line":1842,"column":38}},"889":{"start":{"line":1843,"column":8},"end":{"line":1843,"column":38}},"890":{"start":{"line":1846,"column":6},"end":{"line":1850,"column":7}},"891":{"start":{"line":1847,"column":8},"end":{"line":1847,"column":40}},"892":{"start":{"line":1848,"column":8},"end":{"line":1848,"column":44}},"893":{"start":{"line":1849,"column":8},"end":{"line":1849,"column":44}},"894":{"start":{"line":1853,"column":2},"end":{"line":1853,"column":34}},"895":{"start":{"line":1854,"column":2},"end":{"line":1854,"column":77}},"896":{"start":{"line":1855,"column":2},"end":{"line":1855,"column":73}},"897":{"start":{"line":1856,"column":2},"end":{"line":1856,"column":72}},"898":{"start":{"line":1857,"column":2},"end":{"line":1857,"column":81}},"899":{"start":{"line":1859,"column":2},"end":{"line":1875,"column":3}},"900":{"start":{"line":1860,"column":4},"end":{"line":1860,"column":15}},"901":{"start":{"line":1861,"column":4},"end":{"line":1861,"column":18}},"902":{"start":{"line":1863,"column":4},"end":{"line":1868,"column":5}},"903":{"start":{"line":1864,"column":6},"end":{"line":1864,"column":34}},"904":{"start":{"line":1865,"column":6},"end":{"line":1865,"column":56}},"905":{"start":{"line":1866,"column":6},"end":{"line":1866,"column":36}},"906":{"start":{"line":1867,"column":6},"end":{"line":1867,"column":38}},"907":{"start":{"line":1870,"column":4},"end":{"line":1873,"column":5}},"908":{"start":{"line":1871,"column":6},"end":{"line":1871,"column":71}},"909":{"start":{"line":1872,"column":6},"end":{"line":1872,"column":41}},"910":{"start":{"line":1874,"column":4},"end":{"line":1874,"column":29}},"911":{"start":{"line":1876,"column":2},"end":{"line":1876,"column":18}},"912":{"start":{"line":1886,"column":0},"end":{"line":1890,"column":2}},"913":{"start":{"line":1888,"column":2},"end":{"line":1888,"column":43}},"914":{"start":{"line":1889,"column":2},"end":{"line":1889,"column":40}},"915":{"start":{"line":1902,"column":0},"end":{"line":1987,"column":2}},"916":{"start":{"line":1904,"column":2},"end":{"line":1907,"column":3}},"917":{"start":{"line":1906,"column":4},"end":{"line":1906,"column":15}},"918":{"start":{"line":1909,"column":2},"end":{"line":1911,"column":3}},"919":{"start":{"line":1910,"column":4},"end":{"line":1910,"column":59}},"920":{"start":{"line":1913,"column":2},"end":{"line":1913,"column":36}},"921":{"start":{"line":1914,"column":2},"end":{"line":1914,"column":26}},"922":{"start":{"line":1915,"column":2},"end":{"line":1915,"column":60}},"923":{"start":{"line":1916,"column":2},"end":{"line":1916,"column":27}},"924":{"start":{"line":1917,"column":2},"end":{"line":1917,"column":34}},"925":{"start":{"line":1918,"column":2},"end":{"line":1918,"column":40}},"926":{"start":{"line":1919,"column":2},"end":{"line":1919,"column":41}},"927":{"start":{"line":1920,"column":2},"end":{"line":1920,"column":42}},"928":{"start":{"line":1922,"column":2},"end":{"line":1924,"column":5}},"929":{"start":{"line":1923,"column":4},"end":{"line":1923,"column":13}},"930":{"start":{"line":1925,"column":2},"end":{"line":1925,"column":13}},"931":{"start":{"line":1926,"column":2},"end":{"line":1971,"column":3}},"932":{"start":{"line":1927,"column":4},"end":{"line":1927,"column":18}},"933":{"start":{"line":1929,"column":4},"end":{"line":1950,"column":5}},"934":{"start":{"line":1930,"column":6},"end":{"line":1930,"column":33}},"935":{"start":{"line":1931,"column":6},"end":{"line":1931,"column":38}},"936":{"start":{"line":1932,"column":6},"end":{"line":1932,"column":32}},"937":{"start":{"line":1934,"column":6},"end":{"line":1934,"column":122}},"938":{"start":{"line":1935,"column":6},"end":{"line":1935,"column":134}},"939":{"start":{"line":1936,"column":6},"end":{"line":1936,"column":35}},"940":{"start":{"line":1937,"column":6},"end":{"line":1937,"column":57}},"941":{"start":{"line":1939,"column":6},"end":{"line":1942,"column":17}},"942":{"start":{"line":1944,"column":6},"end":{"line":1948,"column":17}},"943":{"start":{"line":1949,"column":6},"end":{"line":1949,"column":62}},"944":{"start":{"line":1952,"column":4},"end":{"line":1970,"column":5}},"945":{"start":{"line":1953,"column":6},"end":{"line":1953,"column":23}},"946":{"start":{"line":1955,"column":6},"end":{"line":1961,"column":7}},"947":{"start":{"line":1956,"column":8},"end":{"line":1956,"column":26}},"948":{"start":{"line":1957,"column":8},"end":{"line":1960,"column":9}},"949":{"start":{"line":1958,"column":10},"end":{"line":1958,"column":63}},"950":{"start":{"line":1959,"column":10},"end":{"line":1959,"column":39}},"951":{"start":{"line":1962,"column":6},"end":{"line":1964,"column":7}},"952":{"start":{"line":1963,"column":8},"end":{"line":1963,"column":28}},"953":{"start":{"line":1967,"column":6},"end":{"line":1967,"column":51}},"954":{"start":{"line":1968,"column":6},"end":{"line":1968,"column":35}},"955":{"start":{"line":1969,"column":6},"end":{"line":1969,"column":26}},"956":{"start":{"line":1973,"column":2},"end":{"line":1979,"column":3}},"957":{"start":{"line":1974,"column":4},"end":{"line":1978,"column":5}},"958":{"start":{"line":1975,"column":6},"end":{"line":1975,"column":36}},"959":{"start":{"line":1977,"column":6},"end":{"line":1977,"column":24}},"960":{"start":{"line":1981,"column":2},"end":{"line":1981,"column":46}},"961":{"start":{"line":1983,"column":2},"end":{"line":1985,"column":3}},"962":{"start":{"line":1984,"column":4},"end":{"line":1984,"column":24}},"963":{"start":{"line":1986,"column":2},"end":{"line":1986,"column":18}},"964":{"start":{"line":2014,"column":0},"end":{"line":2044,"column":2}},"965":{"start":{"line":2056,"column":0},"end":{"line":2090,"column":2}},"966":{"start":{"line":2059,"column":2},"end":{"line":2089,"column":3}},"967":{"start":{"line":2061,"column":4},"end":{"line":2061,"column":22}},"968":{"start":{"line":2062,"column":4},"end":{"line":2062,"column":22}},"969":{"start":{"line":2063,"column":4},"end":{"line":2063,"column":65}},"970":{"start":{"line":2064,"column":4},"end":{"line":2064,"column":69}},"971":{"start":{"line":2067,"column":4},"end":{"line":2067,"column":23}},"972":{"start":{"line":2068,"column":4},"end":{"line":2068,"column":23}},"973":{"start":{"line":2070,"column":4},"end":{"line":2083,"column":5}},"974":{"start":{"line":2071,"column":6},"end":{"line":2071,"column":46}},"975":{"start":{"line":2072,"column":6},"end":{"line":2072,"column":46}},"976":{"start":{"line":2074,"column":6},"end":{"line":2074,"column":43}},"977":{"start":{"line":2075,"column":6},"end":{"line":2075,"column":43}},"978":{"start":{"line":2077,"column":6},"end":{"line":2082,"column":7}},"979":{"start":{"line":2078,"column":8},"end":{"line":2078,"column":40}},"980":{"start":{"line":2080,"column":8},"end":{"line":2080,"column":92}},"981":{"start":{"line":2081,"column":8},"end":{"line":2081,"column":48}},"982":{"start":{"line":2085,"column":4},"end":{"line":2085,"column":65}},"983":{"start":{"line":2086,"column":4},"end":{"line":2086,"column":65}},"984":{"start":{"line":2087,"column":4},"end":{"line":2087,"column":58}},"985":{"start":{"line":2088,"column":4},"end":{"line":2088,"column":22}},"986":{"start":{"line":2102,"column":0},"end":{"line":2163,"column":2}},"987":{"start":{"line":2105,"column":2},"end":{"line":2105,"column":28}},"988":{"start":{"line":2106,"column":2},"end":{"line":2106,"column":27}},"989":{"start":{"line":2108,"column":2},"end":{"line":2152,"column":3}},"990":{"start":{"line":2110,"column":4},"end":{"line":2110,"column":30}},"991":{"start":{"line":2111,"column":4},"end":{"line":2111,"column":30}},"992":{"start":{"line":2113,"column":4},"end":{"line":2116,"column":5}},"993":{"start":{"line":2114,"column":6},"end":{"line":2114,"column":54}},"994":{"start":{"line":2115,"column":6},"end":{"line":2115,"column":48}},"995":{"start":{"line":2117,"column":4},"end":{"line":2120,"column":5}},"996":{"start":{"line":2118,"column":6},"end":{"line":2118,"column":54}},"997":{"start":{"line":2119,"column":6},"end":{"line":2119,"column":48}},"998":{"start":{"line":2124,"column":4},"end":{"line":2124,"column":35}},"999":{"start":{"line":2125,"column":4},"end":{"line":2125,"column":35}},"1000":{"start":{"line":2128,"column":4},"end":{"line":2128,"column":49}},"1001":{"start":{"line":2129,"column":4},"end":{"line":2129,"column":49}},"1002":{"start":{"line":2131,"column":4},"end":{"line":2131,"column":54}},"1003":{"start":{"line":2133,"column":4},"end":{"line":2133,"column":39}},"1004":{"start":{"line":2134,"column":4},"end":{"line":2134,"column":39}},"1005":{"start":{"line":2136,"column":4},"end":{"line":2136,"column":55}},"1006":{"start":{"line":2137,"column":4},"end":{"line":2137,"column":55}},"1007":{"start":{"line":2139,"column":4},"end":{"line":2139,"column":88}},"1008":{"start":{"line":2140,"column":4},"end":{"line":2140,"column":88}},"1009":{"start":{"line":2142,"column":4},"end":{"line":2144,"column":5}},"1010":{"start":{"line":2143,"column":6},"end":{"line":2143,"column":54}},"1011":{"start":{"line":2145,"column":4},"end":{"line":2147,"column":5}},"1012":{"start":{"line":2146,"column":6},"end":{"line":2146,"column":54}},"1013":{"start":{"line":2150,"column":4},"end":{"line":2150,"column":88}},"1014":{"start":{"line":2151,"column":4},"end":{"line":2151,"column":88}},"1015":{"start":{"line":2156,"column":2},"end":{"line":2156,"column":23}},"1016":{"start":{"line":2157,"column":2},"end":{"line":2157,"column":24}},"1017":{"start":{"line":2159,"column":2},"end":{"line":2159,"column":36}},"1018":{"start":{"line":2161,"column":2},"end":{"line":2161,"column":46}},"1019":{"start":{"line":2162,"column":2},"end":{"line":2162,"column":18}},"1020":{"start":{"line":2190,"column":0},"end":{"line":2230,"column":2}},"1021":{"start":{"line":2242,"column":0},"end":{"line":2276,"column":2}},"1022":{"start":{"line":2245,"column":2},"end":{"line":2275,"column":3}},"1023":{"start":{"line":2247,"column":4},"end":{"line":2247,"column":22}},"1024":{"start":{"line":2248,"column":4},"end":{"line":2248,"column":22}},"1025":{"start":{"line":2249,"column":4},"end":{"line":2249,"column":65}},"1026":{"start":{"line":2250,"column":4},"end":{"line":2250,"column":72}},"1027":{"start":{"line":2253,"column":4},"end":{"line":2253,"column":23}},"1028":{"start":{"line":2254,"column":4},"end":{"line":2254,"column":23}},"1029":{"start":{"line":2256,"column":4},"end":{"line":2269,"column":5}},"1030":{"start":{"line":2257,"column":6},"end":{"line":2257,"column":46}},"1031":{"start":{"line":2258,"column":6},"end":{"line":2258,"column":46}},"1032":{"start":{"line":2260,"column":6},"end":{"line":2260,"column":43}},"1033":{"start":{"line":2261,"column":6},"end":{"line":2261,"column":43}},"1034":{"start":{"line":2263,"column":6},"end":{"line":2268,"column":7}},"1035":{"start":{"line":2264,"column":8},"end":{"line":2264,"column":40}},"1036":{"start":{"line":2266,"column":8},"end":{"line":2266,"column":92}},"1037":{"start":{"line":2267,"column":8},"end":{"line":2267,"column":48}},"1038":{"start":{"line":2271,"column":4},"end":{"line":2271,"column":68}},"1039":{"start":{"line":2272,"column":4},"end":{"line":2272,"column":65}},"1040":{"start":{"line":2273,"column":4},"end":{"line":2273,"column":58}},"1041":{"start":{"line":2274,"column":4},"end":{"line":2274,"column":22}},"1042":{"start":{"line":2288,"column":0},"end":{"line":2352,"column":2}},"1043":{"start":{"line":2291,"column":2},"end":{"line":2291,"column":28}},"1044":{"start":{"line":2292,"column":2},"end":{"line":2292,"column":27}},"1045":{"start":{"line":2294,"column":2},"end":{"line":2341,"column":3}},"1046":{"start":{"line":2296,"column":4},"end":{"line":2296,"column":30}},"1047":{"start":{"line":2297,"column":4},"end":{"line":2297,"column":30}},"1048":{"start":{"line":2299,"column":4},"end":{"line":2302,"column":5}},"1049":{"start":{"line":2300,"column":6},"end":{"line":2300,"column":54}},"1050":{"start":{"line":2301,"column":6},"end":{"line":2301,"column":48}},"1051":{"start":{"line":2303,"column":4},"end":{"line":2306,"column":5}},"1052":{"start":{"line":2304,"column":6},"end":{"line":2304,"column":54}},"1053":{"start":{"line":2305,"column":6},"end":{"line":2305,"column":48}},"1054":{"start":{"line":2310,"column":4},"end":{"line":2310,"column":35}},"1055":{"start":{"line":2311,"column":4},"end":{"line":2311,"column":35}},"1056":{"start":{"line":2314,"column":4},"end":{"line":2314,"column":49}},"1057":{"start":{"line":2315,"column":4},"end":{"line":2315,"column":49}},"1058":{"start":{"line":2317,"column":4},"end":{"line":2317,"column":54}},"1059":{"start":{"line":2319,"column":4},"end":{"line":2319,"column":39}},"1060":{"start":{"line":2320,"column":4},"end":{"line":2320,"column":39}},"1061":{"start":{"line":2322,"column":4},"end":{"line":2322,"column":58}},"1062":{"start":{"line":2323,"column":4},"end":{"line":2323,"column":58}},"1063":{"start":{"line":2326,"column":4},"end":{"line":2326,"column":50}},"1064":{"start":{"line":2327,"column":4},"end":{"line":2327,"column":23}},"1065":{"start":{"line":2329,"column":4},"end":{"line":2329,"column":88}},"1066":{"start":{"line":2330,"column":4},"end":{"line":2330,"column":88}},"1067":{"start":{"line":2332,"column":4},"end":{"line":2334,"column":5}},"1068":{"start":{"line":2333,"column":6},"end":{"line":2333,"column":54}},"1069":{"start":{"line":2335,"column":4},"end":{"line":2337,"column":5}},"1070":{"start":{"line":2336,"column":6},"end":{"line":2336,"column":54}},"1071":{"start":{"line":2340,"column":4},"end":{"line":2340,"column":88}},"1072":{"start":{"line":2345,"column":2},"end":{"line":2345,"column":23}},"1073":{"start":{"line":2346,"column":2},"end":{"line":2346,"column":24}},"1074":{"start":{"line":2348,"column":2},"end":{"line":2348,"column":36}},"1075":{"start":{"line":2350,"column":2},"end":{"line":2350,"column":46}},"1076":{"start":{"line":2351,"column":2},"end":{"line":2351,"column":18}},"1077":{"start":{"line":2380,"column":0},"end":{"line":2430,"column":2}},"1078":{"start":{"line":2442,"column":0},"end":{"line":2476,"column":2}},"1079":{"start":{"line":2445,"column":2},"end":{"line":2475,"column":3}},"1080":{"start":{"line":2447,"column":4},"end":{"line":2447,"column":22}},"1081":{"start":{"line":2448,"column":4},"end":{"line":2448,"column":22}},"1082":{"start":{"line":2449,"column":4},"end":{"line":2449,"column":65}},"1083":{"start":{"line":2450,"column":4},"end":{"line":2450,"column":73}},"1084":{"start":{"line":2453,"column":4},"end":{"line":2453,"column":23}},"1085":{"start":{"line":2454,"column":4},"end":{"line":2454,"column":23}},"1086":{"start":{"line":2456,"column":4},"end":{"line":2469,"column":5}},"1087":{"start":{"line":2457,"column":6},"end":{"line":2457,"column":46}},"1088":{"start":{"line":2458,"column":6},"end":{"line":2458,"column":46}},"1089":{"start":{"line":2460,"column":6},"end":{"line":2460,"column":43}},"1090":{"start":{"line":2461,"column":6},"end":{"line":2461,"column":43}},"1091":{"start":{"line":2463,"column":6},"end":{"line":2468,"column":7}},"1092":{"start":{"line":2464,"column":8},"end":{"line":2464,"column":40}},"1093":{"start":{"line":2466,"column":8},"end":{"line":2466,"column":92}},"1094":{"start":{"line":2467,"column":8},"end":{"line":2467,"column":48}},"1095":{"start":{"line":2471,"column":4},"end":{"line":2471,"column":69}},"1096":{"start":{"line":2472,"column":4},"end":{"line":2472,"column":65}},"1097":{"start":{"line":2473,"column":4},"end":{"line":2473,"column":58}},"1098":{"start":{"line":2474,"column":4},"end":{"line":2474,"column":22}},"1099":{"start":{"line":2488,"column":0},"end":{"line":2551,"column":2}},"1100":{"start":{"line":2491,"column":2},"end":{"line":2491,"column":28}},"1101":{"start":{"line":2492,"column":2},"end":{"line":2492,"column":27}},"1102":{"start":{"line":2494,"column":2},"end":{"line":2538,"column":3}},"1103":{"start":{"line":2496,"column":4},"end":{"line":2496,"column":30}},"1104":{"start":{"line":2497,"column":4},"end":{"line":2497,"column":30}},"1105":{"start":{"line":2499,"column":4},"end":{
[...]
8":0,"519":0,"520":0,"521":0,"522":0,"523":0,"524":0,"525":0,"526":0,"527":0,"528":0,"529":0,"530":0,"531":0,"532":0,"533":0,"534":0,"535":0,"536":0,"537":0,"538":0,"539":0,"540":0,"541":0,"542":0,"543":0,"544":0,"545":0,"546":0,"547":0,"548":0,"549":0,"550":0,"551":0,"552":0,"553":0,"554":0,"555":0,"556":0,"557":0,"558":0,"559":0,"560":0,"561":0,"562":0,"563":0,"564":0,"565":0,"566":0,"567":0,"568":0,"569":0,"570":0,"571":0,"572":0,"573":0,"574":0,"575":0,"576":0,"577":0,"578":0,"579":0,"580":0,"581":0,"582":0,"583":0,"584":0,"585":0,"586":0,"587":0,"588":0,"589":0,"590":0,"591":0,"592":0,"593":0,"594":0,"595":0,"596":0,"597":0,"598":0,"599":0,"600":0,"601":0,"602":0,"603":0,"604":0,"605":0,"606":0,"607":0,"608":0,"609":0,"610":0,"611":0,"612":0,"613":0,"614":0,"615":0,"616":0,"617":0,"618":0,"619":0,"620":0,"621":0,"622":0,"623":0,"624":0,"625":0,"626":0,"627":0,"628":0,"629":0,"630":0,"631":0,"632":0,"633":0,"634":0,"635":0,"636":0,"637":0,"638":0,"639":0,"640":0,"641":0,"642":0,"643":0,"644":0,"645":0,"646":0,"647":0,"648":0,"649":0,"650":0,"651":0,"652":0,"653":0,"654":0,"655":0,"656":0,"657":0,"658":0,"659":0,"660":0,"661":0,"662":0,"663":0,"664":0,"665":0,"666":0,"667":0,"668":0,"669":0,"670":0,"671":0,"672":0,"673":0,"674":0,"675":0,"676":0,"677":0,"678":0,"679":0,"680":0,"681":0,"682":0,"683":0,"684":0,"685":0,"686":0,"687":0,"688":0,"689":0,"690":0,"691":0,"692":0,"693":0,"694":0,"695":0,"696":0,"697":0,"698":0,"699":0,"700":0,"701":0,"702":0,"703":0,"704":0,"705":0,"706":0,"707":0,"708":0,"709":0,"710":0,"711":0,"712":0,"713":0,"714":0,"715":0,"716":0,"717":0,"718":0,"719":0,"720":0,"721":0,"722":0,"723":0,"724":0,"725":0,"726":0,"727":0,"728":0,"729":0,"730":0,"731":0,"732":0,"733":0,"734":0,"735":0,"736":0,"737":0,"738":0,"739":0,"740":0,"741":0,"742":0,"743":0,"744":0,"745":0,"746":0,"747":0,"748":0,"749":0,"750":0,"751":0,"752":0,"753":0,"754":0,"755":0,"756":0,"757":0,"758":0,"759":0,"760":0,"761":0,"762":0,"763":0,"764":0,"765":0,"766":0,"767":0,"768":0,"769":0,"770":0,"771":0,"772":0,"773":0,"774":0,"775":0,"776":0,"777":0,"778":0,"779":0,"780":0,"781":0,"782":0,"783":0,"784":0,"785":0,"786":0,"787":0,"788":0,"789":0,"790":0,"791":0,"792":0,"793":0,"794":0,"795":0,"796":0,"797":0,"798":0,"799":0,"800":0,"801":0,"802":0,"803":0,"804":0,"805":0,"806":0,"807":0,"808":0,"809":0,"810":0,"811":0,"812":0,"813":0,"814":0,"815":0,"816":0,"817":0,"818":0,"819":0,"820":0,"821":0,"822":0,"823":0,"824":0,"825":0,"826":0,"827":0,"828":0,"829":0,"830":0,"831":0,"832":0,"833":0,"834":0,"835":0,"836":0,"837":0,"838":0,"839":0,"840":0,"841":0,"842":0,"843":0,"844":0,"845":0,"846":0,"847":1,"848":1,"849":1,"850":1,"851":1,"852":1,"853":1,"854":1,"855":1,"856":1,"857":1,"858":0,"859":0,"860":0,"861":0,"862":0,"863":0,"864":0,"865":0,"866":0,"867":0,"868":0,"869":0,"870":0,"871":0,"872":0,"873":0,"874":0,"875":0,"876":0,"877":0,"878":0,"879":0,"880":0,"881":0,"882":0,"883":0,"884":0,"885":0,"886":0,"887":0,"888":0,"889":0,"890":0,"891":0,"892":0,"893":0,"894":0,"895":0,"896":0,"897":0,"898":0,"899":0,"900":0,"901":0,"902":0,"903":0,"904":0,"905":0,"906":0,"907":0,"908":0,"909":0,"910":0,"911":0,"912":1,"913":0,"914":0,"915":1,"916":0,"917":0,"918":0,"919":0,"920":0,"921":0,"922":0,"923":0,"924":0,"925":0,"926":0,"927":0,"928":0,"929":0,"930":0,"931":0,"932":0,"933":0,"934":0,"935":0,"936":0,"937":0,"938":0,"939":0,"940":0,"941":0,"942":0,"943":0,"944":0,"945":0,"946":0,"947":0,"948":0,"949":0,"950":0,"951":0,"952":0,"953":0,"954":0,"955":0,"956":0,"957":0,"958":0,"959":0,"960":0,"961":0,"962":0,"963":0,"964":1,"965":1,"966":0,"967":0,"968":0,"969":0,"970":0,"971":0,"972":0,"973":0,"974":0,"975":0,"976":0,"977":0,"978":0,"979":0,"980":0,"981":0,"982":0,"983":0,"984":0,"985":0,"986":1,"987":0,"988":0,"989":0,"990":0,"991":0,"992":0,"993":0,"994":0,"995":0,"996":0,"997":0,"998":0,"999":0,"1000":0,"1001":0,"1002":0,"1003":0,"1004":0,"1005":0,"1006":0,"1007":0,"1008":0,"1009":0,"1010":0,"1011":0,"1012":0,"1013":0,"1014":0,"1015":0,"1016":0,"1017":0,"1018":0,"1019":0,"1020":1,"1021":1,"1022":0,"1023":0,"1024":0,"1025":0,"1026":0,"1027":0,"1028":0,"1029":0,"1030":0,"1031":0,"1032":0,"1033":0,"1034":0,"1035":0,"1036":0,"1037":0,"1038":0,"1039":0,"1040":0,"1041":0,"1042":1,"1043":0,"1044":0,"1045":0,"1046":0,"1047":0,"1048":0,"1049":0,"1050":0,"1051":0,"1052":0,"1053":0,"1054":0,"1055":0,"1056":0,"1057":0,"1058":0,"1059":0,"1060":0,"1061":0,"1062":0,"1063":0,"1064":0,"1065":0,"1066":0,"1067":0,"1068":0,"1069":0,"1070":0,"1071":0,"1072":0,"1073":0,"1074":0,"1075":0,"1076":0,"1077":1,"1078":1,"1079":0,"1080":0,"1081":0,"1082":0,"1083":0,"1084":0,"1085":0,"1086":0,"1087":0,"1088":0,"1089":0,"1090":0,"1091":0,"1092":0,"1093":0,"1094":0,"1095":0,"1096":0,"1097":0,"1098":0,"1099":1,"1100":0,"1101":0,"1102":0,"1103":0,"1104":0,"1105":0,"1106":0,"1107":0,"1108":0,"1109":0,"1110":0,"1111":0,"1112":0,"1113":0,"1114":0,"1115":0,"1116":0,"1117":0,"1118":0,"1119":0,"1120":0,"1121":0,"1122":0,"1123":0,"1124":0,"1125":0,"1126":0,"1127":0,"1128":0,"1129":0,"1130":0,"1131":0,"1132":0,"1133":1,"1134":0,"1135":0,"1136":0,"1137":0,"1138":0,"1139":0,"1140":0,"1141":0,"1142":0,"1143":0,"1144":0,"1145":0,"1146":0,"1147":0,"1148":0,"1149":0,"1150":0,"1151":0,"1152":0,"1153":0,"1154":0,"1155":0,"1156":0,"1157":0,"1158":0,"1159":0,"1160":0,"1161":0,"1162":0,"1163":0,"1164":0,"1165":0,"1166":0,"1167":0,"1168":0,"1169":0,"1170":0,"1171":0,"1172":0,"1173":0,"1174":0,"1175":0,"1176":0,"1177":0,"1178":0,"1179":0,"1180":0,"1181":0,"1182":0,"1183":0,"1184":0,"1185":0,"1186":0,"1187":0,"1188":0,"1189":0,"1190":0,"1191":0,"1192":0,"1193":0,"1194":0,"1195":0,"1196":0,"1197":0,"1198":0,"1199":0,"1200":0,"1201":0,"1202":0,"1203":0,"1204":0,"1205":0,"1206":0,"1207":0,"1208":0,"1209":0,"1210":0,"1211":0,"1212":0,"1213":0,"1214":0,"1215":0,"1216":0,"1217":0,"1218":0,"1219":0,"1220":0,"1221":0,"1222":0,"1223":0,"1224":0,"1225":0,"1226":0,"1227":0,"1228":0,"1229":0,"1230":0,"1231":0,"1232":0,"1233":0,"1234":0,"1235":0,"1236":0,"1237":0,"1238":0,"1239":0,"1240":0,"1241":0,"1242":0,"1243":0,"1244":0,"1245":0,"1246":0,"1247":0,"1248":0,"1249":0,"1250":0,"1251":0,"1252":0,"1253":0,"1254":0,"1255":0,"1256":0,"1257":0,"1258":0,"1259":0,"1260":0,"1261":0,"1262":0,"1263":0,"1264":0,"1265":0,"1266":0,"1267":0,"1268":0,"1269":0,"1270":0,"1271":0,"1272":0,"1273":0,"1274":0,"1275":0,"1276":0,"1277":0,"1278":0,"1279":0,"1280":0,"1281":0,"1282":0,"1283":0,"1284":0,"1285":0,"1286":0,"1287":0,"1288":0,"1289":0,"1290":0,"1291":0,"1292":0,"1293":0,"1294":0,"1295":0,"1296":0,"1297":0,"1298":0,"1299":0,"1300":0,"1301":0,"1302":0,"1303":0,"1304":0,"1305":0,"1306":0,"1307":0,"1308":0,"1309":0,"1310":0,"1311":0,"1312":0,"1313":0,"1314":0,"1315":0,"1316":0,"1317":0,"1318":0,"1319":0,"1320":0,"1321":0,"1322":0,"1323":0,"1324":0,"1325":0,"1326":0,"1327":0,"1328":0,"1329":0,"1330":0,"1331":0,"1332":0,"1333":0,"1334":0,"1335":0,"1336":0,"1337":0,"1338":0,"1339":0,"1340":0,"1341":0,"1342":0,"1343":0,"1344":0,"1345":0,"1346":0,"1347":0,"1348":0,"1349":0,"1350":0,"1351":0,"1352":0,"1353":0,"1354":0,"1355":0,"1356":0,"1357":0,"1358":0,"1359":0,"1360":0,"1361":0,"1362":0,"1363":0,"1364":0,"1365":0,"1366":1,"1367":0,"1368":0,"1369":0,"1370":0,"1371":0,"1372":0,"1373":0,"1374":0,"1375":0,"1376":0,"1377":1,"1378":0,"1379":0,"1380":0,"1381":0,"1382":0,"1383":0,"1384":0,"1385":0,"1386":0,"1387":0,"1388":0,"1389":0,"1390":0,"1391":0,"1392":0,"1393":0,"1394":0,"1395":0,"1396":0,"1397":0,"1398":0,"1399":0,"1400":0,"1401":0,"1402":0,"1403":0,"1404":0,"1405":0,"1406":0,"1407":0,"1408":0,"1409":0,"1410":0,"1411":0,"1412":0,"1413":0,"1414":0,"1415":0,"1416":0,"1417":0,"1418":0,"1419":0,"1420":0,"1421":0,"1422":0,"1423":0,"1424":0,"1425":0,"1426":0,"1427":0,"1428":0,"1429":0,"1430":0,"1431":0,"1432":0,"1433":0,"1434":0,"1435":0,"1436":0,"1437":0,"1438":0,"1439":0,"1440":0,"1441":0,"1442":0,"1443":0,"1444":0,"1445":0,"1446":0,"1447":0,"1448":0,"1449":0,"1450":0,"1451":0,"1452":0,"1453":0,"1454":0,"1455":1,"1456":0,"1457":0,"1458":0,"1459":0,"1460":0,"1461":0,"1462":0,"1463":1,"1464":0,"1465":0,"1466":0,"1467":0,"1468":0,"1469":0,"1470":0,"1471":1,"1472":0,"1473":1,"1474":0,"1475":0,"1476":0,"1477":0,"1478":0,"1479":0,"1480":0,"1481":0,"1482":0,"1483":1,"1484":0,"1485":0,"1486":0,"1487":0,"1488":0,"1489":0,"1490":0,"1491":0,"1492":0,"1493":0,"1494":0,"1495":0,"1496":0,"1497":0,"1498":0,"1499":0,"1500":0,"1501":0,"1502":0,"1503":0,"1504":1,"1505":0,"1506":0,"1507":0,"1508":0,"1509":0,"1510":0,"1511":0,"1512":0,"1513":0,"1514":0,"1515":0,"1516":0,"1517":0,"1518":0,"1519":0,"1520":0,"1521":0,"1522":0,"1523":0,"1524":0,"1525":0,"1526":0,"1527":0,"1528":0,"1529":0,"1530":0,"1531":0,"1532":0,"1533":0,"1534":0,"1535":0,"1536":0,"1537":0,"1538":0,"1539":0,"1540":0,"1541":0,"1542":0,"1543":0,"1544":0,"1545":0,"1546":0,"1547":0,"1548":0,"1549":0,"1550":0,"1551":0,"1552":0,"1553":0,"1554":0,"1555":0,"1556":0,"1557":0,"1558":0,"1559":0,"1560":0,"1561":1,"1562":0,"1563":0,"1564":0,"1565":0,"1566":0,"1567":0,"1568":0,"1569":0,"1570":0,"1571":0,"1572":0,"1573":0,"1574":0,"1575":0,"1576":0,"1577":0,"1578":0,"1579":0,"1580":0,"1581":0,"1582":0,"1583":0,"1584":0,"1585":0,"1586":0,"1587":0,"1588":0,"1589":0,"1590":1,"1591":0,"1592":0,"1593":0,"1594":0,"1595":0,"1596":0,"1597":0,"1598":0,"1599":0,"1600":0,"1601":0,"1602":0,"1603":0,"1604":0,"1605":0,"1606":0,"1607":0,"1608":0,"1609":0,"1610":0,"1611":0,"1612":0,"1613":0,"1614":0,"1615":0,"1616":0,"1617":0,"1618":0,"1619":0,"1620":0,"1621":1,"1622":0,"1623":0,"1624":0,"1625":0,"1626":0,"1627":0,"1628":0,"1629":0,"1630":0,"1631":0,"1632":0,"1633":0,"1634":0,"1635":0,"1636":0,"1637":0,"1638":0,"1639":0,"1640":0,"1641":0,"1642":0,"1643":0,"1644":0,"1645":0,"1646":0,"1647":0,"1648":0,"1649":0,"1650":0,"1651":0,"1652":0,"1653":0,"1654":0,"1655":0,"1656":0,"1657":0,"1658":0,"1659":0,"1660":0,"1661":0,"1662":0,"1663":0,"1664":0,"1665":0,"1666":0,"1667":0,"1668":0,"1669":1,"1670":0,"1671":1,"1672":0,"1673":0,"1674":0,"1675":0,"1676":0,"1677":0,"1678":0,"1679":0,"1680":0,"1681":0,"1682":0,"1683":0,"1684":0,"1685":1,"1686":0,"1687":0,"1688":0,"1689":0,"1690":0,"1691":0,"1692":0,"1693":0,"1694":0,"1695":0,"1696":0,"1697":0,"1698":0,"1699":0,"1700":0,"1701":0,"1702":0,"1703":0,"1704":0,"1705":0,"1706":0,"1707":0,"1708":0,"1709":0,"1710":0,"1711":0,"1712":0,"1713":0,"1714":0,"1715":0,"1716":0,"1717":0,"1718":0,"1719":0,"1720":0,"1721":1,"1722":0,"1723":0,"1724":0,"1725":0,"1726":0,"1727":0,"1728":0,"1729":0,"1730":0,"1731":0,"1732":0,"1733":0,"1734":0,"1735":1,"1736":0,"1737":0,"1738":0,"1739":0,"1740":0,"1741":0,"1742":0,"1743":0,"1744":0,"1745":0,"1746":0,"1747":0,"1748":0,"1749":0,"1750":0,"1751":0,"1752":0,"1753":0,"1754":0,"1755":0,"1756":0,"1757":0,"1758":0,"1759":0,"1760":0,"1761":0,"1762":0,"1763":0,"1764":0,"1765":0,"1766":0,"1767":0,"1768":0,"1769":0,"1770":0,"1771":0,"1772":0,"1773":0,"1774":0,"1775":0,"1776":0,"1777":0,"1778":0,"1779":0,"1780":0,"1781":0,"1782":0,"1783":0,"1784":0,"1785":0,"1786":0,"1787":0,"1788":0,"1789":0,"1790":0,"1791":0,"1792":0,"1793":0,"1794":0,"1795":0,"1796":0,"1797":0,"1798":0,"1799":0,"1800":0,"1801":0,"1802":0,"1803":0,"1804":0,"1805":0,"1806":0,"1807":0,"1808":0,"1809":0,"1810":0,"1811":0,"1812":0,"1813":0,"1814":0,"1815":0,"1816":0,"1817":0,"1818":1,"1819":0,"1820":0,"1821":0,"1822":0,"1823":0,"1824":0,"1825":0,"1826":0,"1827":0,"1828":0,"1829":0,"1830":1,"1831":1,"1832":1,"1833":1,"1834":1,"1835":1,"1836":1,"1837":1,"1838":1,"1839":1,"1840":1,"1841":1,"1842":1,"1843":1,"1844":1,"1845":1,"1846":1,"1847":1,"1848":1,"1849":1,"1850":1,"1851":1,"1852":1,"1853":1,"1854":1,"1855":1,"1856":1,"1857":1,"1858":1,"1859":1,"1860":1,"1861":1,"1862":1,"1863":1,"1864":1,"1865":1,"1866":1,"1867":1,"1868":1},"f":{"0":0,"1":4,"2":5,"3":3,"4":1003,"5":534,"6":4,"7":5,"8":0,"9":0,"10":0,"11":0,"12":3,"13":5,"14":0,"15":0,"16":0,"17":0,"18":0,"19":0,"20":0,"21":0,"22":0,"23":0,"24":0,"25":0,"26":0,"27":0,"28":0,"29":0,"30":1,"31":0,"32":0,"33":0,"34":0,"35":0,"36":0,"37":0,"38":0,"39":0,"40":0,"41":0,"42":0,"43":0,"44":0,"45":0,"46":0,"47":0,"48":0,"49":0,"50":0,"51":0,"52":0,"53":0,"54":0,"55":0,"56":0,"57":0,"58":0,"59":0,"60":0,"61":0,"62":0,"63":0,"64":0,"65":0,"66":0,"67":0,"68":0,"69":0,"70":0,"71":0,"72":0,"73":0,"74":0,"75":0,"76":0,"77":0,"78":0,"79":0,"80":0,"81":0,"82":0,"83":0,"84":0,"85":0,"86":0,"87":0,"88":0,"89":0,"90":0,"91":0,"92":0,"93":0,"94":0,"95":0,"96":0,"97":0,"98":0,"99":0,"100":0,"101":0,"102":0,"103":0,"104":0,"105":0,"106":0,"107":0,"108":0,"109":0,"110":0,"111":0,"112":0,"113":0,"114":0,"115":0,"116":0,"117":0,"118":0,"119":0,"120":0,"121":0,"122":0,"123":0,"124":0,"125":0,"126":0,"127":0,"128":0,"129":0,"130":0,"131":0,"132":0,"133":0,"134":0,"135":0,"136":0,"137":0,"138":0,"139":0,"140":0,"141":0,"142":0,"143":0,"144":0,"145":0,"146":0,"147":0,"148":0,"149":0,"150":0,"151":0,"152":0,"153":0,"154":0,"155":0,"156":0,"157":0,"158":0,"159":0,"160":0,"161":0,"162":0,"163":0,"164":0,"165":0,"166":0,"167":0,"168":0,"169":0,"170":0,"171":0,"172":0,"173":0,"174":0,"175":0,"176":0,"177":0,"178":0,"179":0,"180":0,"181":0,"182":0,"183":0,"184":0,"185":0,"186":0},"b":{"0":[1,0],"1":[1,1],"2":[2],"3":[0],"4":[0,0],"5":[0,0],"6":[0,0],"7":[0,0],"8":[0,0,0,0],"9":[0,0],"10":[0,0],"11":[0,0],"12":[0,0],"13":[0,0],"14":[0,0],"15":[0,0],"16":[0,0],"17":[0,0],"18":[0,0],"19":[0,0],"20":[0,0],"21":[0,0],"22":[0,0],"23":[0,0],"24":[0,0],"25":[0,0],"26":[0,0],"27":[0,0],"28":[0,0],"29":[0,0],"30":[0,0],"31":[0,0],"32":[0,0],"33":[0,0],"34":[6,0],"35":[3,0],"36":[5],"37":[1,4],"38":[5,5],"39":[1,3],"40":[4,4],"41":[0,3],"42":[3,3],"43":[3,0],"44":[0],"45":[0,0],"46":[0,0],"47":[0,0],"48":[0,0],"49":[0,0],"50":[0],"51":[0],"52":[0],"53":[0],"54":[0],"55":[0,0],"56":[0,0],"57":[0,0],"58":[0,0],"59":[0,0],"60":[0,0],"61":[0,0],"62":[0,0],"63":[0,0],"64":[0,0,0],"65":[0,0],"66":[0,0],"67":[0,0],"68":[0,0],"69":[0,0],"70":[0,0],"71":[0,0],"72":[0,0],"73":[0,0],"74":[0,0],"75":[0,0],"76":[0,0],"77":[0,0,0],"78":[0,0],"79":[0,0],"80":[0,0],"81":[0,0],"82":[0,0],"83":[0,0],"84":[0],"85":[0,0],"86":[0,0],"87":[0,0],"88":[0,0],"89":[0,0],"90":[0,0],"91":[0,0],"92":[0,0],"93":[0,0],"94":[0,0],"95":[0,0],"96":[0,0],"97":[0,0],"98":[0],"99":[0],"100":[0,0],"101":[0,0],"102":[0,0],"103":[0,0],"104":[0,0],"105":[0,0],"106":[0,0],"107":[0,0],"108":[0,0],"109":[0,0],"110":[0,0],"111":[0,0],"112":[0,0],"113":[0,0],"114":[0,0],"115":[0,0],"116":[0,0],"117":[0],"118":[0],"119":[0],"120":[0,0],"121":[0,0],"122":[0,0],"123":[0,0],"124":[0,0],"125":[0,0],"126":[0,0],"127":[0,0],"128":[0,0],"129":[0,0],"130":[0,0],"131":[0,0],"132":[0,0],"133":[0,0],"134":[0,0],"135":[0,0],"136":[0,0],"137":[0,0],"138":[0,0],"139":[0,0],"140":[0,0],"141":[0,0],"142":[0],"143":[0,0],"144":[0,0],"145":[0],"146":[0,0],"147":[0,0],"148":[0,0],"149":[0,0],"150":[0,0],"151":[0,0],"152":[0,0],"153":[0,0],"154":[0,0,0],"155":[0,0],"156":[0,0],"157":[0,0],"158":[0],"159":[0,0],"160":[0,0],"161":[0,0],"162":[0,0],"163":[0,0],"164":[0,0],"165":[0,0],"166":[0,0],"167":[0,0],"168":[0,0],"169":[0],"170":[0,0],"171":[0,0],"172":[0,0],"173":[0,0],"174":[0,0],"175":[0,0],"176":[0,0],"177":[0,0],"178":[0,0],"179":[0,0],"180":[0,0],"181":[0],"182":[0,0],"183":[0,0],"184":[0,0],"185":[0,0],"186":[0,0],"187":[0],"188":[0,0],"189":[0,0],"190":[0,0],"191":[0,0],"192":[0,0],"193":[0,0],"194":[0,0],"195":[0,0],"196":[0,0],"197":[0,0],"198":[0,0],"199":[0,0],"200":[0],"201":[0,0],"202":[0,0],"203":[0,0],"204":[0,0],"205":[0,0],"206":[0,0],"207":[0,0,0,0],"208":[0,0],"209":[0,0],"210":[0,0],"211":[0,0],"212":[0,0],"213":[0,0],"214":[0,0],"215":[0,0],"216":[0,0],"217":[0,0],"218":[0],"219":[0,0],"220":[0,0],"221":[0,0],"222":[0,0],"223":[0,0],"224":[0,0],"225":[0,0],"226":[0,0],"227":[0],"228":[0,0],"229":[0,0],"230":[0,0,0],"231":[0,0],"232":[0,0],"233":[0,0],"234":[0,0],"235":[0,0],"236":[0,0],"237":[0,0],"238":[0,0],"239":[0,0],"240":[0,0],"241":[0,0],"242":[0,0],"243":[0,0],"244":[0,0],"245":[0,0],"246":[0,0],"247":[0,0],"248":[0,0],"249":[0,0],"250":[0,0],"251":[0,0],"252":[0,0],"253":[0,0],"254":[0,0],"255":[0,0],"256":[0,0],"257":[0,0],"258":[0,0],"259":[0,0],"260":[0,0],"261":[0,0],"262":[0,0],"263":[0,0],"264":[0,0],"265":[0,0],"266":[0,0],"267":[0],"268":[0,0],"269":[0,0],"270":[0,0],"271":[0,0],"272":[0,0],"273":[0,0],"274":[0,0],"275":[0,0],"276":[0,0],"277":[0,0],"278":[0,0],"279":[0,0],"280":[0,0],"281":[0,0],"282":[0,0],"283":[0,0],"284":[0,0],"285":[0,0],"286":[0],"287":[0,0],"288":[0,0],"289":[0,0],"290":[0,0],"291":[0,0],"292":[0,0],"293":[0,0],"294":[0,0],"295":[0],"296":[0,0],"297":[0,0],"298":[0,0],"299":[0,0],"300":[0,0],"301":[0,0],"302":[0,0],"303":[0,0],"304":[0,0],"305":[0,0],"306":[0,0],"307":[0,0],"308":[0,0],"309":[0,0],"310":[0,0],"311":[0,0],"312":[0,0],"313":[0,0],"314":[0,0],"315":[0],"316":[0],"317":[0,0],"318":[0,0],"319":[0,0],"320":[0,0],"321":[0,0],"322":[0,0],"323":[0,0,0],"324":[0,0],"325":[0,0],"326":[0,0],"327":[0,0],"328":[0,0],"329":[0,0],"330":[0,0],"331":[0,0],"332":[0],"333":[0,0],"334":[0,0],"335":[0,0],"336":[0,0],"337":[0,0],"338":[0,0],"339":[0,0],"340":[0],"341":[0,0],"342":[0,0],"343":[0,0],"344":[0,0],"345":[0,0],"346":[0,0],"347":[0,0],"348":[0,0],"349":[0],"350":[0,0],"351":[0,0],"352":[0,0],"353":[0,0],"354":[0,0],"355":[0,0],"356":[0,0],"357":[0],"358":[0,0],"359":[0,0],"360":[0,0],"361":[0,0],"362":[0,0],"363":[0,0],"364":[0,0],"365":[0,0],"366":[0],"367":[0,0],"368":[0,0],"369":[0,0],"370":[0,0],"371":[0,0],"372":[0,0],"373":[0,0],"374":[0],"375":[0,0],"376":[0,0],"377":[0,0],"378":[0,0],"379":[0,0],"380":[0,0],"381":[0,0],"382":[0,0],"383":[0],"384":[0],"385":[0],"386":[0],"387":[0,0],"388":[0,0],"389":[0,0],"390":[0,0],"391":[0,0],"392":[0,0],"393":[0,0],"394":[0,0],"395":[0,0],"396":[0,0],"397":[0,0],"398":[0,0],"399":[0,0],"400":[0,0],"401":[0,0],"402":[0,0],"403":[0,0],"404":[0],"405":[0,0],"406":[0,0],"407":[0,0],"408":[0,0],"409":[0,0],"410":[0,0],"411":[0,0],"412":[0,0],"413":[0,0],"414":[0,0],"415":[0,0],"416":[0,0],"417":[0,0],"418":[0,0],"419":[0,0],"420":[0,0],"421":[0,0],"422":[0],"423":[0,0],"424":[0,0],"425":[0,0],"426":[0,0],"427":[0,0],"428":[0,0],"429":[0,0],"430":[0,0],"431":[0,0],"432":[0,0],"433":[0,0],"434":[0,0],"435":[0,0],"436":[0,0],"437":[0,0],"438":[0,0],"439":[0,0],"440":[0],"441":[0],"442":[0],"443":[0],"444":[0,0],"445":[0,0],"446":[0,0],"447":[0,0],"448":[0],"449":[0,0],"450":[0,0],"451":[0,0],"452":[0,0],"453":[0,0,0],"454":[0,0],"455":[0,0],"456":[0,0],"457":[0,0],"458":[0,0],"459":[0,0],"460":[0,0],"461":[0,0],"462":[0],"463":[0,0],"464":[0],"465":[0,0],"466":[0,0],"467":[0,0],"468":[0,0,0,0],"469":[0],"470":[0,0],"471":[0,0,0],"472":[0,0],"473":[0,0,0],"474":[0,0],"475":[0,0],"476":[0,0],"477":[0,0],"478":[0,0],"479":[0,0,0],"480":[0],"481":[0,0],"482":[0,0],"483":[0,0],"484":[0,0],"485":[0,0],"486":[0,0],"487":[0,0],"488":[0,0],"489":[0,0],"490":[0,0],"491":[0,0],"492":[0,0],"493":[0,0],"494":[0,0],"495":[0,0],"496":[0,0],"497":[0,0],"498":[0,0,0,0,0,0],"499":[0,0],"500":[0,0],"501":[0,0],"502":[0,0],"503":[0,0],"504":[0,0],"505":[0,0],"506":[0,0],"507":[0,0],"508":[0,0],"509":[0,0],"510":[0,0],"511":[0,0],"512":[0,0],"513":[0,0],"514":[0,0],"515":[0,0],"516":[0,0],"517":[0,0],"518":[0,0],"519":[0,0,0,0,0,0],"520":[0,0],"521":[0,0],"522":[0,0],"523":[0,0],"524":[0,0],"525":[0,0,0,0],"526":[0,0],"527":[0,0],"528":[0,0],"529":[0,0],"530":[0,0],"531":[0,0],"532":[0,0],"533":[0,0],"534":[0,0],"535":[0,0],"536":[0,0],"537":[0,0],"538":[0,0],"539":[0,0],"540":[0,0,0,0],"541":[0,0],"542":[0,0,0,0,0,0,0,0],"543":[0,0],"544":[0,0],"545":[0,0],"546":[0,0],"547":[0,0],"548":[0,0],"549":[0,0],"550":[0,0],"551":[0,0],"552":[0,0],"553":[0,0],"554":[0,0],"555":[0,0],"556":[0,0],"557":[0,0],"558":[0,0],"559":[0,0],"560":[0,0],"561":[0,0],"562":[0,0],"563":[0,0],"564":[0,0],"565":[0,0],"566":[0,0],"567":[0,0],"568":[0,0],"569":[0,0],"570":[0,0],"571":[0,0],"572":[0,0],"573":[0,0],"574":[0,0],"575":[0,0,0],"576":[0,0,0],"577":[0,0],"578":[0,0]},"_coverageSchema":"1a1c01bbd47fc00a2c39e90264f33305004495a9","hash":"4dcb73156c6a73751243848daf7cdd3ef65dbca6"}
}
