TN:
SF:polytree.bundle.js
FN:135,(anonymous_0)
FN:313,(anonymous_1)
FN:317,(anonymous_2)
FN:328,(anonymous_3)
FN:332,(anonymous_4)
FN:347,(anonymous_5)
FN:356,(anonymous_6)
FN:368,(anonymous_7)
FN:385,(anonymous_8)
FN:486,(anonymous_9)
FN:518,(anonymous_10)
FN:546,(anonymous_11)
FN:574,(anonymous_12)
FN:606,(anonymous_13)
FN:648,(anonymous_14)
FN:676,(anonymous_15)
FN:678,(anonymous_16)
FN:713,(anonymous_17)
FN:717,(anonymous_18)
FN:720,(anonymous_19)
FN:722,(anonymous_20)
FN:735,(anonymous_21)
FN:738,(anonymous_22)
FN:757,(anonymous_23)
FN:760,(anonymous_24)
FN:786,(anonymous_25)
FN:808,(anonymous_26)
FN:875,(anonymous_27)
FN:878,(anonymous_28)
FN:903,(anonymous_29)
FN:952,(anonymous_30)
FN:959,(anonymous_31)
FN:980,(anonymous_32)
FN:984,(anonymous_33)
FN:998,(anonymous_34)
FN:1002,(anonymous_35)
FN:1007,(anonymous_36)
FN:1009,(anonymous_37)
FN:1018,(anonymous_38)
FN:1022,(anonymous_39)
FN:1028,(anonymous_40)
FN:1032,(anonymous_41)
FN:1055,(anonymous_42)
FN:1060,(anonymous_43)
FN:1065,(anonymous_44)
FN:1072,(anonymous_45)
FN:1084,(anonymous_46)
FN:1099,(anonymous_47)
FN:1116,(anonymous_48)
FN:1136,(anonymous_49)
FN:1183,(anonymous_50)
FN:1191,(anonymous_51)
FN:1210,(anonymous_52)
FN:1222,(anonymous_53)
FN:1250,(anonymous_54)
FN:1274,(anonymous_55)
FN:1320,(anonymous_56)
FN:1321,(anonymous_57)
FN:1339,(anonymous_58)
FN:1340,(anonymous_59)
FN:1362,(anonymous_60)
FN:1363,(anonymous_61)
FN:1365,(anonymous_62)
FN:1375,(anonymous_63)
FN:1402,(anonymous_64)
FN:1403,(anonymous_65)
FN:1406,(anonymous_66)
FN:1409,(anonymous_67)
FN:1419,(anonymous_68)
FN:1422,(anonymous_69)
FN:1469,(anonymous_70)
FN:1473,(anonymous_71)
FN:1477,(anonymous_72)
FN:1497,(anonymous_73)
FN:1505,(anonymous_74)
FN:1506,(anonymous_75)
FN:1508,(anonymous_76)
FN:1516,(anonymous_77)
FN:1517,(anonymous_78)
FN:1519,(anonymous_79)
FN:1528,(anonymous_80)
FN:1531,(anonymous_81)
FN:1554,(anonymous_82)
FN:1576,(anonymous_83)
FN:1655,(anonymous_84)
FN:1683,(anonymous_85)
FN:1686,(anonymous_86)
FN:1699,(anonymous_87)
FN:1700,(anonymous_88)
FN:1702,(anonymous_89)
FN:1710,(anonymous_90)
FN:1711,(anonymous_91)
FN:1728,(anonymous_92)
FN:1731,(anonymous_93)
FN:1737,(anonymous_94)
FN:1759,(anonymous_95)
FN:1797,(anonymous_96)
FN:1886,(anonymous_97)
FN:1902,(anonymous_98)
FN:1922,(anonymous_99)
FN:2056,(anonymous_100)
FN:2102,(anonymous_101)
FN:2242,(anonymous_102)
FN:2288,(anonymous_103)
FN:2442,(anonymous_104)
FN:2488,(anonymous_105)
FN:2559,(anonymous_106)
FN:2560,(anonymous_107)
FN:2572,(anonymous_108)
FN:2573,(anonymous_109)
FN:2585,(anonymous_110)
FN:2586,(anonymous_111)
FN:2598,(anonymous_112)
FN:2599,(anonymous_113)
FN:2657,(anonymous_114)
FN:2660,(anonymous_115)
FN:2672,(anonymous_116)
FN:2674,(anonymous_117)
FN:2678,(anonymous_118)
FN:2680,(anonymous_119)
FN:2682,(anonymous_120)
FN:2688,(anonymous_121)
FN:2702,(anonymous_122)
FN:2703,(anonymous_123)
FN:2761,(anonymous_124)
FN:2764,(anonymous_125)
FN:2776,(anonymous_126)
FN:2778,(anonymous_127)
FN:2782,(anonymous_128)
FN:2784,(anonymous_129)
FN:2786,(anonymous_130)
FN:2792,(anonymous_131)
FN:2806,(anonymous_132)
FN:2807,(anonymous_133)
FN:2865,(anonymous_134)
FN:2868,(anonymous_135)
FN:2880,(anonymous_136)
FN:2882,(anonymous_137)
FN:2886,(anonymous_138)
FN:2888,(anonymous_139)
FN:2890,(anonymous_140)
FN:2896,(anonymous_141)
FN:2910,(anonymous_142)
FN:2928,(anonymous_143)
FN:2936,(anonymous_144)
FN:2941,(anonymous_145)
FN:2954,(anonymous_146)
FN:2962,(anonymous_147)
FN:2978,(anonymous_148)
FN:2996,(anonymous_149)
FN:2999,(anonymous_150)
FN:3027,(anonymous_151)
FN:3042,(anonymous_152)
FN:3044,(anonymous_153)
FN:3058,(anonymous_154)
FN:3060,(anonymous_155)
FN:3075,(anonymous_156)
FN:3091,(anonymous_157)
FN:3106,(anonymous_158)
FN:3124,(anonymous_159)
FN:3129,(anonymous_160)
FN:3139,(anonymous_161)
FN:3141,(anonymous_162)
FN:3162,(anonymous_163)
FN:3163,(anonymous_164)
FN:3310,(anonymous_165)
FN:3323,(anonymous_166)
FN:3338,(anonymous_167)
FN:3343,(anonymous_168)
FN:3362,(anonymous_169)
FN:3395,(anonymous_170)
FN:3507,(anonymous_171)
FN:3561,(anonymous_172)
FN:3601,(anonymous_173)
FN:3611,(anonymous_174)
FN:3614,(anonymous_175)
FN:3679,(anonymous_176)
FN:3684,(anonymous_177)
FN:3721,(anonymous_178)
FN:3723,(anonymous_179)
FN:3774,(anonymous_180)
FN:3797,(anonymous_181)
FN:3920,(anonymous_182)
FN:3932,(anonymous_183)
FN:3937,(anonymous_184)
FN:3948,(anonymous_185)
FN:3956,(anonymous_186)
FNF:187
FNH:10
FNDA:0,(anonymous_0)
FNDA:4,(anonymous_1)
FNDA:5,(anonymous_2)
FNDA:3,(anonymous_3)
FNDA:1003,(anonymous_4)
FNDA:534,(anonymous_5)
FNDA:4,(anonymous_6)
FNDA:5,(anonymous_7)
FNDA:0,(anonymous_8)
FNDA:0,(anonymous_9)
FNDA:0,(anonymous_10)
FNDA:0,(anonymous_11)
FNDA:3,(anonymous_12)
FNDA:5,(anonymous_13)
FNDA:0,(anonymous_14)
FNDA:0,(anonymous_15)
FNDA:0,(anonymous_16)
FNDA:0,(anonymous_17)
FNDA:0,(anonymous_18)
FNDA:0,(anonymous_19)
FNDA:0,(anonymous_20)
FNDA:0,(anonymous_21)
FNDA:0,(anonymous_22)
FNDA:0,(anonymous_23)
FNDA:0,(anonymous_24)
FNDA:0,(anonymous_25)
FNDA:0,(anonymous_26)
FNDA:0,(anonymous_27)
FNDA:0,(anonymous_28)
FNDA:0,(anonymous_29)
FNDA:1,(anonymous_30)
FNDA:0,(anonymous_31)
FNDA:0,(anonymous_32)
FNDA:0,(anonymous_33)
FNDA:0,(anonymous_34)
FNDA:0,(anonymous_35)
FNDA:0,(anonymous_36)
FNDA:0,(anonymous_37)
FNDA:0,(anonymous_38)
FNDA:0,(anonymous_39)
FNDA:0,(anonymous_40)
FNDA:0,(anonymous_41)
FNDA:0,(anonymous_42)
FNDA:0,(anonymous_43)
FNDA:0,(anonymous_44)
FNDA:0,(anonymous_45)
FNDA:0,(anonymous_46)
FNDA:0,(anonymous_47)
FNDA:0,(anonymous_48)
FNDA:0,(anonymous_49)
FNDA:0,(anonymous_50)
FNDA:0,(anonymous_51)
FNDA:0,(anonymous_52)
FNDA:0,(anonymous_53)
FNDA:0,(anonymous_54)
FNDA:0,(anonymous_55)
FNDA:0,(anonymous_56)
FNDA:0,(anonymous_57)
FNDA:0,(anonymous_58)
FNDA:0,(anonymous_59)
FNDA:0,(anonymous_60)
FNDA:0,(anonymous_61)
FNDA:0,(anonymous_62)
FNDA:0,(anonymous_63)
FNDA:0,(anonymous_64)
FNDA:0,(anonymous_65)
FNDA:0,(anonymous_66)
FNDA:0,(anonymous_67)
FNDA:0,(anonymous_68)
FNDA:0,(anonymous_69)
FNDA:0,(anonymous_70)
FNDA:0,(anonymous_71)
FNDA:0,(anonymous_72)
FNDA:0,(anonymous_73)
FNDA:0,(anonymous_74)
FNDA:0,(anonymous_75)
FNDA:0,(anonymous_76)
FNDA:0,(anonymous_77)
FNDA:0,(anonymous_78)
FNDA:0,(anonymous_79)
FNDA:0,(anonymous_80)
FNDA:0,(anonymous_81)
FNDA:0,(anonymous_82)
FNDA:0,(anonymous_83)
FNDA:0,(anonymous_84)
FNDA:0,(anonymous_85)
FNDA:0,(anonymous_86)
FNDA:0,(anonymous_87)
FNDA:0,(anonymous_88)
FNDA:0,(anonymous_89)
FNDA:0,(anonymous_90)
FNDA:0,(anonymous_91)
FNDA:0,(anonymous_92)
FNDA:0,(anonymous_93)
FNDA:0,(anonymous_94)
FNDA:0,(anonymous_95)
FNDA:0,(anonymous_96)
FNDA:0,(anonymous_97)
FNDA:0,(anonymous_98)
FNDA:0,(anonymous_99)
FNDA:0,(anonymous_100)
FNDA:0,(anonymous_101)
FNDA:0,(anonymous_102)
FNDA:0,(anonymous_103)
FNDA:0,(anonymous_104)
FNDA:0,(anonymous_105)
FNDA:0,(anonymous_106)
FNDA:0,(anonymous_107)
FNDA:0,(anonymous_108)
FNDA:0,(anonymous_109)
FNDA:0,(anonymous_110)
FNDA:0,(anonymous_111)
FNDA:0,(anonymous_112)
FNDA:0,(anonymous_113)
FNDA:0,(anonymous_114)
FNDA:0,(anonymous_115)
FNDA:0,(anonymous_116)
FNDA:0,(anonymous_117)
FNDA:0,(anonymous_118)
FNDA:0,(anonymous_119)
FNDA:0,(anonymous_120)
FNDA:0,(anonymous_121)
FNDA:0,(anonymous_122)
FNDA:0,(anonymous_123)
FNDA:0,(anonymous_124)
FNDA:0,(anonymous_125)
FNDA:0,(anonymous_126)
FNDA:0,(anonymous_127)
FNDA:0,(anonymous_128)
FNDA:0,(anonymous_129)
FNDA:0,(anonymous_130)
FNDA:0,(anonymous_131)
FNDA:0,(anonymous_132)
FNDA:0,(anonymous_133)
FNDA:0,(anonymous_134)
FNDA:0,(anonymous_135)
FNDA:0,(anonymous_136)
FNDA:0,(anonymous_137)
FNDA:0,(anonymous_138)
FNDA:0,(anonymous_139)
FNDA:0,(anonymous_140)
FNDA:0,(anonymous_141)
FNDA:0,(anonymous_142)
FNDA:0,(anonymous_143)
FNDA:0,(anonymous_144)
FNDA:0,(anonymous_145)
FNDA:0,(anonymous_146)
FNDA:0,(anonymous_147)
FNDA:0,(anonymous_148)
FNDA:0,(anonymous_149)
FNDA:0,(anonymous_150)
FNDA:0,(anonymous_151)
FNDA:0,(anonymous_152)
FNDA:0,(anonymous_153)
FNDA:0,(anonymous_154)
FNDA:0,(anonymous_155)
FNDA:0,(anonymous_156)
FNDA:0,(anonymous_157)
FNDA:0,(anonymous_158)
FNDA:0,(anonymous_159)
FNDA:0,(anonymous_160)
FNDA:0,(anonymous_161)
FNDA:0,(anonymous_162)
FNDA:0,(anonymous_163)
FNDA:0,(anonymous_164)
FNDA:0,(anonymous_165)
FNDA:0,(anonymous_166)
FNDA:0,(anonymous_167)
FNDA:0,(anonymous_168)
FNDA:0,(anonymous_169)
FNDA:0,(anonymous_170)
FNDA:0,(anonymous_171)
FNDA:0,(anonymous_172)
FNDA:0,(anonymous_173)
FNDA:0,(anonymous_174)
FNDA:0,(anonymous_175)
FNDA:0,(anonymous_176)
FNDA:0,(anonymous_177)
FNDA:0,(anonymous_178)
FNDA:0,(anonymous_179)
FNDA:0,(anonymous_180)
FNDA:0,(anonymous_181)
FNDA:0,(anonymous_182)
FNDA:0,(anonymous_183)
FNDA:0,(anonymous_184)
FNDA:0,(anonymous_185)
FNDA:0,(anonymous_186)
DA:4,1
DA:14,1
DA:17,1
DA:20,1
DA:23,1
DA:31,1
DA:34,1
DA:37,1
DA:40,1
DA:48,1
DA:51,1
DA:54,1
DA:57,1
DA:60,1
DA:63,1
DA:66,1
DA:69,1
DA:77,1
DA:80,1
DA:83,1
DA:86,1
DA:89,1
DA:92,1
DA:95,1
DA:103,1
DA:106,1
DA:109,1
DA:112,1
DA:115,1
DA:123,1
DA:126,1
DA:129,1
DA:132,1
DA:135,1
DA:136,0
DA:140,1
DA:143,1
DA:151,1
DA:154,1
DA:157,1
DA:160,1
DA:163,1
DA:171,1
DA:174,1
DA:177,1
DA:180,1
DA:183,1
DA:186,1
DA:188,1
DA:191,1
DA:193,1
DA:201,1
DA:209,1
DA:212,1
DA:215,1
DA:218,1
DA:221,1
DA:223,1
DA:225,1
DA:227,1
DA:235,1
DA:237,1
DA:238,1
DA:239,1
DA:240,1
DA:242,1
DA:243,1
DA:244,1
DA:245,1
DA:247,1
DA:248,1
DA:249,1
DA:250,1
DA:251,1
DA:252,1
DA:253,1
DA:254,1
DA:256,1
DA:257,1
DA:258,1
DA:259,1
DA:260,1
DA:261,1
DA:262,1
DA:264,1
DA:265,1
DA:266,1
DA:267,1
DA:268,1
DA:270,1
DA:271,1
DA:272,1
DA:273,1
DA:274,1
DA:275,1
DA:277,1
DA:278,1
DA:279,1
DA:280,1
DA:281,1
DA:283,1
DA:284,1
DA:285,1
DA:286,1
DA:287,1
DA:288,1
DA:289,1
DA:290,1
DA:291,1
DA:293,1
DA:295,1
DA:296,1
DA:297,1
DA:298,1
DA:299,1
DA:300,1
DA:301,1
DA:302,1
DA:313,1
DA:314,4
DA:318,5
DA:319,5
DA:328,1
DA:329,3
DA:333,1003
DA:334,1003
DA:335,1003
DA:347,1
DA:348,534
DA:356,1
DA:357,4
DA:358,3
DA:359,3
DA:360,3
DA:368,1
DA:369,5
DA:385,1
DA:387,0
DA:391,0
DA:392,0
DA:394,0
DA:395,0
DA:396,0
DA:397,0
DA:398,0
DA:401,0
DA:403,0
DA:404,0
DA:405,0
DA:407,0
DA:408,0
DA:409,0
DA:411,0
DA:412,0
DA:413,0
DA:415,0
DA:416,0
DA:418,0
DA:419,0
DA:420,0
DA:421,0
DA:422,0
DA:423,0
DA:425,0
DA:426,0
DA:429,0
DA:430,0
DA:433,0
DA:434,0
DA:435,0
DA:436,0
DA:437,0
DA:441,0
DA:442,0
DA:443,0
DA:444,0
DA:445,0
DA:451,0
DA:458,0
DA:459,0
DA:460,0
DA:461,0
DA:462,0
DA:468,0
DA:476,0
DA:477,0
DA:479,0
DA:486,1
DA:488,0
DA:490,0
DA:491,0
DA:492,0
DA:493,0
DA:494,0
DA:495,0
DA:496,0
DA:497,0
DA:501,0
DA:502,0
DA:504,0
DA:507,0
DA:518,1
DA:520,0
DA:522,0
DA:523,0
DA:524,0
DA:525,0
DA:526,0
DA:527,0
DA:528,0
DA:530,0
DA:531,0
DA:532,0
DA:535,0
DA:536,0
DA:546,1
DA:548,0
DA:549,0
DA:550,0
DA:552,0
DA:553,0
DA:555,0
DA:556,0
DA:557,0
DA:558,0
DA:559,0
DA:560,0
DA:565,0
DA:567,0
DA:574,1
DA:576,3
DA:577,3
DA:578,3
DA:579,3
DA:580,3
DA:582,3
DA:583,3
DA:584,3
DA:586,3
DA:587,3
DA:588,3
DA:590,3
DA:591,3
DA:592,3
DA:594,3
DA:606,1
DA:609,5
DA:610,5
DA:612,5
DA:613,5
DA:615,5
DA:616,1
DA:618,4
DA:619,4
DA:620,4
DA:622,4
DA:623,1
DA:625,3
DA:626,3
DA:628,3
DA:629,0
DA:632,3
DA:634,3
DA:635,3
DA:637,0
DA:648,1
DA:650,0
DA:651,0
DA:653,0
DA:654,0
DA:655,0
DA:657,0
DA:660,0
DA:662,0
DA:663,0
DA:666,0
DA:667,0
DA:668,0
DA:676,1
DA:677,0
DA:678,0
DA:679,0
DA:688,1
DA:690,1
DA:692,1
DA:694,1
DA:696,1
DA:698,1
DA:700,1
DA:702,1
DA:704,1
DA:706,1
DA:708,1
DA:713,1
DA:716,0
DA:717,0
DA:719,0
DA:720,0
DA:721,0
DA:723,0
DA:726,0
DA:727,0
DA:731,0
DA:735,1
DA:737,0
DA:738,0
DA:740,0
DA:741,0
DA:742,0
DA:743,0
DA:744,0
DA:745,0
DA:746,0
DA:748,0
DA:749,0
DA:750,0
DA:751,0
DA:753,0
DA:754,0
DA:755,0
DA:757,0
DA:759,0
DA:760,0
DA:761,0
DA:762,0
DA:763,0
DA:764,0
DA:765,0
DA:769,0
DA:770,0
DA:771,0
DA:772,0
DA:773,0
DA:775,0
DA:776,0
DA:778,0
DA:779,0
DA:781,0
DA:782,0
DA:784,0
DA:786,0
DA:788,0
DA:789,0
DA:790,0
DA:791,0
DA:793,0
DA:797,0
DA:798,0
DA:803,0
DA:805,0
DA:806,0
DA:809,0
DA:813,0
DA:814,0
DA:818,0
DA:819,0
DA:820,0
DA:821,0
DA:822,0
DA:823,0
DA:825,0
DA:826,0
DA:827,0
DA:828,0
DA:829,0
DA:832,0
DA:833,0
DA:834,0
DA:835,0
DA:836,0
DA:839,0
DA:841,0
DA:842,0
DA:844,0
DA:845,0
DA:847,0
DA:849,0
DA:850,0
DA:852,0
DA:853,0
DA:854,0
DA:855,0
DA:856,0
DA:861,0
DA:864,0
DA:865,0
DA:870,0
DA:875,1
DA:877,0
DA:878,0
DA:880,0
DA:881,0
DA:882,0
DA:883,0
DA:884,0
DA:885,0
DA:890,0
DA:891,0
DA:892,0
DA:893,0
DA:894,0
DA:895,0
DA:900,0
DA:901,0
DA:902,0
DA:903,0
DA:904,0
DA:905,0
DA:910,0
DA:911,0
DA:915,0
DA:916,0
DA:920,0
DA:921,0
DA:922,0
DA:923,0
DA:924,0
DA:929,0
DA:930,0
DA:931,0
DA:932,0
DA:937,0
DA:938,0
DA:939,0
DA:940,0
DA:946,0
DA:952,1
DA:961,0
DA:962,0
DA:963,0
DA:966,0
DA:967,0
DA:968,0
DA:971,0
DA:972,0
DA:975,0
DA:976,0
DA:981,0
DA:986,0
DA:987,0
DA:988,0
DA:989,0
DA:990,0
DA:991,0
DA:993,0
DA:995,0
DA:999,0
DA:1003,0
DA:1004,0
DA:1006,0
DA:1007,0
DA:1008,0
DA:1009,0
DA:1010,0
DA:1019,0
DA:1024,0
DA:1025,0
DA:1027,0
DA:1028,0
DA:1029,0
DA:1031,0
DA:1032,0
DA:1033,0
DA:1035,0
DA:1036,0
DA:1038,0
DA:1039,0
DA:1041,0
DA:1042,0
DA:1043,0
DA:1044,0
DA:1045,0
DA:1046,0
DA:1049,0
DA:1056,0
DA:1061,0
DA:1066,0
DA:1073,0
DA:1074,0
DA:1076,0
DA:1077,0
DA:1079,0
DA:1086,0
DA:1087,0
DA:1089,0
DA:1090,0
DA:1091,0
DA:1101,0
DA:1102,0
DA:1104,0
DA:1105,0
DA:1106,0
DA:1109,0
DA:1110,0
DA:1111,0
DA:1112,0
DA:1113,0
DA:1118,0
DA:1119,0
DA:1121,0
DA:1122,0
DA:1123,0
DA:1124,0
DA:1125,0
DA:1126,0
DA:1127,0
DA:1128,0
DA:1129,0
DA:1138,0
DA:1139,0
DA:1140,0
DA:1142,0
DA:1144,0
DA:1145,0
DA:1146,0
DA:1147,0
DA:1148,0
DA:1149,0
DA:1150,0
DA:1151,0
DA:1152,0
DA:1157,0
DA:1158,0
DA:1159,0
DA:1160,0
DA:1161,0
DA:1162,0
DA:1163,0
DA:1166,0
DA:1167,0
DA:1171,0
DA:1172,0
DA:1173,0
DA:1175,0
DA:1176,0
DA:1178,0
DA:1180,0
DA:1184,0
DA:1185,0
DA:1186,0
DA:1187,0
DA:1193,0
DA:1194,0
DA:1195,0
DA:1196,0
DA:1197,0
DA:1198,0
DA:1200,0
DA:1202,0
DA:1203,0
DA:1204,0
DA:1206,0
DA:1211,0
DA:1212,0
DA:1213,0
DA:1214,0
DA:1215,0
DA:1224,0
DA:1225,0
DA:1226,0
DA:1227,0
DA:1228,0
DA:1229,0
DA:1232,0
DA:1233,0
DA:1234,0
DA:1235,0
DA:1237,0
DA:1238,0
DA:1243,0
DA:1244,0
DA:1246,0
DA:1252,0
DA:1253,0
DA:1254,0
DA:1255,0
DA:1256,0
DA:1261,0
DA:1262,0
DA:1264,0
DA:1265,0
DA:1266,0
DA:1269,0
DA:1276,0
DA:1277,0
DA:1279,0
DA:1280,0
DA:1281,0
DA:1282,0
DA:1283,0
DA:1284,0
DA:1285,0
DA:1286,0
DA:1287,0
DA:1288,0
DA:1289,0
DA:1291,0
DA:1299,0
DA:1300,0
DA:1301,0
DA:1302,0
DA:1303,0
DA:1305,0
DA:1306,0
DA:1315,0
DA:1316,0
DA:1321,0
DA:1323,0
DA:1324,0
DA:1325,0
DA:1326,0
DA:1327,0
DA:1329,0
DA:1332,0
DA:1335,0
DA:1340,0
DA:1342,0
DA:1343,0
DA:1344,0
DA:1345,0
DA:1346,0
DA:1347,0
DA:1349,0
DA:1352,0
DA:1355,0
DA:1358,0
DA:1363,0
DA:1364,0
DA:1365,0
DA:1366,0
DA:1377,0
DA:1378,0
DA:1380,0
DA:1381,0
DA:1382,0
DA:1383,0
DA:1384,0
DA:1386,0
DA:1388,0
DA:1391,0
DA:1392,0
DA:1393,0
DA:1395,0
DA:1403,0
DA:1405,0
DA:1406,0
DA:1407,0
DA:1409,0
DA:1411,0
DA:1412,0
DA:1413,0
DA:1414,0
DA:1415,0
DA:1416,0
DA:1417,0
DA:1418,0
DA:1419,0
DA:1420,0
DA:1422,0
DA:1423,0
DA:1425,0
DA:1426,0
DA:1427,0
DA:1428,0
DA:1429,0
DA:1431,0
DA:1434,0
DA:1435,0
DA:1436,0
DA:1437,0
DA:1438,0
DA:1441,0
DA:1442,0
DA:1447,0
DA:1448,0
DA:1449,0
DA:1453,0
DA:1454,0
DA:1455,0
DA:1456,0
DA:1457,0
DA:1459,0
DA:1460,0
DA:1470,0
DA:1471,0
DA:1473,0
DA:1475,0
DA:1476,0
DA:1477,0
DA:1479,0
DA:1480,0
DA:1481,0
DA:1482,0
DA:1483,0
DA:1484,0
DA:1486,0
DA:1487,0
DA:1498,0
DA:1499,0
DA:1501,0
DA:1506,0
DA:1507,0
DA:1508,0
DA:1509,0
DA:1517,0
DA:1518,0
DA:1519,0
DA:1520,0
DA:1530,0
DA:1531,0
DA:1532,0
DA:1534,0
DA:1535,0
DA:1536,0
DA:1537,0
DA:1539,0
DA:1540,0
DA:1542,0
DA:1543,0
DA:1544,0
DA:1545,0
DA:1546,0
DA:1547,0
DA:1548,0
DA:1549,0
DA:1550,0
DA:1551,0
DA:1552,0
DA:1554,0
DA:1555,0
DA:1557,0
DA:1559,0
DA:1560,0
DA:1561,0
DA:1562,0
DA:1563,0
DA:1564,0
DA:1566,0
DA:1567,0
DA:1568,0
DA:1574,0
DA:1576,0
DA:1577,0
DA:1579,0
DA:1580,0
DA:1581,0
DA:1582,0
DA:1583,0
DA:1585,0
DA:1586,0
DA:1587,0
DA:1588,0
DA:1590,0
DA:1591,0
DA:1592,0
DA:1593,0
DA:1594,0
DA:1595,0
DA:1596,0
DA:1597,0
DA:1600,0
DA:1601,0
DA:1602,0
DA:1603,0
DA:1604,0
DA:1605,0
DA:1606,0
DA:1607,0
DA:1613,0
DA:1614,0
DA:1615,0
DA:1616,0
DA:1617,0
DA:1618,0
DA:1619,0
DA:1622,0
DA:1623,0
DA:1624,0
DA:1625,0
DA:1626,0
DA:1627,0
DA:1628,0
DA:1629,0
DA:1630,0
DA:1631,0
DA:1639,0
DA:1640,0
DA:1642,0
DA:1644,0
DA:1647,0
DA:1648,0
DA:1649,0
DA:1651,0
DA:1657,0
DA:1658,0
DA:1659,0
DA:1661,0
DA:1662,0
DA:1664,0
DA:1665,0
DA:1666,0
DA:1667,0
DA:1668,0
DA:1672,0
DA:1673,0
DA:1675,0
DA:1676,0
DA:1685,0
DA:1686,0
DA:1687,0
DA:1689,0
DA:1691,0
DA:1692,0
DA:1693,0
DA:1695,0
DA:1700,0
DA:1701,0
DA:1702,0
DA:1703,0
DA:1711,0
DA:1713,0
DA:1714,0
DA:1715,0
DA:1716,0
DA:1717,0
DA:1719,0
DA:1722,0
DA:1730,0
DA:1731,0
DA:1732,0
DA:1734,0
DA:1736,0
DA:1737,0
DA:1738,0
DA:1740,0
DA:1742,0
DA:1743,0
DA:1745,0
DA:1746,0
DA:1747,0
DA:1749,0
DA:1751,0
DA:1752,0
DA:1753,0
DA:1754,0
DA:1755,0
DA:1760,0
DA:1766,1
DA:1769,1
DA:1771,1
DA:1773,1
DA:1775,1
DA:1777,1
DA:1779,1
DA:1782,1
DA:1784,1
DA:1786,1
DA:1797,1
DA:1799,0
DA:1800,0
DA:1801,0
DA:1802,0
DA:1803,0
DA:1804,0
DA:1805,0
DA:1806,0
DA:1807,0
DA:1808,0
DA:1809,0
DA:1810,0
DA:1812,0
DA:1813,0
DA:1814,0
DA:1818,0
DA:1819,0
DA:1820,0
DA:1822,0
DA:1823,0
DA:1828,0
DA:1830,0
DA:1832,0
DA:1833,0
DA:1834,0
DA:1836,0
DA:1837,0
DA:1838,0
DA:1840,0
DA:1841,0
DA:1842,0
DA:1843,0
DA:1846,0
DA:1847,0
DA:1848,0
DA:1849,0
DA:1853,0
DA:1854,0
DA:1855,0
DA:1856,0
DA:1857,0
DA:1859,0
DA:1860,0
DA:1861,0
DA:1863,0
DA:1864,0
DA:1865,0
DA:1866,0
DA:1867,0
DA:1870,0
DA:1871,0
DA:1872,0
DA:1874,0
DA:1876,0
DA:1886,1
DA:1888,0
DA:1889,0
DA:1902,1
DA:1904,0
DA:1906,0
DA:1909,0
DA:1910,0
DA:1913,0
DA:1914,0
DA:1915,0
DA:1916,0
DA:1917,0
DA:1918,0
DA:1919,0
DA:1920,0
DA:1922,0
DA:1923,0
DA:1925,0
DA:1926,0
DA:1927,0
DA:1929,0
DA:1930,0
DA:1931,0
DA:1932,0
DA:1934,0
DA:1935,0
DA:1936,0
DA:1937,0
DA:1939,0
DA:1944,0
DA:1949,0
DA:1952,0
DA:1953,0
DA:1955,0
DA:1956,0
DA:1957,0
DA:1958,0
DA:1959,0
DA:1962,0
DA:1963,0
DA:1967,0
DA:1968,0
DA:1969,0
DA:1973,0
DA:1974,0
DA:1975,0
DA:1977,0
DA:1981,0
DA:1983,0
DA:1984,0
DA:1986,0
DA:2014,1
DA:2056,1
DA:2059,0
DA:2061,0
DA:2062,0
DA:2063,0
DA:2064,0
DA:2067,0
DA:2068,0
DA:2070,0
DA:2071,0
DA:2072,0
DA:2074,0
DA:2075,0
DA:2077,0
DA:2078,0
DA:2080,0
DA:2081,0
DA:2085,0
DA:2086,0
DA:2087,0
DA:2088,0
DA:2102,1
DA:2105,0
DA:2106,0
DA:2108,0
DA:2110,0
DA:2111,0
DA:2113,0
DA:2114,0
DA:2115,0
DA:2117,0
DA:2118,0
DA:2119,0
DA:2124,0
DA:2125,0
DA:2128,0
DA:2129,0
DA:2131,0
DA:2133,0
DA:2134,0
DA:2136,0
DA:2137,0
DA:2139,0
DA:2140,0
DA:2142,0
DA:2143,0
DA:2145,0
DA:2146,0
DA:2150,0
DA:2151,0
DA:2156,0
DA:2157,0
DA:2159,0
DA:2161,0
DA:2162,0
DA:2190,1
DA:2242,1
DA:2245,0
DA:2247,0
DA:2248,0
DA:2249,0
DA:2250,0
DA:2253,0
DA:2254,0
DA:2256,0
DA:2257,0
DA:2258,0
DA:2260,0
DA:2261,0
DA:2263,0
DA:2264,0
DA:2266,0
DA:2267,0
DA:2271,0
DA:2272,0
DA:2273,0
DA:2274,0
DA:2288,1
DA:2291,0
DA:2292,0
DA:2294,0
DA:2296,0
DA:2297,0
DA:2299,0
DA:2300,0
DA:2301,0
DA:2303,0
DA:2304,0
DA:2305,0
DA:2310,0
DA:2311,0
DA:2314,0
DA:2315,0
DA:2317,0
DA:2319,0
DA:2320,0
DA:2322,0
DA:2323,0
DA:2326,0
DA:2327,0
DA:2329,0
DA:2330,0
DA:2332,0
DA:2333,0
DA:2335,0
DA:2336,0
DA:2340,0
DA:2345,0
DA:2346,0
DA:2348,0
DA:2350,0
DA:2351,0
DA:2380,1
DA:2442,1
DA:2445,0
DA:2447,0
DA:2448,0
DA:2449,0
DA:2450,0
DA:2453,0
DA:2454,0
DA:2456,0
DA:2457,0
DA:2458,0
DA:2460,0
DA:2461,0
DA:2463,0
DA:2464,0
DA:2466,0
DA:2467,0
DA:2471,0
DA:2472,0
DA:2473,0
DA:2474,0
DA:2488,1
DA:2491,0
DA:2492,0
DA:2494,0
DA:2496,0
DA:2497,0
DA:2499,0
DA:2500,0
DA:2501,0
DA:2503,0
DA:2504,0
DA:2505,0
DA:2510,0
DA:2511,0
DA:2514,0
DA:2515,0
DA:2517,0
DA:2519,0
DA:2520,0
DA:2522,0
DA:2523,0
DA:2526,0
DA:2527,0
DA:2529,0
DA:2530,0
DA:2532,0
DA:2533,0
DA:2535,0
DA:2536,0
DA:2544,0
DA:2545,0
DA:2547,0
DA:2549,0
DA:2550,0
DA:2557,1
DA:2560,0
DA:2562,0
DA:2563,0
DA:2564,0
DA:2565,0
DA:2567,0
DA:2568,0
DA:2573,0
DA:2575,0
DA:2576,0
DA:2577,0
DA:2578,0
DA:2580,0
DA:2581,0
DA:2586,0
DA:2588,0
DA:2589,0
DA:2590,0
DA:2591,0
DA:2593,0
DA:2594,0
DA:2599,0
DA:2601,0
DA:2602,0
DA:2603,0
DA:2604,0
DA:2605,0
DA:2606,0
DA:2607,0
DA:2608,0
DA:2609,0
DA:2610,0
DA:2611,0
DA:2613,0
DA:2614,0
DA:2615,0
DA:2616,0
DA:2617,0
DA:2619,0
DA:2620,0
DA:2621,0
DA:2623,0
DA:2624,0
DA:2625,0
DA:2626,0
DA:2627,0
DA:2628,0
DA:2630,0
DA:2631,0
DA:2632,0
DA:2635,0
DA:2636,0
DA:2638,0
DA:2639,0
DA:2640,0
DA:2641,0
DA:2642,0
DA:2643,0
DA:2644,0
DA:2645,0
DA:2646,0
DA:2648,0
DA:2649,0
DA:2651,0
DA:2652,0
DA:2653,0
DA:2654,0
DA:2657,0
DA:2659,0
DA:2660,0
DA:2661,0
DA:2662,0
DA:2665,0
DA:2666,0
DA:2668,0
DA:2669,0
DA:2670,0
DA:2671,0
DA:2672,0
DA:2673,0
DA:2675,0
DA:2678,0
DA:2679,0
DA:2680,0
DA:2681,0
DA:2683,0
DA:2686,0
DA:2689,0
DA:2693,0
DA:2697,0
DA:2698,0
DA:2703,0
DA:2705,0
DA:2706,0
DA:2707,0
DA:2708,0
DA:2709,0
DA:2710,0
DA:2711,0
DA:2712,0
DA:2713,0
DA:2714,0
DA:2715,0
DA:2717,0
DA:2718,0
DA:2719,0
DA:2720,0
DA:2721,0
DA:2723,0
DA:2724,0
DA:2725,0
DA:2727,0
DA:2728,0
DA:2729,0
DA:2730,0
DA:2731,0
DA:2732,0
DA:2734,0
DA:2735,0
DA:2736,0
DA:2739,0
DA:2740,0
DA:2742,0
DA:2743,0
DA:2744,0
DA:2745,0
DA:2746,0
DA:2747,0
DA:2748,0
DA:2749,0
DA:2750,0
DA:2752,0
DA:2753,0
DA:2755,0
DA:2756,0
DA:2757,0
DA:2758,0
DA:2761,0
DA:2763,0
DA:2764,0
DA:2765,0
DA:2766,0
DA:2769,0
DA:2770,0
DA:2772,0
DA:2773,0
DA:2774,0
DA:2775,0
DA:2776,0
DA:2777,0
DA:2779,0
DA:2782,0
DA:2783,0
DA:2784,0
DA:2785,0
DA:2787,0
DA:2790,0
DA:2793,0
DA:2797,0
DA:2801,0
DA:2802,0
DA:2807,0
DA:2809,0
DA:2810,0
DA:2811,0
DA:2812,0
DA:2813,0
DA:2814,0
DA:2815,0
DA:2816,0
DA:2817,0
DA:2818,0
DA:2819,0
DA:2821,0
DA:2822,0
DA:2823,0
DA:2824,0
DA:2825,0
DA:2827,0
DA:2828,0
DA:2829,0
DA:2831,0
DA:2832,0
DA:2833,0
DA:2834,0
DA:2835,0
DA:2836,0
DA:2838,0
DA:2839,0
DA:2840,0
DA:2843,0
DA:2844,0
DA:2846,0
DA:2847,0
DA:2848,0
DA:2849,0
DA:2850,0
DA:2851,0
DA:2852,0
DA:2853,0
DA:2854,0
DA:2856,0
DA:2857,0
DA:2859,0
DA:2860,0
DA:2861,0
DA:2862,0
DA:2865,0
DA:2867,0
DA:2868,0
DA:2869,0
DA:2870,0
DA:2873,0
DA:2874,0
DA:2876,0
DA:2877,0
DA:2878,0
DA:2879,0
DA:2880,0
DA:2881,0
DA:2883,0
DA:2886,0
DA:2887,0
DA:2888,0
DA:2889,0
DA:2891,0
DA:2894,0
DA:2897,0
DA:2901,0
DA:2905,0
DA:2906,0
DA:2913,0
DA:2922,1
DA:2930,0
DA:2931,0
DA:2937,0
DA:2942,0
DA:2943,0
DA:2955,0
DA:2963,0
DA:2964,0
DA:2980,0
DA:2981,0
DA:2990,1
DA:2998,0
DA:2999,0
DA:3000,0
DA:3002,0
DA:3005,0
DA:3006,0
DA:3008,0
DA:3009,0
DA:3010,0
DA:3011,0
DA:3014,0
DA:3015,0
DA:3016,0
DA:3017,0
DA:3028,0
DA:3029,0
DA:3031,0
DA:3043,0
DA:3044,0
DA:3045,0
DA:3046,0
DA:3048,0
DA:3049,0
DA:3050,0
DA:3051,0
DA:3052,0
DA:3060,0
DA:3061,0
DA:3063,0
DA:3064,0
DA:3065,0
DA:3066,0
DA:3076,0
DA:3077,0
DA:3078,0
DA:3079,0
DA:3080,0
DA:3081,0
DA:3082,0
DA:3083,0
DA:3092,0
DA:3093,0
DA:3095,0
DA:3096,0
DA:3097,0
DA:3108,0
DA:3109,0
DA:3111,0
DA:3112,0
DA:3113,0
DA:3114,0
DA:3115,0
DA:3118,0
DA:3125,0
DA:3130,0
DA:3141,0
DA:3142,0
DA:3144,0
DA:3145,0
DA:3146,0
DA:3147,0
DA:3148,0
DA:3149,0
DA:3150,0
DA:3151,0
DA:3152,0
DA:3153,0
DA:3155,0
DA:3163,0
DA:3164,0
DA:3166,0
DA:3167,0
DA:3168,0
DA:3169,0
DA:3171,0
DA:3172,0
DA:3173,0
DA:3310,1
DA:3311,0
DA:3312,0
DA:3314,0
DA:3315,0
DA:3317,0
DA:3318,0
DA:3320,0
DA:3323,1
DA:3325,0
DA:3326,0
DA:3327,0
DA:3329,0
DA:3330,0
DA:3331,0
DA:3333,0
DA:3338,1
DA:3339,0
DA:3343,1
DA:3345,0
DA:3346,0
DA:3348,0
DA:3349,0
DA:3351,0
DA:3352,0
DA:3353,0
DA:3354,0
DA:3355,0
DA:3362,1
DA:3364,0
DA:3365,0
DA:3366,0
DA:3367,0
DA:3368,0
DA:3369,0
DA:3370,0
DA:3371,0
DA:3372,0
DA:3373,0
DA:3374,0
DA:3377,0
DA:3378,0
DA:3381,0
DA:3382,0
DA:3384,0
DA:3385,0
DA:3387,0
DA:3388,0
DA:3391,0
DA:3395,1
DA:3402,0
DA:3403,0
DA:3404,0
DA:3406,0
DA:3407,0
DA:3408,0
DA:3410,0
DA:3411,0
DA:3412,0
DA:3413,0
DA:3414,0
DA:3415,0
DA:3416,0
DA:3417,0
DA:3418,0
DA:3419,0
DA:3420,0
DA:3424,0
DA:3425,0
DA:3426,0
DA:3427,0
DA:3428,0
DA:3429,0
DA:3430,0
DA:3431,0
DA:3432,0
DA:3433,0
DA:3434,0
DA:3439,0
DA:3440,0
DA:3444,0
DA:3446,0
DA:3449,0
DA:3450,0
DA:3453,0
DA:3456,0
DA:3458,0
DA:3460,0
DA:3463,0
DA:3464,0
DA:3467,0
DA:3471,0
DA:3476,0
DA:3477,0
DA:3479,0
DA:3482,0
DA:3484,0
DA:3485,0
DA:3487,0
DA:3490,0
DA:3493,0
DA:3495,0
DA:3496,0
DA:3498,0
DA:3500,0
DA:3501,0
DA:3507,1
DA:3509,0
DA:3510,0
DA:3512,0
DA:3513,0
DA:3514,0
DA:3515,0
DA:3516,0
DA:3519,0
DA:3521,0
DA:3522,0
DA:3523,0
DA:3524,0
DA:3525,0
DA:3528,0
DA:3532,0
DA:3533,0
DA:3534,0
DA:3537,0
DA:3539,0
DA:3540,0
DA:3541,0
DA:3544,0
DA:3548,0
DA:3549,0
DA:3550,0
DA:3551,0
DA:3554,0
DA:3555,0
DA:3561,1
DA:3564,0
DA:3565,0
DA:3566,0
DA:3567,0
DA:3568,0
DA:3569,0
DA:3572,0
DA:3573,0
DA:3574,0
DA:3576,0
DA:3577,0
DA:3578,0
DA:3579,0
DA:3580,0
DA:3581,0
DA:3582,0
DA:3583,0
DA:3584,0
DA:3585,0
DA:3586,0
DA:3587,0
DA:3588,0
DA:3589,0
DA:3591,0
DA:3592,0
DA:3593,0
DA:3594,0
DA:3595,0
DA:3596,0
DA:3598,0
DA:3601,1
DA:3604,0
DA:3605,0
DA:3607,0
DA:3608,0
DA:3611,0
DA:3612,0
DA:3614,0
DA:3616,0
DA:3617,0
DA:3618,0
DA:3619,0
DA:3621,0
DA:3627,0
DA:3628,0
DA:3629,0
DA:3631,0
DA:3632,0
DA:3633,0
DA:3634,0
DA:3635,0
DA:3636,0
DA:3637,0
DA:3638,0
DA:3639,0
DA:3640,0
DA:3643,0
DA:3644,0
DA:3647,0
DA:3648,0
DA:3649,0
DA:3651,0
DA:3652,0
DA:3653,0
DA:3654,0
DA:3655,0
DA:3657,0
DA:3658,0
DA:3659,0
DA:3660,0
DA:3661,0
DA:3664,0
DA:3665,0
DA:3666,0
DA:3668,0
DA:3671,0
DA:3672,0
DA:3674,0
DA:3679,1
DA:3681,0
DA:3684,1
DA:3686,0
DA:3688,0
DA:3690,0
DA:3691,0
DA:3694,0
DA:3699,0
DA:3700,0
DA:3702,0
DA:3708,0
DA:3710,0
DA:3711,0
DA:3713,0
DA:3716,0
DA:3721,1
DA:3723,0
DA:3726,0
DA:3727,0
DA:3728,0
DA:3729,0
DA:3730,0
DA:3731,0
DA:3732,0
DA:3733,0
DA:3734,0
DA:3735,0
DA:3737,0
DA:3738,0
DA:3739,0
DA:3740,0
DA:3741,0
DA:3742,0
DA:3746,0
DA:3747,0
DA:3749,0
DA:3750,0
DA:3752,0
DA:3753,0
DA:3755,0
DA:3756,0
DA:3758,0
DA:3760,0
DA:3761,0
DA:3762,0
DA:3763,0
DA:3764,0
DA:3765,0
DA:3766,0
DA:3767,0
DA:3771,0
DA:3774,1
DA:3775,0
DA:3777,0
DA:3779,0
DA:3780,0
DA:3782,0
DA:3783,0
DA:3785,0
DA:3786,0
DA:3788,0
DA:3789,0
DA:3791,0
DA:3792,0
DA:3794,0
DA:3797,1
DA:3799,0
DA:3800,0
DA:3802,0
DA:3803,0
DA:3804,0
DA:3805,0
DA:3806,0
DA:3808,0
DA:3809,0
DA:3810,0
DA:3812,0
DA:3813,0
DA:3814,0
DA:3816,0
DA:3817,0
DA:3818,0
DA:3819,0
DA:3820,0
DA:3822,0
DA:3823,0
DA:3824,0
DA:3825,0
DA:3826,0
DA:3827,0
DA:3828,0
DA:3830,0
DA:3831,0
DA:3832,0
DA:3835,0
DA:3836,0
DA:3837,0
DA:3838,0
DA:3839,0
DA:3841,0
DA:3842,0
DA:3843,0
DA:3844,0
DA:3845,0
DA:3846,0
DA:3847,0
DA:3849,0
DA:3850,0
DA:3851,0
DA:3854,0
DA:3857,0
DA:3858,0
DA:3859,0
DA:3860,0
DA:3862,0
DA:3863,0
DA:3864,0
DA:3866,0
DA:3867,0
DA:3868,0
DA:3869,0
DA:3870,0
DA:3872,0
DA:3873,0
DA:3874,0
DA:3875,0
DA:3876,0
DA:3877,0
DA:3878,0
DA:3880,0
DA:3881,0
DA:3882,0
DA:3885,0
DA:3886,0
DA:3887,0
DA:3888,0
DA:3889,0
DA:3891,0
DA:3892,0
DA:3893,0
DA:3894,0
DA:3895,0
DA:3896,0
DA:3897,0
DA:3899,0
DA:3900,0
DA:3901,0
DA:3905,0
DA:3912,1
DA:3922,0
DA:3923,0
DA:3926,0
DA:3927,0
DA:3933,0
DA:3938,0
DA:3949,0
DA:3957,0
DA:3958,0
DA:3959,0
DA:3960,0
DA:3965,1
DA:3967,1
DA:3969,1
DA:3971,1
DA:3973,1
DA:3975,1
DA:3977,1
DA:3979,1
DA:3981,1
DA:3983,1
DA:3985,1
DA:3987,1
DA:3989,1
DA:3991,1
DA:3993,1
DA:3995,1
DA:3998,1
DA:4000,1
DA:4002,1
DA:4004,1
DA:4006,1
DA:4008,1
DA:4010,1
DA:4012,1
DA:4014,1
DA:4016,1
DA:4018,1
DA:4020,1
DA:4022,1
DA:4025,1
DA:4027,1
DA:4029,1
DA:4031,1
DA:4033,1
DA:4035,1
DA:4037,1
DA:4039,1
DA:4041,1
DA:4043,1
LF:1869
LH:269
BRDA:235,0,0,1
BRDA:235,0,1,0
BRDA:235,1,0,1
BRDA:235,1,1,1
BRDA:356,2,0,2
BRDA:385,3,0,0
BRDA:394,4,0,0
BRDA:394,4,1,0
BRDA:394,5,0,0
BRDA:394,5,1,0
BRDA:396,6,0,0
BRDA:396,6,1,0
BRDA:396,7,0,0
BRDA:396,7,1,0
BRDA:401,8,0,0
BRDA:401,8,1,0
BRDA:401,8,2,0
BRDA:401,8,3,0
BRDA:403,9,0,0
BRDA:403,9,1,0
BRDA:418,10,0,0
BRDA:418,10,1,0
BRDA:418,11,0,0
BRDA:418,11,1,0
BRDA:425,12,0,0
BRDA:425,12,1,0
BRDA:429,13,0,0
BRDA:429,13,1,0
BRDA:430,14,0,0
BRDA:430,14,1,0
BRDA:433,15,0,0
BRDA:433,15,1,0
BRDA:441,16,0,0
BRDA:441,16,1,0
BRDA:442,17,0,0
BRDA:442,17,1,0
BRDA:444,18,0,0
BRDA:444,18,1,0
BRDA:444,19,0,0
BRDA:444,19,1,0
BRDA:458,20,0,0
BRDA:458,20,1,0
BRDA:459,21,0,0
BRDA:459,21,1,0
BRDA:461,22,0,0
BRDA:461,22,1,0
BRDA:461,23,0,0
BRDA:461,23,1,0
BRDA:476,24,0,0
BRDA:476,24,1,0
BRDA:490,25,0,0
BRDA:490,25,1,0
BRDA:492,26,0,0
BRDA:492,26,1,0
BRDA:492,27,0,0
BRDA:492,27,1,0
BRDA:501,28,0,0
BRDA:501,28,1,0
BRDA:552,29,0,0
BRDA:552,29,1,0
BRDA:553,30,0,0
BRDA:553,30,1,0
BRDA:555,31,0,0
BRDA:555,31,1,0
BRDA:555,32,0,0
BRDA:555,32,1,0
BRDA:558,33,0,0
BRDA:558,33,1,0
BRDA:579,34,0,6
BRDA:579,34,1,0
BRDA:579,35,0,3
BRDA:579,35,1,0
BRDA:606,36,0,5
BRDA:615,37,0,1
BRDA:615,37,1,4
BRDA:615,38,0,5
BRDA:615,38,1,5
BRDA:622,39,0,1
BRDA:622,39,1,3
BRDA:622,40,0,4
BRDA:622,40,1,4
BRDA:628,41,0,0
BRDA:628,41,1,3
BRDA:628,42,0,3
BRDA:628,42,1,3
BRDA:634,43,0,3
BRDA:634,43,1,0
BRDA:648,44,0,0
BRDA:653,45,0,0
BRDA:653,45,1,0
BRDA:654,46,0,0
BRDA:654,46,1,0
BRDA:662,47,0,0
BRDA:662,47,1,0
BRDA:666,48,0,0
BRDA:666,48,1,0
BRDA:677,49,0,0
BRDA:677,49,1,0
BRDA:713,50,0,0
BRDA:713,51,0,0
BRDA:713,52,0,0
BRDA:715,53,0,0
BRDA:715,54,0,0
BRDA:716,55,0,0
BRDA:716,55,1,0
BRDA:737,56,0,0
BRDA:737,56,1,0
BRDA:745,57,0,0
BRDA:745,57,1,0
BRDA:749,58,0,0
BRDA:749,58,1,0
BRDA:753,59,0,0
BRDA:753,59,1,0
BRDA:761,60,0,0
BRDA:761,60,1,0
BRDA:762,61,0,0
BRDA:762,61,1,0
BRDA:764,62,0,0
BRDA:764,62,1,0
BRDA:769,63,0,0
BRDA:769,63,1,0
BRDA:776,64,0,0
BRDA:776,64,1,0
BRDA:776,64,2,0
BRDA:788,65,0,0
BRDA:788,65,1,0
BRDA:788,66,0,0
BRDA:788,66,1,0
BRDA:790,67,0,0
BRDA:790,67,1,0
BRDA:793,68,0,0
BRDA:793,68,1,0
BRDA:797,69,0,0
BRDA:797,69,1,0
BRDA:797,70,0,0
BRDA:797,70,1,0
BRDA:805,71,0,0
BRDA:805,71,1,0
BRDA:822,72,0,0
BRDA:822,72,1,0
BRDA:825,73,0,0
BRDA:825,73,1,0
BRDA:827,74,0,0
BRDA:827,74,1,0
BRDA:832,75,0,0
BRDA:832,75,1,0
BRDA:834,76,0,0
BRDA:834,76,1,0
BRDA:839,77,0,0
BRDA:839,77,1,0
BRDA:839,77,2,0
BRDA:849,78,0,0
BRDA:849,78,1,0
BRDA:852,79,0,0
BRDA:852,79,1,0
BRDA:852,80,0,0
BRDA:852,80,1,0
BRDA:855,81,0,0
BRDA:855,81,1,0
BRDA:864,82,0,0
BRDA:864,82,1,0
BRDA:864,83,0,0
BRDA:864,83,1,0
BRDA:875,84,0,0
BRDA:877,85,0,0
BRDA:877,85,1,0
BRDA:882,86,0,0
BRDA:882,86,1,0
BRDA:884,87,0,0
BRDA:884,87,1,0
BRDA:892,88,0,0
BRDA:892,88,1,0
BRDA:894,89,0,0
BRDA:894,89,1,0
BRDA:902,90,0,0
BRDA:902,90,1,0
BRDA:904,91,0,0
BRDA:904,91,1,0
BRDA:921,92,0,0
BRDA:921,92,1,0
BRDA:923,93,0,0
BRDA:923,93,1,0
BRDA:929,94,0,0
BRDA:929,94,1,0
BRDA:931,95,0,0
BRDA:931,95,1,0
BRDA:937,96,0,0
BRDA:937,96,1,0
BRDA:939,97,0,0
BRDA:939,97,1,0
BRDA:959,98,0,0
BRDA:959,99,0,0
BRDA:988,100,0,0
BRDA:988,100,1,0
BRDA:990,101,0,0
BRDA:990,101,1,0
BRDA:991,102,0,0
BRDA:991,102,1,0
BRDA:1003,103,0,0
BRDA:1003,103,1,0
BRDA:1006,104,0,0
BRDA:1006,104,1,0
BRDA:1008,105,0,0
BRDA:1008,105,1,0
BRDA:1008,106,0,0
BRDA:1008,106,1,0
BRDA:1024,107,0,0
BRDA:1024,107,1,0
BRDA:1028,108,0,0
BRDA:1028,108,1,0
BRDA:1032,109,0,0
BRDA:1032,109,1,0
BRDA:1035,110,0,0
BRDA:1035,110,1,0
BRDA:1038,111,0,0
BRDA:1038,111,1,0
BRDA:1041,112,0,0
BRDA:1041,112,1,0
BRDA:1042,113,0,0
BRDA:1042,113,1,0
BRDA:1043,114,0,0
BRDA:1043,114,1,0
BRDA:1044,115,0,0
BRDA:1044,115,1,0
BRDA:1044,116,0,0
BRDA:1044,116,1,0
BRDA:1055,117,0,0
BRDA:1060,118,0,0
BRDA:1065,119,0,0
BRDA:1073,120,0,0
BRDA:1073,120,1,0
BRDA:1076,121,0,0
BRDA:1076,121,1,0
BRDA:1086,122,0,0
BRDA:1086,122,1,0
BRDA:1090,123,0,0
BRDA:1090,123,1,0
BRDA:1101,124,0,0
BRDA:1101,124,1,0
BRDA:1105,125,0,0
BRDA:1105,125,1,0
BRDA:1105,126,0,0
BRDA:1105,126,1,0
BRDA:1118,127,0,0
BRDA:1118,127,1,0
BRDA:1139,128,0,0
BRDA:1139,128,1,0
BRDA:1160,129,0,0
BRDA:1160,129,1,0
BRDA:1160,130,0,0
BRDA:1160,130,1,0
BRDA:1161,131,0,0
BRDA:1161,131,1,0
BRDA:1166,132,0,0
BRDA:1166,132,1,0
BRDA:1171,133,0,0
BRDA:1171,133,1,0
BRDA:1171,134,0,0
BRDA:1171,134,1,0
BRDA:1175,135,0,0
BRDA:1175,135,1,0
BRDA:1175,136,0,0
BRDA:1175,136,1,0
BRDA:1193,137,0,0
BRDA:1193,137,1,0
BRDA:1195,138,0,0
BRDA:1195,138,1,0
BRDA:1195,139,0,0
BRDA:1195,139,1,0
BRDA:1203,140,0,0
BRDA:1203,140,1,0
BRDA:1203,141,0,0
BRDA:1203,141,1,0
BRDA:1210,142,0,0
BRDA:1211,143,0,0
BRDA:1211,143,1,0
BRDA:1211,144,0,0
BRDA:1211,144,1,0
BRDA:1222,145,0,0
BRDA:1224,146,0,0
BRDA:1224,146,1,0
BRDA:1225,147,0,0
BRDA:1225,147,1,0
BRDA:1227,148,0,0
BRDA:1227,148,1,0
BRDA:1228,149,0,0
BRDA:1228,149,1,0
BRDA:1228,150,0,0
BRDA:1228,150,1,0
BRDA:1232,151,0,0
BRDA:1232,151,1,0
BRDA:1232,152,0,0
BRDA:1232,152,1,0
BRDA:1234,153,0,0
BRDA:1234,153,1,0
BRDA:1234,154,0,0
BRDA:1234,154,1,0
BRDA:1234,154,2,0
BRDA:1237,155,0,0
BRDA:1237,155,1,0
BRDA:1243,156,0,0
BRDA:1243,156,1,0
BRDA:1243,157,0,0
BRDA:1243,157,1,0
BRDA:1250,158,0,0
BRDA:1252,159,0,0
BRDA:1252,159,1,0
BRDA:1253,160,0,0
BRDA:1253,160,1,0
BRDA:1253,161,0,0
BRDA:1253,161,1,0
BRDA:1254,162,0,0
BRDA:1254,162,1,0
BRDA:1254,163,0,0
BRDA:1254,163,1,0
BRDA:1255,164,0,0
BRDA:1255,164,1,0
BRDA:1261,165,0,0
BRDA:1261,165,1,0
BRDA:1264,166,0,0
BRDA:1264,166,1,0
BRDA:1264,167,0,0
BRDA:1264,167,1,0
BRDA:1265,168,0,0
BRDA:1265,168,1,0
BRDA:1274,169,0,0
BRDA:1276,170,0,0
BRDA:1276,170,1,0
BRDA:1281,171,0,0
BRDA:1281,171,1,0
BRDA:1281,172,0,0
BRDA:1281,172,1,0
BRDA:1283,173,0,0
BRDA:1283,173,1,0
BRDA:1285,174,0,0
BRDA:1285,174,1,0
BRDA:1288,175,0,0
BRDA:1288,175,1,0
BRDA:1288,176,0,0
BRDA:1288,176,1,0
BRDA:1300,177,0,0
BRDA:1300,177,1,0
BRDA:1302,178,0,0
BRDA:1302,178,1,0
BRDA:1305,179,0,0
BRDA:1305,179,1,0
BRDA:1315,180,0,0
BRDA:1315,180,1,0
BRDA:1320,181,0,0
BRDA:1323,182,0,0
BRDA:1323,182,1,0
BRDA:1325,183,0,0
BRDA:1325,183,1,0
BRDA:1325,184,0,0
BRDA:1325,184,1,0
BRDA:1326,185,0,0
BRDA:1326,185,1,0
BRDA:1326,186,0,0
BRDA:1326,186,1,0
BRDA:1339,187,0,0
BRDA:1342,188,0,0
BRDA:1342,188,1,0
BRDA:1344,189,0,0
BRDA:1344,189,1,0
BRDA:1344,190,0,0
BRDA:1344,190,1,0
BRDA:1345,191,0,0
BRDA:1345,191,1,0
BRDA:1346,192,0,0
BRDA:1346,192,1,0
BRDA:1364,193,0,0
BRDA:1364,193,1,0
BRDA:1377,194,0,0
BRDA:1377,194,1,0
BRDA:1380,195,0,0
BRDA:1380,195,1,0
BRDA:1382,196,0,0
BRDA:1382,196,1,0
BRDA:1383,197,0,0
BRDA:1383,197,1,0
BRDA:1392,198,0,0
BRDA:1392,198,1,0
BRDA:1392,199,0,0
BRDA:1392,199,1,0
BRDA:1402,200,0,0
BRDA:1405,201,0,0
BRDA:1405,201,1,0
BRDA:1407,202,0,0
BRDA:1407,202,1,0
BRDA:1412,203,0,0
BRDA:1412,203,1,0
BRDA:1412,204,0,0
BRDA:1412,204,1,0
BRDA:1413,205,0,0
BRDA:1413,205,1,0
BRDA:1415,206,0,0
BRDA:1415,206,1,0
BRDA:1415,207,0,0
BRDA:1415,207,1,0
BRDA:1415,207,2,0
BRDA:1415,207,3,0
BRDA:1426,208,0,0
BRDA:1426,208,1,0
BRDA:1426,209,0,0
BRDA:1426,209,1,0
BRDA:1427,210,0,0
BRDA:1427,210,1,0
BRDA:1434,211,0,0
BRDA:1434,211,1,0
BRDA:1436,212,0,0
BRDA:1436,212,1,0
BRDA:1441,213,0,0
BRDA:1441,213,1,0
BRDA:1447,214,0,0
BRDA:1447,214,1,0
BRDA:1453,215,0,0
BRDA:1453,215,1,0
BRDA:1455,216,0,0
BRDA:1455,216,1,0
BRDA:1459,217,0,0
BRDA:1459,217,1,0
BRDA:1469,218,0,0
BRDA:1470,219,0,0
BRDA:1470,219,1,0
BRDA:1475,220,0,0
BRDA:1475,220,1,0
BRDA:1479,221,0,0
BRDA:1479,221,1,0
BRDA:1480,222,0,0
BRDA:1480,222,1,0
BRDA:1482,223,0,0
BRDA:1482,223,1,0
BRDA:1486,224,0,0
BRDA:1486,224,1,0
BRDA:1498,225,0,0
BRDA:1498,225,1,0
BRDA:1507,226,0,0
BRDA:1507,226,1,0
BRDA:1516,227,0,0
BRDA:1518,228,0,0
BRDA:1518,228,1,0
BRDA:1530,229,0,0
BRDA:1530,229,1,0
BRDA:1532,230,0,0
BRDA:1532,230,1,0
BRDA:1532,230,2,0
BRDA:1536,231,0,0
BRDA:1536,231,1,0
BRDA:1539,232,0,0
BRDA:1539,232,1,0
BRDA:1543,233,0,0
BRDA:1543,233,1,0
BRDA:1544,234,0,0
BRDA:1544,234,1,0
BRDA:1544,235,0,0
BRDA:1544,235,1,0
BRDA:1547,236,0,0
BRDA:1547,236,1,0
BRDA:1548,237,0,0
BRDA:1548,237,1,0
BRDA:1548,238,0,0
BRDA:1548,238,1,0
BRDA:1559,239,0,0
BRDA:1559,239,1,0
BRDA:1566,240,0,0
BRDA:1566,240,1,0
BRDA:1566,241,0,0
BRDA:1566,241,1,0
BRDA:1577,242,0,0
BRDA:1577,242,1,0
BRDA:1582,243,0,0
BRDA:1582,243,1,0
BRDA:1586,244,0,0
BRDA:1586,244,1,0
BRDA:1587,245,0,0
BRDA:1587,245,1,0
BRDA:1591,246,0,0
BRDA:1591,246,1,0
BRDA:1591,247,0,0
BRDA:1591,247,1,0
BRDA:1595,248,0,0
BRDA:1595,248,1,0
BRDA:1596,249,0,0
BRDA:1596,249,1,0
BRDA:1600,250,0,0
BRDA:1600,250,1,0
BRDA:1600,251,0,0
BRDA:1600,251,1,0
BRDA:1601,252,0,0
BRDA:1601,252,1,0
BRDA:1601,253,0,0
BRDA:1601,253,1,0
BRDA:1604,254,0,0
BRDA:1604,254,1,0
BRDA:1605,255,0,0
BRDA:1605,255,1,0
BRDA:1617,256,0,0
BRDA:1617,256,1,0
BRDA:1618,257,0,0
BRDA:1618,257,1,0
BRDA:1622,258,0,0
BRDA:1622,258,1,0
BRDA:1622,259,0,0
BRDA:1622,259,1,0
BRDA:1623,260,0,0
BRDA:1623,260,1,0
BRDA:1623,261,0,0
BRDA:1623,261,1,0
BRDA:1628,262,0,0
BRDA:1628,262,1,0
BRDA:1629,263,0,0
BRDA:1629,263,1,0
BRDA:1639,264,0,0
BRDA:1639,264,1,0
BRDA:1648,265,0,0
BRDA:1648,265,1,0
BRDA:1648,266,0,0
BRDA:1648,266,1,0
BRDA:1655,267,0,0
BRDA:1657,268,0,0
BRDA:1657,268,1,0
BRDA:1661,269,0,0
BRDA:1661,269,1,0
BRDA:1664,270,0,0
BRDA:1664,270,1,0
BRDA:1665,271,0,0
BRDA:1665,271,1,0
BRDA:1666,272,0,0
BRDA:1666,272,1,0
BRDA:1666,273,0,0
BRDA:1666,273,1,0
BRDA:1667,274,0,0
BRDA:1667,274,1,0
BRDA:1672,275,0,0
BRDA:1672,275,1,0
BRDA:1672,276,0,0
BRDA:1672,276,1,0
BRDA:1675,277,0,0
BRDA:1675,277,1,0
BRDA:1685,278,0,0
BRDA:1685,278,1,0
BRDA:1692,279,0,0
BRDA:1692,279,1,0
BRDA:1692,280,0,0
BRDA:1692,280,1,0
BRDA:1701,281,0,0
BRDA:1701,281,1,0
BRDA:1713,282,0,0
BRDA:1713,282,1,0
BRDA:1715,283,0,0
BRDA:1715,283,1,0
BRDA:1715,284,0,0
BRDA:1715,284,1,0
BRDA:1716,285,0,0
BRDA:1716,285,1,0
BRDA:1728,286,0,0
BRDA:1730,287,0,0
BRDA:1730,287,1,0
BRDA:1730,288,0,0
BRDA:1730,288,1,0
BRDA:1736,289,0,0
BRDA:1736,289,1,0
BRDA:1736,290,0,0
BRDA:1736,290,1,0
BRDA:1742,291,0,0
BRDA:1742,291,1,0
BRDA:1745,292,0,0
BRDA:1745,292,1,0
BRDA:1746,293,0,0
BRDA:1746,293,1,0
BRDA:1746,294,0,0
BRDA:1746,294,1,0
BRDA:1759,295,0,0
BRDA:1812,296,0,0
BRDA:1812,296,1,0
BRDA:1813,297,0,0
BRDA:1813,297,1,0
BRDA:1818,298,0,0
BRDA:1818,298,1,0
BRDA:1819,299,0,0
BRDA:1819,299,1,0
BRDA:1820,300,0,0
BRDA:1820,300,1,0
BRDA:1822,301,0,0
BRDA:1822,301,1,0
BRDA:1823,302,0,0
BRDA:1823,302,1,0
BRDA:1828,303,0,0
BRDA:1828,303,1,0
BRDA:1828,304,0,0
BRDA:1828,304,1,0
BRDA:1830,305,0,0
BRDA:1830,305,1,0
BRDA:1840,306,0,0
BRDA:1840,306,1,0
BRDA:1846,307,0,0
BRDA:1846,307,1,0
BRDA:1856,308,0,0
BRDA:1856,308,1,0
BRDA:1857,309,0,0
BRDA:1857,309,1,0
BRDA:1859,310,0,0
BRDA:1859,310,1,0
BRDA:1863,311,0,0
BRDA:1863,311,1,0
BRDA:1863,312,0,0
BRDA:1863,312,1,0
BRDA:1864,313,0,0
BRDA:1864,313,1,0
BRDA:1870,314,0,0
BRDA:1870,314,1,0
BRDA:1902,315,0,0
BRDA:1902,316,0,0
BRDA:1904,317,0,0
BRDA:1904,317,1,0
BRDA:1909,318,0,0
BRDA:1909,318,1,0
BRDA:1922,319,0,0
BRDA:1922,319,1,0
BRDA:1939,320,0,0
BRDA:1939,320,1,0
BRDA:1944,321,0,0
BRDA:1944,321,1,0
BRDA:1952,322,0,0
BRDA:1952,322,1,0
BRDA:1952,323,0,0
BRDA:1952,323,1,0
BRDA:1952,323,2,0
BRDA:1957,324,0,0
BRDA:1957,324,1,0
BRDA:1957,325,0,0
BRDA:1957,325,1,0
BRDA:1962,326,0,0
BRDA:1962,326,1,0
BRDA:1973,327,0,0
BRDA:1973,327,1,0
BRDA:1973,328,0,0
BRDA:1973,328,1,0
BRDA:1974,329,0,0
BRDA:1974,329,1,0
BRDA:1981,330,0,0
BRDA:1981,330,1,0
BRDA:1983,331,0,0
BRDA:1983,331,1,0
BRDA:2056,332,0,0
BRDA:2059,333,0,0
BRDA:2059,333,1,0
BRDA:2059,334,0,0
BRDA:2059,334,1,0
BRDA:2063,335,0,0
BRDA:2063,335,1,0
BRDA:2070,336,0,0
BRDA:2070,336,1,0
BRDA:2070,337,0,0
BRDA:2070,337,1,0
BRDA:2077,338,0,0
BRDA:2077,338,1,0
BRDA:2080,339,0,0
BRDA:2080,339,1,0
BRDA:2102,340,0,0
BRDA:2108,341,0,0
BRDA:2108,341,1,0
BRDA:2113,342,0,0
BRDA:2113,342,1,0
BRDA:2117,343,0,0
BRDA:2117,343,1,0
BRDA:2142,344,0,0
BRDA:2142,344,1,0
BRDA:2142,345,0,0
BRDA:2142,345,1,0
BRDA:2145,346,0,0
BRDA:2145,346,1,0
BRDA:2145,347,0,0
BRDA:2145,347,1,0
BRDA:2161,348,0,0
BRDA:2161,348,1,0
BRDA:2242,349,0,0
BRDA:2245,350,0,0
BRDA:2245,350,1,0
BRDA:2245,351,0,0
BRDA:2245,351,1,0
BRDA:2249,352,0,0
BRDA:2249,352,1,0
BRDA:2256,353,0,0
BRDA:2256,353,1,0
BRDA:2256,354,0,0
BRDA:2256,354,1,0
BRDA:2263,355,0,0
BRDA:2263,355,1,0
BRDA:2266,356,0,0
BRDA:2266,356,1,0
BRDA:2288,357,0,0
BRDA:2294,358,0,0
BRDA:2294,358,1,0
BRDA:2299,359,0,0
BRDA:2299,359,1,0
BRDA:2303,360,0,0
BRDA:2303,360,1,0
BRDA:2332,361,0,0
BRDA:2332,361,1,0
BRDA:2332,362,0,0
BRDA:2332,362,1,0
BRDA:2335,363,0,0
BRDA:2335,363,1,0
BRDA:2335,364,0,0
BRDA:2335,364,1,0
BRDA:2350,365,0,0
BRDA:2350,365,1,0
BRDA:2442,366,0,0
BRDA:2445,367,0,0
BRDA:2445,367,1,0
BRDA:2445,368,0,0
BRDA:2445,368,1,0
BRDA:2449,369,0,0
BRDA:2449,369,1,0
BRDA:2456,370,0,0
BRDA:2456,370,1,0
BRDA:2456,371,0,0
BRDA:2456,371,1,0
BRDA:2463,372,0,0
BRDA:2463,372,1,0
BRDA:2466,373,0,0
BRDA:2466,373,1,0
BRDA:2488,374,0,0
BRDA:2494,375,0,0
BRDA:2494,375,1,0
BRDA:2499,376,0,0
BRDA:2499,376,1,0
BRDA:2503,377,0,0
BRDA:2503,377,1,0
BRDA:2532,378,0,0
BRDA:2532,378,1,0
BRDA:2532,379,0,0
BRDA:2532,379,1,0
BRDA:2535,380,0,0
BRDA:2535,380,1,0
BRDA:2535,381,0,0
BRDA:2535,381,1,0
BRDA:2549,382,0,0
BRDA:2549,382,1,0
BRDA:2559,383,0,0
BRDA:2572,384,0,0
BRDA:2585,385,0,0
BRDA:2598,386,0,0
BRDA:2602,387,0,0
BRDA:2602,387,1,0
BRDA:2606,388,0,0
BRDA:2606,388,1,0
BRDA:2624,389,0,0
BRDA:2624,389,1,0
BRDA:2624,390,0,0
BRDA:2624,390,1,0
BRDA:2625,391,0,0
BRDA:2625,391,1,0
BRDA:2627,392,0,0
BRDA:2627,392,1,0
BRDA:2628,393,0,0
BRDA:2628,393,1,0
BRDA:2631,394,0,0
BRDA:2631,394,1,0
BRDA:2643,395,0,0
BRDA:2643,395,1,0
BRDA:2651,396,0,0
BRDA:2651,396,1,0
BRDA:2661,397,0,0
BRDA:2661,397,1,0
BRDA:2665,398,0,0
BRDA:2665,398,1,0
BRDA:2668,399,0,0
BRDA:2668,399,1,0
BRDA:2669,400,0,0
BRDA:2669,400,1,0
BRDA:2671,401,0,0
BRDA:2671,401,1,0
BRDA:2672,402,0,0
BRDA:2672,402,1,0
BRDA:2679,403,0,0
BRDA:2679,403,1,0
BRDA:2702,404,0,0
BRDA:2706,405,0,0
BRDA:2706,405,1,0
BRDA:2710,406,0,0
BRDA:2710,406,1,0
BRDA:2728,407,0,0
BRDA:2728,407,1,0
BRDA:2728,408,0,0
BRDA:2728,408,1,0
BRDA:2729,409,0,0
BRDA:2729,409,1,0
BRDA:2731,410,0,0
BRDA:2731,410,1,0
BRDA:2732,411,0,0
BRDA:2732,411,1,0
BRDA:2735,412,0,0
BRDA:2735,412,1,0
BRDA:2747,413,0,0
BRDA:2747,413,1,0
BRDA:2755,414,0,0
BRDA:2755,414,1,0
BRDA:2765,415,0,0
BRDA:2765,415,1,0
BRDA:2769,416,0,0
BRDA:2769,416,1,0
BRDA:2772,417,0,0
BRDA:2772,417,1,0
BRDA:2773,418,0,0
BRDA:2773,418,1,0
BRDA:2775,419,0,0
BRDA:2775,419,1,0
BRDA:2776,420,0,0
BRDA:2776,420,1,0
BRDA:2783,421,0,0
BRDA:2783,421,1,0
BRDA:2806,422,0,0
BRDA:2810,423,0,0
BRDA:2810,423,1,0
BRDA:2814,424,0,0
BRDA:2814,424,1,0
BRDA:2832,425,0,0
BRDA:2832,425,1,0
BRDA:2832,426,0,0
BRDA:2832,426,1,0
BRDA:2833,427,0,0
BRDA:2833,427,1,0
BRDA:2835,428,0,0
BRDA:2835,428,1,0
BRDA:2836,429,0,0
BRDA:2836,429,1,0
BRDA:2839,430,0,0
BRDA:2839,430,1,0
BRDA:2851,431,0,0
BRDA:2851,431,1,0
BRDA:2859,432,0,0
BRDA:2859,432,1,0
BRDA:2869,433,0,0
BRDA:2869,433,1,0
BRDA:2873,434,0,0
BRDA:2873,434,1,0
BRDA:2876,435,0,0
BRDA:2876,435,1,0
BRDA:2877,436,0,0
BRDA:2877,436,1,0
BRDA:2879,437,0,0
BRDA:2879,437,1,0
BRDA:2880,438,0,0
BRDA:2880,438,1,0
BRDA:2887,439,0,0
BRDA:2887,439,1,0
BRDA:2910,440,0,0
BRDA:2910,441,0,0
BRDA:2910,442,0,0
BRDA:2912,443,0,0
BRDA:2955,444,0,0
BRDA:2955,444,1,0
BRDA:3028,445,0,0
BRDA:3028,445,1,0
BRDA:3043,446,0,0
BRDA:3043,446,1,0
BRDA:3051,447,0,0
BRDA:3051,447,1,0
BRDA:3075,448,0,0
BRDA:3082,449,0,0
BRDA:3082,449,1,0
BRDA:3092,450,0,0
BRDA:3092,450,1,0
BRDA:3096,451,0,0
BRDA:3096,451,1,0
BRDA:3108,452,0,0
BRDA:3108,452,1,0
BRDA:3108,453,0,0
BRDA:3108,453,1,0
BRDA:3108,453,2,0
BRDA:3114,454,0,0
BRDA:3114,454,1,0
BRDA:3152,455,0,0
BRDA:3152,455,1,0
BRDA:3167,456,0,0
BRDA:3167,456,1,0
BRDA:3311,457,0,0
BRDA:3311,457,1,0
BRDA:3314,458,0,0
BRDA:3314,458,1,0
BRDA:3317,459,0,0
BRDA:3317,459,1,0
BRDA:3326,460,0,0
BRDA:3326,460,1,0
BRDA:3330,461,0,0
BRDA:3330,461,1,0
BRDA:3338,462,0,0
BRDA:3339,463,0,0
BRDA:3339,463,1,0
BRDA:3343,464,0,0
BRDA:3345,465,0,0
BRDA:3345,465,1,0
BRDA:3346,466,0,0
BRDA:3346,466,1,0
BRDA:3348,467,0,0
BRDA:3348,467,1,0
BRDA:3355,468,0,0
BRDA:3355,468,1,0
BRDA:3355,468,2,0
BRDA:3355,468,3,0
BRDA:3362,469,0,0
BRDA:3365,470,0,0
BRDA:3365,470,1,0
BRDA:3369,471,0,0
BRDA:3369,471,1,0
BRDA:3369,471,2,0
BRDA:3370,472,0,0
BRDA:3370,472,1,0
BRDA:3374,473,0,0
BRDA:3374,473,1,0
BRDA:3374,473,2,0
BRDA:3377,474,0,0
BRDA:3377,474,1,0
BRDA:3377,475,0,0
BRDA:3377,475,1,0
BRDA:3381,476,0,0
BRDA:3381,476,1,0
BRDA:3384,477,0,0
BRDA:3384,477,1,0
BRDA:3387,478,0,0
BRDA:3387,478,1,0
BRDA:3391,479,0,0
BRDA:3391,479,1,0
BRDA:3391,479,2,0
BRDA:3395,480,0,0
BRDA:3419,481,0,0
BRDA:3419,481,1,0
BRDA:3419,482,0,0
BRDA:3419,482,1,0
BRDA:3433,483,0,0
BRDA:3433,483,1,0
BRDA:3433,484,0,0
BRDA:3433,484,1,0
BRDA:3444,485,0,0
BRDA:3444,485,1,0
BRDA:3446,486,0,0
BRDA:3446,486,1,0
BRDA:3450,487,0,0
BRDA:3450,487,1,0
BRDA:3458,488,0,0
BRDA:3458,488,1,0
BRDA:3460,489,0,0
BRDA:3460,489,1,0
BRDA:3464,490,0,0
BRDA:3464,490,1,0
BRDA:3476,491,0,0
BRDA:3476,491,1,0
BRDA:3477,492,0,0
BRDA:3477,492,1,0
BRDA:3484,493,0,0
BRDA:3484,493,1,0
BRDA:3485,494,0,0
BRDA:3485,494,1,0
BRDA:3493,495,0,0
BRDA:3493,495,1,0
BRDA:3496,496,0,0
BRDA:3496,496,1,0
BRDA:3509,497,0,0
BRDA:3509,497,1,0
BRDA:3509,498,0,0
BRDA:3509,498,1,0
BRDA:3509,498,2,0
BRDA:3509,498,3,0
BRDA:3509,498,4,0
BRDA:3509,498,5,0
BRDA:3512,499,0,0
BRDA:3512,499,1,0
BRDA:3513,500,0,0
BRDA:3513,500,1,0
BRDA:3515,501,0,0
BRDA:3515,501,1,0
BRDA:3521,502,0,0
BRDA:3521,502,1,0
BRDA:3522,503,0,0
BRDA:3522,503,1,0
BRDA:3524,504,0,0
BRDA:3524,504,1,0
BRDA:3532,505,0,0
BRDA:3532,505,1,0
BRDA:3533,506,0,0
BRDA:3533,506,1,0
BRDA:3539,507,0,0
BRDA:3539,507,1,0
BRDA:3540,508,0,0
BRDA:3540,508,1,0
BRDA:3548,509,0,0
BRDA:3548,509,1,0
BRDA:3550,510,0,0
BRDA:3550,510,1,0
BRDA:3576,511,0,0
BRDA:3576,511,1,0
BRDA:3576,512,0,0
BRDA:3576,512,1,0
BRDA:3583,513,0,0
BRDA:3583,513,1,0
BRDA:3583,514,0,0
BRDA:3583,514,1,0
BRDA:3604,515,0,0
BRDA:3604,515,1,0
BRDA:3604,516,0,0
BRDA:3604,516,1,0
BRDA:3607,517,0,0
BRDA:3607,517,1,0
BRDA:3607,518,0,0
BRDA:3607,518,1,0
BRDA:3612,519,0,0
BRDA:3612,519,1,0
BRDA:3612,519,2,0
BRDA:3612,519,3,0
BRDA:3612,519,4,0
BRDA:3612,519,5,0
BRDA:3616,520,0,0
BRDA:3616,520,1,0
BRDA:3618,521,0,0
BRDA:3618,521,1,0
BRDA:3627,522,0,0
BRDA:3627,522,1,0
BRDA:3627,523,0,0
BRDA:3627,523,1,0
BRDA:3639,524,0,0
BRDA:3639,524,1,0
BRDA:3639,525,0,0
BRDA:3639,525,1,0
BRDA:3639,525,2,0
BRDA:3639,525,3,0
BRDA:3643,526,0,0
BRDA:3643,526,1,0
BRDA:3649,527,0,0
BRDA:3649,527,1,0
BRDA:3655,528,0,0
BRDA:3655,528,1,0
BRDA:3661,529,0,0
BRDA:3661,529,1,0
BRDA:3664,530,0,0
BRDA:3664,530,1,0
BRDA:3665,531,0,0
BRDA:3665,531,1,0
BRDA:3671,532,0,0
BRDA:3671,532,1,0
BRDA:3686,533,0,0
BRDA:3686,533,1,0
BRDA:3688,534,0,0
BRDA:3688,534,1,0
BRDA:3690,535,0,0
BRDA:3690,535,1,0
BRDA:3699,536,0,0
BRDA:3699,536,1,0
BRDA:3708,537,0,0
BRDA:3708,537,1,0
BRDA:3710,538,0,0
BRDA:3710,538,1,0
BRDA:3734,539,0,0
BRDA:3734,539,1,0
BRDA:3734,540,0,0
BRDA:3734,540,1,0
BRDA:3734,540,2,0
BRDA:3734,540,3,0
BRDA:3741,541,0,0
BRDA:3741,541,1,0
BRDA:3741,542,0,0
BRDA:3741,542,1,0
BRDA:3741,542,2,0
BRDA:3741,542,3,0
BRDA:3741,542,4,0
BRDA:3741,542,5,0
BRDA:3741,542,6,0
BRDA:3741,542,7,0
BRDA:3746,543,0,0
BRDA:3746,543,1,0
BRDA:3746,544,0,0
BRDA:3746,544,1,0
BRDA:3749,545,0,0
BRDA:3749,545,1,0
BRDA:3749,546,0,0
BRDA:3749,546,1,0
BRDA:3752,547,0,0
BRDA:3752,547,1,0
BRDA:3752,548,0,0
BRDA:3752,548,1,0
BRDA:3755,549,0,0
BRDA:3755,549,1,0
BRDA:3755,550,0,0
BRDA:3755,550,1,0
BRDA:3766,551,0,0
BRDA:3766,551,1,0
BRDA:3775,552,0,0
BRDA:3775,552,1,0
BRDA:3779,553,0,0
BRDA:3779,553,1,0
BRDA:3782,554,0,0
BRDA:3782,554,1,0
BRDA:3785,555,0,0
BRDA:3785,555,1,0
BRDA:3788,556,0,0
BRDA:3788,556,1,0
BRDA:3791,557,0,0
BRDA:3791,557,1,0
BRDA:3806,558,0,0
BRDA:3806,558,1,0
BRDA:3810,559,0,0
BRDA:3810,559,1,0
BRDA:3814,560,0,0
BRDA:3814,560,1,0
BRDA:3819,561,0,0
BRDA:3819,561,1,0
BRDA:3827,562,0,0
BRDA:3827,562,1,0
BRDA:3838,563,0,0
BRDA:3838,563,1,0
BRDA:3846,564,0,0
BRDA:3846,564,1,0
BRDA:3859,565,0,0
BRDA:3859,565,1,0
BRDA:3864,566,0,0
BRDA:3864,566,1,0
BRDA:3869,567,0,0
BRDA:3869,567,1,0
BRDA:3877,568,0,0
BRDA:3877,568,1,0
BRDA:3888,569,0,0
BRDA:3888,569,1,0
BRDA:3896,570,0,0
BRDA:3896,570,1,0
BRDA:3926,571,0,0
BRDA:3926,571,1,0
BRDA:3927,572,0,0
BRDA:3927,572,1,0
BRDA:3933,573,0,0
BRDA:3933,573,1,0
BRDA:3933,574,0,0
BRDA:3933,574,1,0
BRDA:3949,575,0,0
BRDA:3949,575,1,0
BRDA:3949,575,2,0
BRDA:3949,576,0,0
BRDA:3949,576,1,0
BRDA:3949,576,2,0
BRDA:3959,577,0,0
BRDA:3959,577,1,0
BRDA:3960,578,0,0
BRDA:3960,578,1,0
BRF:1143
BRH:19
end_of_record
